2021-12-11 14:13:07 ERROR UserDao:205 - User validation failed- mgtndl.upasanaj@aicofindia.com

2021-12-11 14:13:07 ERROR LoginController:99 - Invalid user- mgtndl.upasanaj@aicofindia.com

2021-12-11 15:38:33 ERROR UserDao:88 - java.sql.SQLTransientConnectionException: HikariPool-2 - Connection is not available, request timed out after 10013ms.

java.lang.Thread.getStackTrace(Unknown Source)
com.model.dao.UserDao.obtainSalt(UserDao.java:85)
com.dao.Service.UserDaoService.isuservalid(UserDaoService.java:10)
com.controllers.servlet.LoginController.doPost(LoginController.java:66)
javax.servlet.http.HttpServlet.service(HttpServlet.java:652)
javax.servlet.http.HttpServlet.service(HttpServlet.java:733)
org.apache.catalina.core.ApplicationFilterChain.internalDoFilter(ApplicationFilterChain.java:231)
org.apache.catalina.core.ApplicationFilterChain.doFilter(ApplicationFilterChain.java:166)
org.apache.tomcat.websocket.server.WsFilter.doFilter(WsFilter.java:53)
org.apache.catalina.core.ApplicationFilterChain.internalDoFilter(ApplicationFilterChain.java:193)
org.apache.catalina.core.ApplicationFilterChain.doFilter(ApplicationFilterChain.java:166)
org.apache.catalina.core.StandardWrapperValve.invoke(StandardWrapperValve.java:202)
org.apache.catalina.core.StandardContextValve.invoke(StandardContextValve.java:97)
org.apache.catalina.authenticator.AuthenticatorBase.invoke(AuthenticatorBase.java:542)
org.apache.catalina.core.StandardHostValve.invoke(StandardHostValve.java:143)
org.apache.catalina.valves.ErrorReportValve.invoke(ErrorReportValve.java:92)
org.apache.catalina.valves.AbstractAccessLogValve.invoke(AbstractAccessLogValve.java:690)
org.apache.catalina.core.StandardEngineValve.invoke(StandardEngineValve.java:78)
org.apache.catalina.connector.CoyoteAdapter.service(CoyoteAdapter.java:343)
org.apache.coyote.http11.Http11Processor.service(Http11Processor.java:374)
org.apache.coyote.AbstractProcessorLight.process(AbstractProcessorLight.java:65)
org.apache.coyote.AbstractProtocol$ConnectionHandler.process(AbstractProtocol.java:888)
org.apache.tomcat.util.net.NioEndpoint$SocketProcessor.doRun(NioEndpoint.java:1597)
org.apache.tomcat.util.net.SocketProcessorBase.run(SocketProcessorBase.java:49)
java.util.concurrent.ThreadPoolExecutor.runWorker(Unknown Source)
java.util.concurrent.ThreadPoolExecutor$Worker.run(Unknown Source)
org.apache.tomcat.util.threads.TaskThread$WrappingRunnable.run(TaskThread.java:61)
java.lang.Thread.run(Unknown Source)

2021-12-11 15:38:43 ERROR UserDao:209 - java.sql.SQLTransientConnectionException: HikariPool-2 - Connection is not available, request timed out after 10011ms.

2021-12-11 15:38:43 ERROR UserDao:218 - java.sql.SQLTransientConnectionException: HikariPool-2 - Connection is not available, request timed out after 10011ms.

java.lang.Thread.getStackTrace(Unknown Source)
com.model.dao.UserDao.ValidateUser(UserDao.java:215)
com.dao.Service.UserDaoService.isuservalid(UserDaoService.java:10)
com.controllers.servlet.LoginController.doPost(LoginController.java:66)
javax.servlet.http.HttpServlet.service(HttpServlet.java:652)
javax.servlet.http.HttpServlet.service(HttpServlet.java:733)
org.apache.catalina.core.ApplicationFilterChain.internalDoFilter(ApplicationFilterChain.java:231)
org.apache.catalina.core.ApplicationFilterChain.doFilter(ApplicationFilterChain.java:166)
org.apache.tomcat.websocket.server.WsFilter.doFilter(WsFilter.java:53)
org.apache.catalina.core.ApplicationFilterChain.internalDoFilter(ApplicationFilterChain.java:193)
org.apache.catalina.core.ApplicationFilterChain.doFilter(ApplicationFilterChain.java:166)
org.apache.catalina.core.StandardWrapperValve.invoke(StandardWrapperValve.java:202)
org.apache.catalina.core.StandardContextValve.invoke(StandardContextValve.java:97)
org.apache.catalina.authenticator.AuthenticatorBase.invoke(AuthenticatorBase.java:542)
org.apache.catalina.core.StandardHostValve.invoke(StandardHostValve.java:143)
org.apache.catalina.valves.ErrorReportValve.invoke(ErrorReportValve.java:92)
org.apache.catalina.valves.AbstractAccessLogValve.invoke(AbstractAccessLogValve.java:690)
org.apache.catalina.core.StandardEngineValve.invoke(StandardEngineValve.java:78)
org.apache.catalina.connector.CoyoteAdapter.service(CoyoteAdapter.java:343)
org.apache.coyote.http11.Http11Processor.service(Http11Processor.java:374)
org.apache.coyote.AbstractProcessorLight.process(AbstractProcessorLight.java:65)
org.apache.coyote.AbstractProtocol$ConnectionHandler.process(AbstractProtocol.java:888)
org.apache.tomcat.util.net.NioEndpoint$SocketProcessor.doRun(NioEndpoint.java:1597)
org.apache.tomcat.util.net.SocketProcessorBase.run(SocketProcessorBase.java:49)
java.util.concurrent.ThreadPoolExecutor.runWorker(Unknown Source)
java.util.concurrent.ThreadPoolExecutor$Worker.run(Unknown Source)
org.apache.tomcat.util.threads.TaskThread$WrappingRunnable.run(TaskThread.java:61)
java.lang.Thread.run(Unknown Source)

2021-12-11 15:44:37 ERROR UserDao:88 - java.sql.SQLTransientConnectionException: HikariPool-2 - Connection is not available, request timed out after 10003ms.

java.lang.Thread.getStackTrace(Unknown Source)
com.model.dao.UserDao.obtainSalt(UserDao.java:85)
com.dao.Service.UserDaoService.isuservalid(UserDaoService.java:10)
com.controllers.servlet.LoginController.doPost(LoginController.java:66)
javax.servlet.http.HttpServlet.service(HttpServlet.java:652)
javax.servlet.http.HttpServlet.service(HttpServlet.java:733)
org.apache.catalina.core.ApplicationFilterChain.internalDoFilter(ApplicationFilterChain.java:231)
org.apache.catalina.core.ApplicationFilterChain.doFilter(ApplicationFilterChain.java:166)
org.apache.tomcat.websocket.server.WsFilter.doFilter(WsFilter.java:53)
org.apache.catalina.core.ApplicationFilterChain.internalDoFilter(ApplicationFilterChain.java:193)
org.apache.catalina.core.ApplicationFilterChain.doFilter(ApplicationFilterChain.java:166)
org.apache.catalina.core.StandardWrapperValve.invoke(StandardWrapperValve.java:202)
org.apache.catalina.core.StandardContextValve.invoke(StandardContextValve.java:97)
org.apache.catalina.authenticator.AuthenticatorBase.invoke(AuthenticatorBase.java:542)
org.apache.catalina.core.StandardHostValve.invoke(StandardHostValve.java:143)
org.apache.catalina.valves.ErrorReportValve.invoke(ErrorReportValve.java:92)
org.apache.catalina.valves.AbstractAccessLogValve.invoke(AbstractAccessLogValve.java:690)
org.apache.catalina.core.StandardEngineValve.invoke(StandardEngineValve.java:78)
org.apache.catalina.connector.CoyoteAdapter.service(CoyoteAdapter.java:343)
org.apache.coyote.http11.Http11Processor.service(Http11Processor.java:374)
org.apache.coyote.AbstractProcessorLight.process(AbstractProcessorLight.java:65)
org.apache.coyote.AbstractProtocol$ConnectionHandler.process(AbstractProtocol.java:888)
org.apache.tomcat.util.net.NioEndpoint$SocketProcessor.doRun(NioEndpoint.java:1597)
org.apache.tomcat.util.net.SocketProcessorBase.run(SocketProcessorBase.java:49)
java.util.concurrent.ThreadPoolExecutor.runWorker(Unknown Source)
java.util.concurrent.ThreadPoolExecutor$Worker.run(Unknown Source)
org.apache.tomcat.util.threads.TaskThread$WrappingRunnable.run(TaskThread.java:61)
java.lang.Thread.run(Unknown Source)

2021-12-11 15:44:47 ERROR UserDao:209 - java.sql.SQLTransientConnectionException: HikariPool-2 - Connection is not available, request timed out after 10015ms.

2021-12-11 15:44:47 ERROR UserDao:218 - java.sql.SQLTransientConnectionException: HikariPool-2 - Connection is not available, request timed out after 10015ms.

java.lang.Thread.getStackTrace(Unknown Source)
com.model.dao.UserDao.ValidateUser(UserDao.java:215)
com.dao.Service.UserDaoService.isuservalid(UserDaoService.java:10)
com.controllers.servlet.LoginController.doPost(LoginController.java:66)
javax.servlet.http.HttpServlet.service(HttpServlet.java:652)
javax.servlet.http.HttpServlet.service(HttpServlet.java:733)
org.apache.catalina.core.ApplicationFilterChain.internalDoFilter(ApplicationFilterChain.java:231)
org.apache.catalina.core.ApplicationFilterChain.doFilter(ApplicationFilterChain.java:166)
org.apache.tomcat.websocket.server.WsFilter.doFilter(WsFilter.java:53)
org.apache.catalina.core.ApplicationFilterChain.internalDoFilter(ApplicationFilterChain.java:193)
org.apache.catalina.core.ApplicationFilterChain.doFilter(ApplicationFilterChain.java:166)
org.apache.catalina.core.StandardWrapperValve.invoke(StandardWrapperValve.java:202)
org.apache.catalina.core.StandardContextValve.invoke(StandardContextValve.java:97)
org.apache.catalina.authenticator.AuthenticatorBase.invoke(AuthenticatorBase.java:542)
org.apache.catalina.core.StandardHostValve.invoke(StandardHostValve.java:143)
org.apache.catalina.valves.ErrorReportValve.invoke(ErrorReportValve.java:92)
org.apache.catalina.valves.AbstractAccessLogValve.invoke(AbstractAccessLogValve.java:690)
org.apache.catalina.core.StandardEngineValve.invoke(StandardEngineValve.java:78)
org.apache.catalina.connector.CoyoteAdapter.service(CoyoteAdapter.java:343)
org.apache.coyote.http11.Http11Processor.service(Http11Processor.java:374)
org.apache.coyote.AbstractProcessorLight.process(AbstractProcessorLight.java:65)
org.apache.coyote.AbstractProtocol$ConnectionHandler.process(AbstractProtocol.java:888)
org.apache.tomcat.util.net.NioEndpoint$SocketProcessor.doRun(NioEndpoint.java:1597)
org.apache.tomcat.util.net.SocketProcessorBase.run(SocketProcessorBase.java:49)
java.util.concurrent.ThreadPoolExecutor.runWorker(Unknown Source)
java.util.concurrent.ThreadPoolExecutor$Worker.run(Unknown Source)
org.apache.tomcat.util.threads.TaskThread$WrappingRunnable.run(TaskThread.java:61)
java.lang.Thread.run(Unknown Source)

