2021-12-31 15:35:00 INFO  DBUtil:127 -  the config values are  jdbc:mysql://localhost:3306/dmdatabaserootAicnet@123

2021-12-31 15:35:02 INFO  DBUtil:127 -  the config values are jdbc:mysql://localhost:3306/dmdatabaserootAicnet@123

2021-12-31 15:35:07 INFO  DBUtil:114 -  the config values are  jdbc:mysql://localhost:3306/wfmsrootAicnet@123

2021-12-31 15:35:07 INFO  DBUtil:119 -  the config values are  jdbc:mysql://localhost:3306/weatherrootAicnet@123

2021-12-31 15:35:07 INFO  DBUtil:119 -  the config values are jdbc:mysql://localhost:3306/weatherrootAicnet@123

2021-12-31 15:35:07 INFO  UserDao:202 - User Validation successfull- prateekm@aicofindia.com

2021-12-31 15:35:07 INFO  DBUtil:114 -  the config values are jdbc:mysql://localhost:3306/wfmsrootAicnet@123

2021-12-31 15:35:07 INFO  LoginController:84 - Login successfull- prateekm@aicofindia.com

2021-12-31 15:35:07 INFO  LoginController:85 - Login successfull- prateekm@aicofindia.com

2021-12-31 15:35:07 INFO  LoginFilter:56 - username- prateekm@aicofindia.com

2021-12-31 15:35:07 INFO  LoginFilter:56 - username- prateekm@aicofindia.com

2021-12-31 15:35:07 INFO  LoginFilter:56 - username- prateekm@aicofindia.com

2021-12-31 15:35:07 INFO  LoginFilter:56 - username- prateekm@aicofindia.com

2021-12-31 15:35:07 INFO  LoginFilter:56 - username- prateekm@aicofindia.com

2021-12-31 15:35:07 INFO  LoginFilter:56 - username- prateekm@aicofindia.com

2021-12-31 15:35:07 INFO  LoginFilter:56 - username- prateekm@aicofindia.com

2021-12-31 15:35:07 INFO  LoginFilter:56 - username- prateekm@aicofindia.com

2021-12-31 15:35:07 INFO  LoginFilter:56 - username- prateekm@aicofindia.com

2021-12-31 15:35:07 INFO  LoginFilter:56 - username- prateekm@aicofindia.com

2021-12-31 15:35:07 INFO  LoginFilter:56 - username- prateekm@aicofindia.com

2021-12-31 15:35:07 INFO  LoginFilter:56 - username- prateekm@aicofindia.com

2021-12-31 15:35:07 INFO  LoginFilter:56 - username- prateekm@aicofindia.com

2021-12-31 15:35:07 INFO  LoginFilter:56 - username- prateekm@aicofindia.com

2021-12-31 15:35:07 INFO  LoginFilter:56 - username- prateekm@aicofindia.com

2021-12-31 15:35:07 INFO  LoginFilter:56 - username- prateekm@aicofindia.com

2021-12-31 15:35:07 INFO  LoginFilter:56 - username- prateekm@aicofindia.com

2021-12-31 15:35:07 INFO  LoginFilter:56 - username- prateekm@aicofindia.com

2021-12-31 15:35:07 INFO  LoginFilter:56 - username- prateekm@aicofindia.com

2021-12-31 15:35:07 INFO  LoginFilter:56 - username- prateekm@aicofindia.com

2021-12-31 15:35:07 INFO  LoginFilter:56 - username- prateekm@aicofindia.com

2021-12-31 15:35:07 INFO  LoginFilter:56 - username- prateekm@aicofindia.com

2021-12-31 15:35:07 INFO  LoginFilter:56 - username- prateekm@aicofindia.com

2021-12-31 15:35:07 INFO  LoginFilter:56 - username- prateekm@aicofindia.com

2021-12-31 15:35:07 INFO  LoginFilter:56 - username- prateekm@aicofindia.com

2021-12-31 15:35:07 INFO  LoginFilter:56 - username- prateekm@aicofindia.com

2021-12-31 15:35:07 INFO  LoginFilter:56 - username- prateekm@aicofindia.com

2021-12-31 15:35:07 INFO  LoginFilter:56 - username- prateekm@aicofindia.com

2021-12-31 15:35:07 INFO  LoginFilter:56 - username- prateekm@aicofindia.com

2021-12-31 15:35:07 INFO  LoginFilter:56 - username- prateekm@aicofindia.com

2021-12-31 15:35:07 INFO  LoginFilter:56 - username- prateekm@aicofindia.com

2021-12-31 15:35:07 INFO  LoginFilter:56 - username- prateekm@aicofindia.com

2021-12-31 15:35:07 INFO  LoginFilter:56 - username- prateekm@aicofindia.com

2021-12-31 15:35:07 INFO  LoginFilter:56 - username- prateekm@aicofindia.com

2021-12-31 15:35:07 INFO  LoginFilter:56 - username- prateekm@aicofindia.com

2021-12-31 15:35:07 INFO  LoginFilter:56 - username- prateekm@aicofindia.com

2021-12-31 15:35:07 INFO  LoginFilter:56 - username- prateekm@aicofindia.com

2021-12-31 15:35:07 INFO  LoginFilter:56 - username- prateekm@aicofindia.com

2021-12-31 15:35:07 INFO  LoginFilter:56 - username- prateekm@aicofindia.com

2021-12-31 15:35:07 INFO  LoginFilter:56 - username- prateekm@aicofindia.com

2021-12-31 15:35:07 INFO  LoginFilter:56 - username- prateekm@aicofindia.com

2021-12-31 15:35:07 INFO  LoginFilter:56 - username- prateekm@aicofindia.com

2021-12-31 15:35:07 INFO  LoginFilter:56 - username- prateekm@aicofindia.com

2021-12-31 15:35:07 INFO  LoginFilter:56 - username- prateekm@aicofindia.com

2021-12-31 15:35:07 INFO  LoginFilter:56 - username- prateekm@aicofindia.com

2021-12-31 15:35:07 INFO  LoginFilter:56 - username- prateekm@aicofindia.com

2021-12-31 15:35:09 INFO  LoginFilter:56 - username- prateekm@aicofindia.com

2021-12-31 15:35:09 INFO  LoginFilter:56 - username- prateekm@aicofindia.com

2021-12-31 15:35:09 INFO  LoginFilter:56 - username- prateekm@aicofindia.com

2021-12-31 15:35:09 INFO  LoginFilter:56 - username- prateekm@aicofindia.com

2021-12-31 15:35:09 INFO  LoginFilter:56 - username- prateekm@aicofindia.com

2021-12-31 15:35:09 INFO  LoginFilter:56 - username- prateekm@aicofindia.com

2021-12-31 15:35:09 INFO  LoginFilter:56 - username- prateekm@aicofindia.com

2021-12-31 15:35:09 INFO  LoginFilter:56 - username- prateekm@aicofindia.com

2021-12-31 15:35:09 INFO  LoginFilter:56 - username- prateekm@aicofindia.com

2021-12-31 15:35:09 INFO  LoginFilter:56 - username- prateekm@aicofindia.com

2021-12-31 15:35:09 INFO  LoginFilter:56 - username- prateekm@aicofindia.com

2021-12-31 15:35:09 INFO  LoginFilter:56 - username- prateekm@aicofindia.com

2021-12-31 15:35:09 INFO  LoginFilter:56 - username- prateekm@aicofindia.com

2021-12-31 15:35:09 INFO  LoginFilter:56 - username- prateekm@aicofindia.com

2021-12-31 15:35:09 INFO  LoginFilter:56 - username- prateekm@aicofindia.com

2021-12-31 15:35:09 INFO  LoginFilter:56 - username- prateekm@aicofindia.com

2021-12-31 15:35:09 INFO  LoginFilter:56 - username- prateekm@aicofindia.com

2021-12-31 15:35:09 INFO  LoginFilter:56 - username- prateekm@aicofindia.com

2021-12-31 15:35:09 INFO  LoginFilter:56 - username- prateekm@aicofindia.com

2021-12-31 15:35:09 INFO  LoginFilter:56 - username- prateekm@aicofindia.com

2021-12-31 15:35:09 INFO  LoginFilter:56 - username- prateekm@aicofindia.com

2021-12-31 15:35:09 INFO  LoginFilter:56 - username- prateekm@aicofindia.com

2021-12-31 15:35:09 INFO  LoginFilter:56 - username- prateekm@aicofindia.com

2021-12-31 15:35:09 INFO  LoginFilter:56 - username- prateekm@aicofindia.com

2021-12-31 15:35:09 INFO  LoginFilter:56 - username- prateekm@aicofindia.com

2021-12-31 15:35:09 INFO  LoginFilter:56 - username- prateekm@aicofindia.com

2021-12-31 15:35:09 INFO  LoginFilter:56 - username- prateekm@aicofindia.com

2021-12-31 15:35:09 INFO  LoginFilter:56 - username- prateekm@aicofindia.com

2021-12-31 15:35:09 INFO  LoginFilter:56 - username- prateekm@aicofindia.com

2021-12-31 15:35:09 INFO  LoginFilter:56 - username- prateekm@aicofindia.com

2021-12-31 15:35:09 INFO  LoginFilter:56 - username- prateekm@aicofindia.com

2021-12-31 15:35:09 INFO  LoginFilter:56 - username- prateekm@aicofindia.com

2021-12-31 15:35:09 INFO  LoginFilter:56 - username- prateekm@aicofindia.com

2021-12-31 15:35:09 INFO  LoginFilter:56 - username- prateekm@aicofindia.com

2021-12-31 15:35:09 INFO  LoginFilter:56 - username- prateekm@aicofindia.com

2021-12-31 15:35:09 INFO  LoginFilter:56 - username- prateekm@aicofindia.com

2021-12-31 15:35:09 INFO  LoginFilter:56 - username- prateekm@aicofindia.com

2021-12-31 15:35:09 INFO  LoginFilter:56 - username- prateekm@aicofindia.com

2021-12-31 15:35:09 INFO  LoginFilter:56 - username- prateekm@aicofindia.com

2021-12-31 15:35:09 INFO  LoginFilter:56 - username- prateekm@aicofindia.com

2021-12-31 15:35:09 INFO  LoginFilter:56 - username- prateekm@aicofindia.com

2021-12-31 15:35:09 INFO  LoginFilter:56 - username- prateekm@aicofindia.com

2021-12-31 15:35:09 INFO  LoginFilter:56 - username- prateekm@aicofindia.com

2021-12-31 15:35:09 INFO  LoginFilter:56 - username- prateekm@aicofindia.com

2021-12-31 15:35:09 INFO  LoginFilter:56 - username- prateekm@aicofindia.com

2021-12-31 15:35:09 INFO  LoginFilter:56 - username- prateekm@aicofindia.com

2021-12-31 15:35:29 INFO  DBUtil:127 -  the config values are jdbc:mysql://localhost:3306/dmdatabaserootAicnet@123

2021-12-31 15:35:30 ERROR ViewDao:596 - java.lang.NullPointerException: Cannot invoke "java.io.FileOutputStream.close()" because "this.outputStream" is null

java.base/java.lang.Thread.getStackTrace(Thread.java:1596)
com.model.dao.ReportViewerDao.getReport(ReportViewerDao.java:593)
com.dao.Service.reportViewerService.getReport(reportViewerService.java:26)
com.controllers.servlet.ReportController.doPost(ReportController.java:124)
javax.servlet.http.HttpServlet.service(HttpServlet.java:652)
javax.servlet.http.HttpServlet.service(HttpServlet.java:733)
org.apache.catalina.core.ApplicationFilterChain.internalDoFilter(ApplicationFilterChain.java:231)
org.apache.catalina.core.ApplicationFilterChain.doFilter(ApplicationFilterChain.java:166)
org.apache.tomcat.websocket.server.WsFilter.doFilter(WsFilter.java:53)
org.apache.catalina.core.ApplicationFilterChain.internalDoFilter(ApplicationFilterChain.java:193)
org.apache.catalina.core.ApplicationFilterChain.doFilter(ApplicationFilterChain.java:166)
org.apache.catalina.core.StandardWrapperValve.invoke(StandardWrapperValve.java:202)
org.apache.catalina.core.StandardContextValve.invoke(StandardContextValve.java:97)
org.apache.catalina.authenticator.AuthenticatorBase.invoke(AuthenticatorBase.java:542)
org.apache.catalina.core.StandardHostValve.invoke(StandardHostValve.java:143)
org.apache.catalina.valves.ErrorReportValve.invoke(ErrorReportValve.java:92)
org.apache.catalina.valves.AbstractAccessLogValve.invoke(AbstractAccessLogValve.java:690)
org.apache.catalina.core.StandardEngineValve.invoke(StandardEngineValve.java:78)
org.apache.catalina.connector.CoyoteAdapter.service(CoyoteAdapter.java:343)
org.apache.coyote.http11.Http11Processor.service(Http11Processor.java:374)
org.apache.coyote.AbstractProcessorLight.process(AbstractProcessorLight.java:65)
org.apache.coyote.AbstractProtocol$ConnectionHandler.process(AbstractProtocol.java:888)
org.apache.tomcat.util.net.NioEndpoint$SocketProcessor.doRun(NioEndpoint.java:1597)
org.apache.tomcat.util.net.SocketProcessorBase.run(SocketProcessorBase.java:49)
java.base/java.util.concurrent.ThreadPoolExecutor.runWorker(ThreadPoolExecutor.java:1130)
java.base/java.util.concurrent.ThreadPoolExecutor$Worker.run(ThreadPoolExecutor.java:630)
org.apache.tomcat.util.threads.TaskThread$WrappingRunnable.run(TaskThread.java:61)
java.base/java.lang.Thread.run(Thread.java:831)

2021-12-31 15:43:50 INFO  DBUtil:127 -  the config values are  jdbc:mysql://localhost:3306/dmdatabaserootAicnet@123

2021-12-31 15:43:53 INFO  DBUtil:127 -  the config values are jdbc:mysql://localhost:3306/dmdatabaserootAicnet@123

2021-12-31 15:44:11 INFO  DBUtil:114 -  the config values are  jdbc:mysql://localhost:3306/wfmsrootAicnet@123

2021-12-31 15:44:11 INFO  DBUtil:119 -  the config values are  jdbc:mysql://localhost:3306/weatherrootAicnet@123

2021-12-31 15:44:11 INFO  DBUtil:119 -  the config values are jdbc:mysql://localhost:3306/weatherrootAicnet@123

2021-12-31 15:44:11 INFO  UserDao:202 - User Validation successfull- prateekm@aicofindia.com

2021-12-31 15:44:11 INFO  DBUtil:114 -  the config values are jdbc:mysql://localhost:3306/wfmsrootAicnet@123

2021-12-31 15:44:11 INFO  LoginController:84 - Login successfull- prateekm@aicofindia.com

2021-12-31 15:44:11 INFO  LoginController:85 - Login successfull- prateekm@aicofindia.com

2021-12-31 15:44:11 INFO  LoginFilter:56 - username- prateekm@aicofindia.com

2021-12-31 15:44:11 INFO  LoginFilter:56 - username- prateekm@aicofindia.com

2021-12-31 15:44:11 INFO  LoginFilter:56 - username- prateekm@aicofindia.com

2021-12-31 15:44:11 INFO  LoginFilter:56 - username- prateekm@aicofindia.com

2021-12-31 15:44:11 INFO  LoginFilter:56 - username- prateekm@aicofindia.com

2021-12-31 15:44:11 INFO  LoginFilter:56 - username- prateekm@aicofindia.com

2021-12-31 15:44:11 INFO  LoginFilter:56 - username- prateekm@aicofindia.com

2021-12-31 15:44:11 INFO  LoginFilter:56 - username- prateekm@aicofindia.com

2021-12-31 15:44:11 INFO  LoginFilter:56 - username- prateekm@aicofindia.com

2021-12-31 15:44:11 INFO  LoginFilter:56 - username- prateekm@aicofindia.com

2021-12-31 15:44:11 INFO  LoginFilter:56 - username- prateekm@aicofindia.com

2021-12-31 15:44:11 INFO  LoginFilter:56 - username- prateekm@aicofindia.com

2021-12-31 15:44:11 INFO  LoginFilter:56 - username- prateekm@aicofindia.com

2021-12-31 15:44:11 INFO  LoginFilter:56 - username- prateekm@aicofindia.com

2021-12-31 15:44:11 INFO  LoginFilter:56 - username- prateekm@aicofindia.com

2021-12-31 15:44:11 INFO  LoginFilter:56 - username- prateekm@aicofindia.com

2021-12-31 15:44:11 INFO  LoginFilter:56 - username- prateekm@aicofindia.com

2021-12-31 15:44:11 INFO  LoginFilter:56 - username- prateekm@aicofindia.com

2021-12-31 15:44:11 INFO  LoginFilter:56 - username- prateekm@aicofindia.com

2021-12-31 15:44:11 INFO  LoginFilter:56 - username- prateekm@aicofindia.com

2021-12-31 15:44:11 INFO  LoginFilter:56 - username- prateekm@aicofindia.com

2021-12-31 15:44:11 INFO  LoginFilter:56 - username- prateekm@aicofindia.com

2021-12-31 15:44:11 INFO  LoginFilter:56 - username- prateekm@aicofindia.com

2021-12-31 15:44:11 INFO  LoginFilter:56 - username- prateekm@aicofindia.com

2021-12-31 15:44:11 INFO  LoginFilter:56 - username- prateekm@aicofindia.com

2021-12-31 15:44:11 INFO  LoginFilter:56 - username- prateekm@aicofindia.com

2021-12-31 15:44:11 INFO  LoginFilter:56 - username- prateekm@aicofindia.com

2021-12-31 15:44:11 INFO  LoginFilter:56 - username- prateekm@aicofindia.com

2021-12-31 15:44:11 INFO  LoginFilter:56 - username- prateekm@aicofindia.com

2021-12-31 15:44:11 INFO  LoginFilter:56 - username- prateekm@aicofindia.com

2021-12-31 15:44:11 INFO  LoginFilter:56 - username- prateekm@aicofindia.com

2021-12-31 15:44:11 INFO  LoginFilter:56 - username- prateekm@aicofindia.com

2021-12-31 15:44:11 INFO  LoginFilter:56 - username- prateekm@aicofindia.com

2021-12-31 15:44:11 INFO  LoginFilter:56 - username- prateekm@aicofindia.com

2021-12-31 15:44:11 INFO  LoginFilter:56 - username- prateekm@aicofindia.com

2021-12-31 15:44:11 INFO  LoginFilter:56 - username- prateekm@aicofindia.com

2021-12-31 15:44:11 INFO  LoginFilter:56 - username- prateekm@aicofindia.com

2021-12-31 15:44:11 INFO  LoginFilter:56 - username- prateekm@aicofindia.com

2021-12-31 15:44:11 INFO  LoginFilter:56 - username- prateekm@aicofindia.com

2021-12-31 15:44:11 INFO  LoginFilter:56 - username- prateekm@aicofindia.com

2021-12-31 15:44:11 INFO  LoginFilter:56 - username- prateekm@aicofindia.com

2021-12-31 15:44:11 INFO  LoginFilter:56 - username- prateekm@aicofindia.com

2021-12-31 15:44:11 INFO  LoginFilter:56 - username- prateekm@aicofindia.com

2021-12-31 15:44:11 INFO  LoginFilter:56 - username- prateekm@aicofindia.com

2021-12-31 15:44:11 INFO  LoginFilter:56 - username- prateekm@aicofindia.com

2021-12-31 15:44:11 INFO  LoginFilter:56 - username- prateekm@aicofindia.com

2021-12-31 15:44:13 INFO  LoginFilter:56 - username- prateekm@aicofindia.com

2021-12-31 15:44:13 INFO  LoginFilter:56 - username- prateekm@aicofindia.com

2021-12-31 15:44:13 INFO  LoginFilter:56 - username- prateekm@aicofindia.com

2021-12-31 15:44:13 INFO  LoginFilter:56 - username- prateekm@aicofindia.com

2021-12-31 15:44:13 INFO  LoginFilter:56 - username- prateekm@aicofindia.com

2021-12-31 15:44:13 INFO  LoginFilter:56 - username- prateekm@aicofindia.com

2021-12-31 15:44:13 INFO  LoginFilter:56 - username- prateekm@aicofindia.com

2021-12-31 15:44:13 INFO  LoginFilter:56 - username- prateekm@aicofindia.com

2021-12-31 15:44:13 INFO  LoginFilter:56 - username- prateekm@aicofindia.com

2021-12-31 15:44:13 INFO  LoginFilter:56 - username- prateekm@aicofindia.com

2021-12-31 15:44:13 INFO  LoginFilter:56 - username- prateekm@aicofindia.com

2021-12-31 15:44:13 INFO  LoginFilter:56 - username- prateekm@aicofindia.com

2021-12-31 15:44:13 INFO  LoginFilter:56 - username- prateekm@aicofindia.com

2021-12-31 15:44:13 INFO  LoginFilter:56 - username- prateekm@aicofindia.com

2021-12-31 15:44:13 INFO  LoginFilter:56 - username- prateekm@aicofindia.com

2021-12-31 15:44:13 INFO  LoginFilter:56 - username- prateekm@aicofindia.com

2021-12-31 15:44:13 INFO  LoginFilter:56 - username- prateekm@aicofindia.com

2021-12-31 15:44:13 INFO  LoginFilter:56 - username- prateekm@aicofindia.com

2021-12-31 15:44:13 INFO  LoginFilter:56 - username- prateekm@aicofindia.com

2021-12-31 15:44:13 INFO  LoginFilter:56 - username- prateekm@aicofindia.com

2021-12-31 15:44:13 INFO  LoginFilter:56 - username- prateekm@aicofindia.com

2021-12-31 15:44:13 INFO  LoginFilter:56 - username- prateekm@aicofindia.com

2021-12-31 15:44:13 INFO  LoginFilter:56 - username- prateekm@aicofindia.com

2021-12-31 15:44:13 INFO  LoginFilter:56 - username- prateekm@aicofindia.com

2021-12-31 15:44:13 INFO  LoginFilter:56 - username- prateekm@aicofindia.com

2021-12-31 15:44:13 INFO  LoginFilter:56 - username- prateekm@aicofindia.com

2021-12-31 15:44:13 INFO  LoginFilter:56 - username- prateekm@aicofindia.com

2021-12-31 15:44:13 INFO  LoginFilter:56 - username- prateekm@aicofindia.com

2021-12-31 15:44:13 INFO  LoginFilter:56 - username- prateekm@aicofindia.com

2021-12-31 15:44:13 INFO  LoginFilter:56 - username- prateekm@aicofindia.com

2021-12-31 15:44:13 INFO  LoginFilter:56 - username- prateekm@aicofindia.com

2021-12-31 15:44:13 INFO  LoginFilter:56 - username- prateekm@aicofindia.com

2021-12-31 15:44:13 INFO  LoginFilter:56 - username- prateekm@aicofindia.com

2021-12-31 15:44:13 INFO  LoginFilter:56 - username- prateekm@aicofindia.com

2021-12-31 15:44:13 INFO  LoginFilter:56 - username- prateekm@aicofindia.com

2021-12-31 15:44:13 INFO  LoginFilter:56 - username- prateekm@aicofindia.com

2021-12-31 15:44:13 INFO  LoginFilter:56 - username- prateekm@aicofindia.com

2021-12-31 15:44:13 INFO  LoginFilter:56 - username- prateekm@aicofindia.com

2021-12-31 15:44:13 INFO  LoginFilter:56 - username- prateekm@aicofindia.com

2021-12-31 15:44:13 INFO  LoginFilter:56 - username- prateekm@aicofindia.com

2021-12-31 15:44:13 INFO  LoginFilter:56 - username- prateekm@aicofindia.com

2021-12-31 15:44:13 INFO  LoginFilter:56 - username- prateekm@aicofindia.com

2021-12-31 15:44:13 INFO  LoginFilter:56 - username- prateekm@aicofindia.com

2021-12-31 15:44:13 INFO  LoginFilter:56 - username- prateekm@aicofindia.com

2021-12-31 15:44:13 INFO  LoginFilter:56 - username- prateekm@aicofindia.com

2021-12-31 15:44:13 INFO  LoginFilter:56 - username- prateekm@aicofindia.com

2021-12-31 15:44:25 INFO  DBUtil:127 -  the config values are jdbc:mysql://localhost:3306/dmdatabaserootAicnet@123

2021-12-31 15:44:33 ERROR ViewDao:596 - java.lang.NullPointerException: Cannot invoke "java.io.FileOutputStream.close()" because "this.outputStream" is null

java.base/java.lang.Thread.getStackTrace(Thread.java:1596)
com.model.dao.ReportViewerDao.getReport(ReportViewerDao.java:593)
com.dao.Service.reportViewerService.getReport(reportViewerService.java:26)
com.controllers.servlet.ReportController.doPost(ReportController.java:124)
javax.servlet.http.HttpServlet.service(HttpServlet.java:652)
javax.servlet.http.HttpServlet.service(HttpServlet.java:733)
org.apache.catalina.core.ApplicationFilterChain.internalDoFilter(ApplicationFilterChain.java:231)
org.apache.catalina.core.ApplicationFilterChain.doFilter(ApplicationFilterChain.java:166)
org.apache.tomcat.websocket.server.WsFilter.doFilter(WsFilter.java:53)
org.apache.catalina.core.ApplicationFilterChain.internalDoFilter(ApplicationFilterChain.java:193)
org.apache.catalina.core.ApplicationFilterChain.doFilter(ApplicationFilterChain.java:166)
org.apache.catalina.core.StandardWrapperValve.invoke(StandardWrapperValve.java:202)
org.apache.catalina.core.StandardContextValve.invoke(StandardContextValve.java:97)
org.apache.catalina.authenticator.AuthenticatorBase.invoke(AuthenticatorBase.java:542)
org.apache.catalina.core.StandardHostValve.invoke(StandardHostValve.java:143)
org.apache.catalina.valves.ErrorReportValve.invoke(ErrorReportValve.java:92)
org.apache.catalina.valves.AbstractAccessLogValve.invoke(AbstractAccessLogValve.java:690)
org.apache.catalina.core.StandardEngineValve.invoke(StandardEngineValve.java:78)
org.apache.catalina.connector.CoyoteAdapter.service(CoyoteAdapter.java:343)
org.apache.coyote.http11.Http11Processor.service(Http11Processor.java:374)
org.apache.coyote.AbstractProcessorLight.process(AbstractProcessorLight.java:65)
org.apache.coyote.AbstractProtocol$ConnectionHandler.process(AbstractProtocol.java:888)
org.apache.tomcat.util.net.NioEndpoint$SocketProcessor.doRun(NioEndpoint.java:1597)
org.apache.tomcat.util.net.SocketProcessorBase.run(SocketProcessorBase.java:49)
java.base/java.util.concurrent.ThreadPoolExecutor.runWorker(ThreadPoolExecutor.java:1130)
java.base/java.util.concurrent.ThreadPoolExecutor$Worker.run(ThreadPoolExecutor.java:630)
org.apache.tomcat.util.threads.TaskThread$WrappingRunnable.run(TaskThread.java:61)
java.base/java.lang.Thread.run(Thread.java:831)

2021-12-31 15:48:27 INFO  LoginFilter:56 - username- prateekm@aicofindia.com

2021-12-31 15:48:27 INFO  LoginFilter:56 - username- prateekm@aicofindia.com

2021-12-31 15:48:28 INFO  LoginFilter:56 - username- prateekm@aicofindia.com

2021-12-31 15:48:28 INFO  LoginFilter:56 - username- prateekm@aicofindia.com

2021-12-31 15:48:28 INFO  LoginFilter:56 - username- prateekm@aicofindia.com

2021-12-31 15:48:28 INFO  LoginFilter:56 - username- prateekm@aicofindia.com

2021-12-31 15:48:28 INFO  LoginFilter:56 - username- prateekm@aicofindia.com

2021-12-31 15:48:28 INFO  LoginFilter:56 - username- prateekm@aicofindia.com

2021-12-31 15:48:28 INFO  LoginFilter:56 - username- prateekm@aicofindia.com

2021-12-31 15:48:28 INFO  LoginFilter:56 - username- prateekm@aicofindia.com

2021-12-31 15:48:28 INFO  LoginFilter:56 - username- prateekm@aicofindia.com

2021-12-31 15:48:28 INFO  LoginFilter:56 - username- prateekm@aicofindia.com

2021-12-31 15:48:28 INFO  LoginFilter:56 - username- prateekm@aicofindia.com

2021-12-31 15:48:28 INFO  LoginFilter:56 - username- prateekm@aicofindia.com

2021-12-31 15:48:28 INFO  LoginFilter:56 - username- prateekm@aicofindia.com

2021-12-31 15:48:28 INFO  LoginFilter:56 - username- prateekm@aicofindia.com

2021-12-31 15:48:28 INFO  LoginFilter:56 - username- prateekm@aicofindia.com

2021-12-31 15:48:28 INFO  LoginFilter:56 - username- prateekm@aicofindia.com

2021-12-31 15:48:28 INFO  LoginFilter:56 - username- prateekm@aicofindia.com

2021-12-31 15:48:28 INFO  LoginFilter:56 - username- prateekm@aicofindia.com

2021-12-31 15:48:28 INFO  LoginFilter:56 - username- prateekm@aicofindia.com

2021-12-31 15:48:28 INFO  LoginFilter:56 - username- prateekm@aicofindia.com

2021-12-31 15:48:28 INFO  LoginFilter:56 - username- prateekm@aicofindia.com

2021-12-31 15:48:28 INFO  LoginFilter:56 - username- prateekm@aicofindia.com

2021-12-31 15:48:28 INFO  LoginFilter:56 - username- prateekm@aicofindia.com

2021-12-31 15:48:28 INFO  LoginFilter:56 - username- prateekm@aicofindia.com

2021-12-31 15:48:28 INFO  LoginFilter:56 - username- prateekm@aicofindia.com

2021-12-31 15:48:28 INFO  LoginFilter:56 - username- prateekm@aicofindia.com

2021-12-31 15:48:28 INFO  LoginFilter:56 - username- prateekm@aicofindia.com

2021-12-31 15:48:28 INFO  LoginFilter:56 - username- prateekm@aicofindia.com

2021-12-31 15:48:28 INFO  LoginFilter:56 - username- prateekm@aicofindia.com

2021-12-31 15:48:28 INFO  LoginFilter:56 - username- prateekm@aicofindia.com

2021-12-31 15:48:28 INFO  LoginFilter:56 - username- prateekm@aicofindia.com

2021-12-31 15:48:28 INFO  LoginFilter:56 - username- prateekm@aicofindia.com

2021-12-31 15:48:28 INFO  LoginFilter:56 - username- prateekm@aicofindia.com

2021-12-31 15:48:28 INFO  LoginFilter:56 - username- prateekm@aicofindia.com

2021-12-31 15:48:28 INFO  LoginFilter:56 - username- prateekm@aicofindia.com

2021-12-31 15:48:28 INFO  LoginFilter:56 - username- prateekm@aicofindia.com

2021-12-31 15:48:28 INFO  LoginFilter:56 - username- prateekm@aicofindia.com

2021-12-31 15:48:28 INFO  LoginFilter:56 - username- prateekm@aicofindia.com

2021-12-31 15:48:28 INFO  LoginFilter:56 - username- prateekm@aicofindia.com

2021-12-31 15:48:28 INFO  LoginFilter:56 - username- prateekm@aicofindia.com

2021-12-31 15:48:28 INFO  LoginFilter:56 - username- prateekm@aicofindia.com

2021-12-31 15:48:28 INFO  LoginFilter:56 - username- prateekm@aicofindia.com

2021-12-31 15:48:28 INFO  LoginFilter:56 - username- prateekm@aicofindia.com

2021-12-31 15:48:28 INFO  LoginFilter:56 - username- prateekm@aicofindia.com

2021-12-31 15:49:14 INFO  DBUtil:127 -  the config values are jdbc:mysql://localhost:3306/dmdatabaserootAicnet@123

2021-12-31 15:51:04 ERROR ViewDao:232 - java.lang.NullPointerException: Cannot invoke "java.io.FileOutputStream.close()" because "this.outputStream" is null

java.base/java.lang.Thread.getStackTrace(Thread.java:1596)
com.model.dao.ReportViewerDao.getReport(ReportViewerDao.java:229)
com.dao.Service.reportViewerService.getReport(reportViewerService.java:14)
com.controllers.servlet.ReportController.doPost(ReportController.java:103)
javax.servlet.http.HttpServlet.service(HttpServlet.java:652)
javax.servlet.http.HttpServlet.service(HttpServlet.java:733)
org.apache.catalina.core.ApplicationFilterChain.internalDoFilter(ApplicationFilterChain.java:231)
org.apache.catalina.core.ApplicationFilterChain.doFilter(ApplicationFilterChain.java:166)
org.apache.tomcat.websocket.server.WsFilter.doFilter(WsFilter.java:53)
org.apache.catalina.core.ApplicationFilterChain.internalDoFilter(ApplicationFilterChain.java:193)
org.apache.catalina.core.ApplicationFilterChain.doFilter(ApplicationFilterChain.java:166)
org.apache.catalina.core.StandardWrapperValve.invoke(StandardWrapperValve.java:202)
org.apache.catalina.core.StandardContextValve.invoke(StandardContextValve.java:97)
org.apache.catalina.authenticator.AuthenticatorBase.invoke(AuthenticatorBase.java:542)
org.apache.catalina.core.StandardHostValve.invoke(StandardHostValve.java:143)
org.apache.catalina.valves.ErrorReportValve.invoke(ErrorReportValve.java:92)
org.apache.catalina.valves.AbstractAccessLogValve.invoke(AbstractAccessLogValve.java:690)
org.apache.catalina.core.StandardEngineValve.invoke(StandardEngineValve.java:78)
org.apache.catalina.connector.CoyoteAdapter.service(CoyoteAdapter.java:343)
org.apache.coyote.http11.Http11Processor.service(Http11Processor.java:374)
org.apache.coyote.AbstractProcessorLight.process(AbstractProcessorLight.java:65)
org.apache.coyote.AbstractProtocol$ConnectionHandler.process(AbstractProtocol.java:888)
org.apache.tomcat.util.net.NioEndpoint$SocketProcessor.doRun(NioEndpoint.java:1597)
org.apache.tomcat.util.net.SocketProcessorBase.run(SocketProcessorBase.java:49)
java.base/java.util.concurrent.ThreadPoolExecutor.runWorker(ThreadPoolExecutor.java:1130)
java.base/java.util.concurrent.ThreadPoolExecutor$Worker.run(ThreadPoolExecutor.java:630)
org.apache.tomcat.util.threads.TaskThread$WrappingRunnable.run(TaskThread.java:61)
java.base/java.lang.Thread.run(Thread.java:831)

