2021-08-08 11:47:45 INFO  UserDao:170 - User Validation successfull- prateekm@aicofindia.com

2021-08-08 11:47:45 INFO  LoginController:83 - Login successfull- prateekm@aicofindia.com

2021-08-08 11:47:45 INFO  LoginFilter:56 - username- prateekm@aicofindia.com

2021-08-08 11:47:45 INFO  LoginFilter:56 - username- prateekm@aicofindia.com

2021-08-08 11:47:45 INFO  LoginFilter:56 - username- prateekm@aicofindia.com

2021-08-08 11:47:45 INFO  LoginFilter:56 - username- prateekm@aicofindia.com

2021-08-08 11:47:45 INFO  LoginFilter:56 - username- prateekm@aicofindia.com

2021-08-08 11:47:45 INFO  LoginFilter:56 - username- prateekm@aicofindia.com

2021-08-08 11:47:45 INFO  LoginFilter:56 - username- prateekm@aicofindia.com

2021-08-08 11:47:45 INFO  LoginFilter:56 - username- prateekm@aicofindia.com

2021-08-08 11:47:45 INFO  LoginFilter:56 - username- prateekm@aicofindia.com

2021-08-08 11:47:45 INFO  LoginFilter:56 - username- prateekm@aicofindia.com

2021-08-08 11:47:45 INFO  LoginFilter:56 - username- prateekm@aicofindia.com

2021-08-08 11:47:45 INFO  LoginFilter:56 - username- prateekm@aicofindia.com

2021-08-08 11:47:45 INFO  LoginFilter:56 - username- prateekm@aicofindia.com

2021-08-08 11:47:45 INFO  LoginFilter:56 - username- prateekm@aicofindia.com

2021-08-08 11:47:45 INFO  LoginFilter:56 - username- prateekm@aicofindia.com

2021-08-08 11:47:45 INFO  LoginFilter:56 - username- prateekm@aicofindia.com

2021-08-08 11:47:45 INFO  LoginFilter:56 - username- prateekm@aicofindia.com

2021-08-08 11:47:45 INFO  LoginFilter:56 - username- prateekm@aicofindia.com

2021-08-08 11:47:45 INFO  LoginFilter:56 - username- prateekm@aicofindia.com

2021-08-08 11:47:45 INFO  LoginFilter:56 - username- prateekm@aicofindia.com

2021-08-08 11:47:45 INFO  LoginFilter:56 - username- prateekm@aicofindia.com

2021-08-08 11:47:45 INFO  LoginFilter:56 - username- prateekm@aicofindia.com

2021-08-08 11:47:45 INFO  LoginFilter:56 - username- prateekm@aicofindia.com

2021-08-08 11:47:45 INFO  LoginFilter:56 - username- prateekm@aicofindia.com

2021-08-08 11:47:45 INFO  LoginFilter:56 - username- prateekm@aicofindia.com

2021-08-08 11:47:45 INFO  LoginFilter:56 - username- prateekm@aicofindia.com

2021-08-08 11:47:45 INFO  LoginFilter:56 - username- prateekm@aicofindia.com

2021-08-08 11:47:45 INFO  LoginFilter:56 - username- prateekm@aicofindia.com

2021-08-08 11:47:46 INFO  LoginFilter:56 - username- prateekm@aicofindia.com

2021-08-08 11:47:46 INFO  LoginFilter:56 - username- prateekm@aicofindia.com

2021-08-08 11:47:46 INFO  LoginFilter:56 - username- prateekm@aicofindia.com

2021-08-08 11:47:46 INFO  LoginFilter:56 - username- prateekm@aicofindia.com

2021-08-08 11:47:46 INFO  LoginFilter:56 - username- prateekm@aicofindia.com

2021-08-08 11:47:46 INFO  LoginFilter:56 - username- prateekm@aicofindia.com

2021-08-08 11:47:46 INFO  LoginFilter:56 - username- prateekm@aicofindia.com

2021-08-08 11:47:46 INFO  LoginFilter:56 - username- prateekm@aicofindia.com

2021-08-08 11:47:46 INFO  LoginFilter:56 - username- prateekm@aicofindia.com

2021-08-08 11:47:46 INFO  LoginFilter:56 - username- prateekm@aicofindia.com

2021-08-08 11:47:46 INFO  LoginFilter:56 - username- prateekm@aicofindia.com

2021-08-08 11:47:46 INFO  LoginFilter:56 - username- prateekm@aicofindia.com

2021-08-08 11:47:46 INFO  LoginFilter:56 - username- prateekm@aicofindia.com

2021-08-08 11:47:46 INFO  LoginFilter:56 - username- prateekm@aicofindia.com

2021-08-08 11:47:46 INFO  LoginFilter:56 - username- prateekm@aicofindia.com

2021-08-08 11:47:46 INFO  LoginFilter:56 - username- prateekm@aicofindia.com

2021-08-08 11:47:51 INFO  LoginFilter:56 - username- prateekm@aicofindia.com

2021-08-08 11:47:53 INFO  LoginFilter:56 - username- prateekm@aicofindia.com

2021-08-08 11:47:53 INFO  LoginFilter:56 - username- prateekm@aicofindia.com

2021-08-08 11:48:09 INFO  LoginFilter:56 - username- prateekm@aicofindia.com

2021-08-08 11:48:09 INFO  LoginFilter:56 - username- prateekm@aicofindia.com

2021-08-08 11:48:30 ERROR EditDao:109 - java.sql.SQLException: Column 'intermediaryName' not found.

java.lang.Thread.getStackTrace(Thread.java:1552)
com.model.dao.EditDao.listIntermediary(EditDao.java:106)
com.controllers.servlet.editController.doGet(editController.java:44)
javax.servlet.http.HttpServlet.service(HttpServlet.java:626)
javax.servlet.http.HttpServlet.service(HttpServlet.java:733)
org.apache.catalina.core.ApplicationFilterChain.internalDoFilter(ApplicationFilterChain.java:227)
org.apache.catalina.core.ApplicationFilterChain.doFilter(ApplicationFilterChain.java:162)
org.apache.tomcat.websocket.server.WsFilter.doFilter(WsFilter.java:53)
org.apache.catalina.core.ApplicationFilterChain.internalDoFilter(ApplicationFilterChain.java:189)
org.apache.catalina.core.ApplicationFilterChain.doFilter(ApplicationFilterChain.java:162)
org.apache.catalina.core.StandardWrapperValve.invoke(StandardWrapperValve.java:202)
org.apache.catalina.core.StandardContextValve.invoke(StandardContextValve.java:97)
org.apache.catalina.authenticator.AuthenticatorBase.invoke(AuthenticatorBase.java:542)
org.apache.catalina.core.StandardHostValve.invoke(StandardHostValve.java:143)
org.apache.catalina.valves.ErrorReportValve.invoke(ErrorReportValve.java:92)
org.apache.catalina.valves.AbstractAccessLogValve.invoke(AbstractAccessLogValve.java:687)
org.apache.catalina.core.StandardEngineValve.invoke(StandardEngineValve.java:78)
org.apache.catalina.connector.CoyoteAdapter.service(CoyoteAdapter.java:346)
org.apache.coyote.http11.Http11Processor.service(Http11Processor.java:374)
org.apache.coyote.AbstractProcessorLight.process(AbstractProcessorLight.java:65)
org.apache.coyote.AbstractProtocol$ConnectionHandler.process(AbstractProtocol.java:887)
org.apache.tomcat.util.net.NioEndpoint$SocketProcessor.doRun(NioEndpoint.java:1684)
org.apache.tomcat.util.net.SocketProcessorBase.run(SocketProcessorBase.java:49)
java.util.concurrent.ThreadPoolExecutor.runWorker(ThreadPoolExecutor.java:1142)
java.util.concurrent.ThreadPoolExecutor$Worker.run(ThreadPoolExecutor.java:617)
org.apache.tomcat.util.threads.TaskThread$WrappingRunnable.run(TaskThread.java:61)
java.lang.Thread.run(Thread.java:745)

2021-08-08 11:48:30 INFO  LoginFilter:56 - username- prateekm@aicofindia.com

2021-08-08 11:48:30 INFO  LoginFilter:56 - username- prateekm@aicofindia.com

2021-08-08 11:48:30 INFO  LoginFilter:56 - username- prateekm@aicofindia.com

2021-08-08 11:48:55 ERROR EditDao:109 - java.sql.SQLException: Column 'intermediaryName' not found.

java.lang.Thread.getStackTrace(Thread.java:1552)
com.model.dao.EditDao.listIntermediary(EditDao.java:106)
com.controllers.servlet.editController.doGet(editController.java:44)
javax.servlet.http.HttpServlet.service(HttpServlet.java:626)
javax.servlet.http.HttpServlet.service(HttpServlet.java:733)
org.apache.catalina.core.ApplicationFilterChain.internalDoFilter(ApplicationFilterChain.java:227)
org.apache.catalina.core.ApplicationFilterChain.doFilter(ApplicationFilterChain.java:162)
org.apache.tomcat.websocket.server.WsFilter.doFilter(WsFilter.java:53)
org.apache.catalina.core.ApplicationFilterChain.internalDoFilter(ApplicationFilterChain.java:189)
org.apache.catalina.core.ApplicationFilterChain.doFilter(ApplicationFilterChain.java:162)
org.apache.catalina.core.StandardWrapperValve.invoke(StandardWrapperValve.java:202)
org.apache.catalina.core.StandardContextValve.invoke(StandardContextValve.java:97)
org.apache.catalina.authenticator.AuthenticatorBase.invoke(AuthenticatorBase.java:542)
org.apache.catalina.core.StandardHostValve.invoke(StandardHostValve.java:143)
org.apache.catalina.valves.ErrorReportValve.invoke(ErrorReportValve.java:92)
org.apache.catalina.valves.AbstractAccessLogValve.invoke(AbstractAccessLogValve.java:687)
org.apache.catalina.core.StandardEngineValve.invoke(StandardEngineValve.java:78)
org.apache.catalina.connector.CoyoteAdapter.service(CoyoteAdapter.java:346)
org.apache.coyote.http11.Http11Processor.service(Http11Processor.java:374)
org.apache.coyote.AbstractProcessorLight.process(AbstractProcessorLight.java:65)
org.apache.coyote.AbstractProtocol$ConnectionHandler.process(AbstractProtocol.java:887)
org.apache.tomcat.util.net.NioEndpoint$SocketProcessor.doRun(NioEndpoint.java:1684)
org.apache.tomcat.util.net.SocketProcessorBase.run(SocketProcessorBase.java:49)
java.util.concurrent.ThreadPoolExecutor.runWorker(ThreadPoolExecutor.java:1142)
java.util.concurrent.ThreadPoolExecutor$Worker.run(ThreadPoolExecutor.java:617)
org.apache.tomcat.util.threads.TaskThread$WrappingRunnable.run(TaskThread.java:61)
java.lang.Thread.run(Thread.java:745)

2021-08-08 11:48:55 INFO  LoginFilter:56 - username- prateekm@aicofindia.com

2021-08-08 11:48:55 INFO  LoginFilter:56 - username- prateekm@aicofindia.com

2021-08-08 11:48:55 INFO  LoginFilter:56 - username- prateekm@aicofindia.com

2021-08-08 12:03:40 ERROR EditDao:109 - java.sql.SQLException: Column 'intermediaryName' not found.

java.lang.Thread.getStackTrace(Thread.java:1552)
com.model.dao.EditDao.listIntermediary(EditDao.java:106)
com.controllers.servlet.editController.doGet(editController.java:44)
javax.servlet.http.HttpServlet.service(HttpServlet.java:626)
javax.servlet.http.HttpServlet.service(HttpServlet.java:733)
org.apache.catalina.core.ApplicationFilterChain.internalDoFilter(ApplicationFilterChain.java:227)
org.apache.catalina.core.ApplicationFilterChain.doFilter(ApplicationFilterChain.java:162)
org.apache.tomcat.websocket.server.WsFilter.doFilter(WsFilter.java:53)
org.apache.catalina.core.ApplicationFilterChain.internalDoFilter(ApplicationFilterChain.java:189)
org.apache.catalina.core.ApplicationFilterChain.doFilter(ApplicationFilterChain.java:162)
org.apache.catalina.core.StandardWrapperValve.invoke(StandardWrapperValve.java:202)
org.apache.catalina.core.StandardContextValve.invoke(StandardContextValve.java:97)
org.apache.catalina.authenticator.AuthenticatorBase.invoke(AuthenticatorBase.java:542)
org.apache.catalina.core.StandardHostValve.invoke(StandardHostValve.java:143)
org.apache.catalina.valves.ErrorReportValve.invoke(ErrorReportValve.java:92)
org.apache.catalina.valves.AbstractAccessLogValve.invoke(AbstractAccessLogValve.java:687)
org.apache.catalina.core.StandardEngineValve.invoke(StandardEngineValve.java:78)
org.apache.catalina.connector.CoyoteAdapter.service(CoyoteAdapter.java:346)
org.apache.coyote.http11.Http11Processor.service(Http11Processor.java:374)
org.apache.coyote.AbstractProcessorLight.process(AbstractProcessorLight.java:65)
org.apache.coyote.AbstractProtocol$ConnectionHandler.process(AbstractProtocol.java:887)
org.apache.tomcat.util.net.NioEndpoint$SocketProcessor.doRun(NioEndpoint.java:1684)
org.apache.tomcat.util.net.SocketProcessorBase.run(SocketProcessorBase.java:49)
java.util.concurrent.ThreadPoolExecutor.runWorker(ThreadPoolExecutor.java:1142)
java.util.concurrent.ThreadPoolExecutor$Worker.run(ThreadPoolExecutor.java:617)
org.apache.tomcat.util.threads.TaskThread$WrappingRunnable.run(TaskThread.java:61)
java.lang.Thread.run(Thread.java:745)

2021-08-08 12:03:40 INFO  LoginFilter:56 - username- prateekm@aicofindia.com

2021-08-08 12:03:40 INFO  LoginFilter:56 - username- prateekm@aicofindia.com

2021-08-08 12:03:40 INFO  LoginFilter:56 - username- prateekm@aicofindia.com

2021-08-08 12:03:45 ERROR EditDao:109 - java.sql.SQLException: Column 'intermediaryName' not found.

java.lang.Thread.getStackTrace(Thread.java:1552)
com.model.dao.EditDao.listIntermediary(EditDao.java:106)
com.controllers.servlet.editController.doGet(editController.java:44)
javax.servlet.http.HttpServlet.service(HttpServlet.java:626)
javax.servlet.http.HttpServlet.service(HttpServlet.java:733)
org.apache.catalina.core.ApplicationFilterChain.internalDoFilter(ApplicationFilterChain.java:227)
org.apache.catalina.core.ApplicationFilterChain.doFilter(ApplicationFilterChain.java:162)
org.apache.tomcat.websocket.server.WsFilter.doFilter(WsFilter.java:53)
org.apache.catalina.core.ApplicationFilterChain.internalDoFilter(ApplicationFilterChain.java:189)
org.apache.catalina.core.ApplicationFilterChain.doFilter(ApplicationFilterChain.java:162)
org.apache.catalina.core.StandardWrapperValve.invoke(StandardWrapperValve.java:202)
org.apache.catalina.core.StandardContextValve.invoke(StandardContextValve.java:97)
org.apache.catalina.authenticator.AuthenticatorBase.invoke(AuthenticatorBase.java:542)
org.apache.catalina.core.StandardHostValve.invoke(StandardHostValve.java:143)
org.apache.catalina.valves.ErrorReportValve.invoke(ErrorReportValve.java:92)
org.apache.catalina.valves.AbstractAccessLogValve.invoke(AbstractAccessLogValve.java:687)
org.apache.catalina.core.StandardEngineValve.invoke(StandardEngineValve.java:78)
org.apache.catalina.connector.CoyoteAdapter.service(CoyoteAdapter.java:346)
org.apache.coyote.http11.Http11Processor.service(Http11Processor.java:374)
org.apache.coyote.AbstractProcessorLight.process(AbstractProcessorLight.java:65)
org.apache.coyote.AbstractProtocol$ConnectionHandler.process(AbstractProtocol.java:887)
org.apache.tomcat.util.net.NioEndpoint$SocketProcessor.doRun(NioEndpoint.java:1684)
org.apache.tomcat.util.net.SocketProcessorBase.run(SocketProcessorBase.java:49)
java.util.concurrent.ThreadPoolExecutor.runWorker(ThreadPoolExecutor.java:1142)
java.util.concurrent.ThreadPoolExecutor$Worker.run(ThreadPoolExecutor.java:617)
org.apache.tomcat.util.threads.TaskThread$WrappingRunnable.run(TaskThread.java:61)
java.lang.Thread.run(Thread.java:745)

2021-08-08 12:03:45 INFO  LoginFilter:56 - username- prateekm@aicofindia.com

2021-08-08 12:03:45 INFO  LoginFilter:56 - username- prateekm@aicofindia.com

2021-08-08 12:03:45 INFO  LoginFilter:56 - username- prateekm@aicofindia.com

2021-08-08 12:05:50 INFO  LoginFilter:56 - username- prateekm@aicofindia.com

2021-08-08 12:05:50 INFO  LoginFilter:56 - username- prateekm@aicofindia.com

2021-08-08 12:06:43 ERROR EditDao:109 - java.sql.SQLException: Column 'intermediaryName' not found.

java.lang.Thread.getStackTrace(Thread.java:1552)
com.model.dao.EditDao.listIntermediary(EditDao.java:106)
com.controllers.servlet.editController.doGet(editController.java:44)
javax.servlet.http.HttpServlet.service(HttpServlet.java:626)
javax.servlet.http.HttpServlet.service(HttpServlet.java:733)
org.apache.catalina.core.ApplicationFilterChain.internalDoFilter(ApplicationFilterChain.java:227)
org.apache.catalina.core.ApplicationFilterChain.doFilter(ApplicationFilterChain.java:162)
org.apache.tomcat.websocket.server.WsFilter.doFilter(WsFilter.java:53)
org.apache.catalina.core.ApplicationFilterChain.internalDoFilter(ApplicationFilterChain.java:189)
org.apache.catalina.core.ApplicationFilterChain.doFilter(ApplicationFilterChain.java:162)
org.apache.catalina.core.StandardWrapperValve.invoke(StandardWrapperValve.java:202)
org.apache.catalina.core.StandardContextValve.invoke(StandardContextValve.java:97)
org.apache.catalina.authenticator.AuthenticatorBase.invoke(AuthenticatorBase.java:542)
org.apache.catalina.core.StandardHostValve.invoke(StandardHostValve.java:143)
org.apache.catalina.valves.ErrorReportValve.invoke(ErrorReportValve.java:92)
org.apache.catalina.valves.AbstractAccessLogValve.invoke(AbstractAccessLogValve.java:687)
org.apache.catalina.core.StandardEngineValve.invoke(StandardEngineValve.java:78)
org.apache.catalina.connector.CoyoteAdapter.service(CoyoteAdapter.java:346)
org.apache.coyote.http11.Http11Processor.service(Http11Processor.java:374)
org.apache.coyote.AbstractProcessorLight.process(AbstractProcessorLight.java:65)
org.apache.coyote.AbstractProtocol$ConnectionHandler.process(AbstractProtocol.java:887)
org.apache.tomcat.util.net.NioEndpoint$SocketProcessor.doRun(NioEndpoint.java:1684)
org.apache.tomcat.util.net.SocketProcessorBase.run(SocketProcessorBase.java:49)
java.util.concurrent.ThreadPoolExecutor.runWorker(ThreadPoolExecutor.java:1142)
java.util.concurrent.ThreadPoolExecutor$Worker.run(ThreadPoolExecutor.java:617)
org.apache.tomcat.util.threads.TaskThread$WrappingRunnable.run(TaskThread.java:61)
java.lang.Thread.run(Thread.java:745)

2021-08-08 12:06:43 INFO  LoginFilter:56 - username- prateekm@aicofindia.com

2021-08-08 12:06:44 INFO  LoginFilter:56 - username- prateekm@aicofindia.com

2021-08-08 12:06:44 INFO  LoginFilter:56 - username- prateekm@aicofindia.com

2021-08-08 12:08:37 ERROR EditDao:109 - java.sql.SQLException: Column 'intermediaryName' not found.

java.lang.Thread.getStackTrace(Thread.java:1552)
com.model.dao.EditDao.listIntermediary(EditDao.java:106)
com.controllers.servlet.editController.doGet(editController.java:44)
javax.servlet.http.HttpServlet.service(HttpServlet.java:626)
javax.servlet.http.HttpServlet.service(HttpServlet.java:733)
org.apache.catalina.core.ApplicationFilterChain.internalDoFilter(ApplicationFilterChain.java:227)
org.apache.catalina.core.ApplicationFilterChain.doFilter(ApplicationFilterChain.java:162)
org.apache.tomcat.websocket.server.WsFilter.doFilter(WsFilter.java:53)
org.apache.catalina.core.ApplicationFilterChain.internalDoFilter(ApplicationFilterChain.java:189)
org.apache.catalina.core.ApplicationFilterChain.doFilter(ApplicationFilterChain.java:162)
org.apache.catalina.core.StandardWrapperValve.invoke(StandardWrapperValve.java:202)
org.apache.catalina.core.StandardContextValve.invoke(StandardContextValve.java:97)
org.apache.catalina.authenticator.AuthenticatorBase.invoke(AuthenticatorBase.java:542)
org.apache.catalina.core.StandardHostValve.invoke(StandardHostValve.java:143)
org.apache.catalina.valves.ErrorReportValve.invoke(ErrorReportValve.java:92)
org.apache.catalina.valves.AbstractAccessLogValve.invoke(AbstractAccessLogValve.java:687)
org.apache.catalina.core.StandardEngineValve.invoke(StandardEngineValve.java:78)
org.apache.catalina.connector.CoyoteAdapter.service(CoyoteAdapter.java:346)
org.apache.coyote.http11.Http11Processor.service(Http11Processor.java:374)
org.apache.coyote.AbstractProcessorLight.process(AbstractProcessorLight.java:65)
org.apache.coyote.AbstractProtocol$ConnectionHandler.process(AbstractProtocol.java:887)
org.apache.tomcat.util.net.NioEndpoint$SocketProcessor.doRun(NioEndpoint.java:1684)
org.apache.tomcat.util.net.SocketProcessorBase.run(SocketProcessorBase.java:49)
java.util.concurrent.ThreadPoolExecutor.runWorker(ThreadPoolExecutor.java:1142)
java.util.concurrent.ThreadPoolExecutor$Worker.run(ThreadPoolExecutor.java:617)
org.apache.tomcat.util.threads.TaskThread$WrappingRunnable.run(TaskThread.java:61)
java.lang.Thread.run(Thread.java:745)

2021-08-08 12:08:37 INFO  LoginFilter:56 - username- prateekm@aicofindia.com

2021-08-08 12:08:38 INFO  LoginFilter:56 - username- prateekm@aicofindia.com

2021-08-08 12:08:38 INFO  LoginFilter:56 - username- prateekm@aicofindia.com

2021-08-08 12:10:21 ERROR EditDao:109 - java.sql.SQLException: Column 'intermediaryName' not found.

java.lang.Thread.getStackTrace(Thread.java:1552)
com.model.dao.EditDao.listIntermediary(EditDao.java:106)
com.controllers.servlet.editController.doGet(editController.java:44)
javax.servlet.http.HttpServlet.service(HttpServlet.java:626)
javax.servlet.http.HttpServlet.service(HttpServlet.java:733)
org.apache.catalina.core.ApplicationFilterChain.internalDoFilter(ApplicationFilterChain.java:227)
org.apache.catalina.core.ApplicationFilterChain.doFilter(ApplicationFilterChain.java:162)
org.apache.tomcat.websocket.server.WsFilter.doFilter(WsFilter.java:53)
org.apache.catalina.core.ApplicationFilterChain.internalDoFilter(ApplicationFilterChain.java:189)
org.apache.catalina.core.ApplicationFilterChain.doFilter(ApplicationFilterChain.java:162)
org.apache.catalina.core.StandardWrapperValve.invoke(StandardWrapperValve.java:202)
org.apache.catalina.core.StandardContextValve.invoke(StandardContextValve.java:97)
org.apache.catalina.authenticator.AuthenticatorBase.invoke(AuthenticatorBase.java:542)
org.apache.catalina.core.StandardHostValve.invoke(StandardHostValve.java:143)
org.apache.catalina.valves.ErrorReportValve.invoke(ErrorReportValve.java:92)
org.apache.catalina.valves.AbstractAccessLogValve.invoke(AbstractAccessLogValve.java:687)
org.apache.catalina.core.StandardEngineValve.invoke(StandardEngineValve.java:78)
org.apache.catalina.connector.CoyoteAdapter.service(CoyoteAdapter.java:346)
org.apache.coyote.http11.Http11Processor.service(Http11Processor.java:374)
org.apache.coyote.AbstractProcessorLight.process(AbstractProcessorLight.java:65)
org.apache.coyote.AbstractProtocol$ConnectionHandler.process(AbstractProtocol.java:887)
org.apache.tomcat.util.net.NioEndpoint$SocketProcessor.doRun(NioEndpoint.java:1684)
org.apache.tomcat.util.net.SocketProcessorBase.run(SocketProcessorBase.java:49)
java.util.concurrent.ThreadPoolExecutor.runWorker(ThreadPoolExecutor.java:1142)
java.util.concurrent.ThreadPoolExecutor$Worker.run(ThreadPoolExecutor.java:617)
org.apache.tomcat.util.threads.TaskThread$WrappingRunnable.run(TaskThread.java:61)
java.lang.Thread.run(Thread.java:745)

2021-08-08 12:10:21 INFO  LoginFilter:56 - username- prateekm@aicofindia.com

2021-08-08 12:10:22 INFO  LoginFilter:56 - username- prateekm@aicofindia.com

2021-08-08 12:10:22 INFO  LoginFilter:56 - username- prateekm@aicofindia.com

2021-08-08 12:10:44 ERROR EditDao:109 - java.sql.SQLException: Column 'intermediaryName' not found.

java.lang.Thread.getStackTrace(Thread.java:1552)
com.model.dao.EditDao.listIntermediary(EditDao.java:106)
com.controllers.servlet.editController.doGet(editController.java:44)
javax.servlet.http.HttpServlet.service(HttpServlet.java:626)
javax.servlet.http.HttpServlet.service(HttpServlet.java:733)
org.apache.catalina.core.ApplicationFilterChain.internalDoFilter(ApplicationFilterChain.java:227)
org.apache.catalina.core.ApplicationFilterChain.doFilter(ApplicationFilterChain.java:162)
org.apache.tomcat.websocket.server.WsFilter.doFilter(WsFilter.java:53)
org.apache.catalina.core.ApplicationFilterChain.internalDoFilter(ApplicationFilterChain.java:189)
org.apache.catalina.core.ApplicationFilterChain.doFilter(ApplicationFilterChain.java:162)
org.apache.catalina.core.StandardWrapperValve.invoke(StandardWrapperValve.java:202)
org.apache.catalina.core.StandardContextValve.invoke(StandardContextValve.java:97)
org.apache.catalina.authenticator.AuthenticatorBase.invoke(AuthenticatorBase.java:542)
org.apache.catalina.core.StandardHostValve.invoke(StandardHostValve.java:143)
org.apache.catalina.valves.ErrorReportValve.invoke(ErrorReportValve.java:92)
org.apache.catalina.valves.AbstractAccessLogValve.invoke(AbstractAccessLogValve.java:687)
org.apache.catalina.core.StandardEngineValve.invoke(StandardEngineValve.java:78)
org.apache.catalina.connector.CoyoteAdapter.service(CoyoteAdapter.java:346)
org.apache.coyote.http11.Http11Processor.service(Http11Processor.java:374)
org.apache.coyote.AbstractProcessorLight.process(AbstractProcessorLight.java:65)
org.apache.coyote.AbstractProtocol$ConnectionHandler.process(AbstractProtocol.java:887)
org.apache.tomcat.util.net.NioEndpoint$SocketProcessor.doRun(NioEndpoint.java:1684)
org.apache.tomcat.util.net.SocketProcessorBase.run(SocketProcessorBase.java:49)
java.util.concurrent.ThreadPoolExecutor.runWorker(ThreadPoolExecutor.java:1142)
java.util.concurrent.ThreadPoolExecutor$Worker.run(ThreadPoolExecutor.java:617)
org.apache.tomcat.util.threads.TaskThread$WrappingRunnable.run(TaskThread.java:61)
java.lang.Thread.run(Thread.java:745)

2021-08-08 12:10:44 INFO  LoginFilter:56 - username- prateekm@aicofindia.com

2021-08-08 12:10:44 INFO  LoginFilter:56 - username- prateekm@aicofindia.com

2021-08-08 12:10:44 INFO  LoginFilter:56 - username- prateekm@aicofindia.com

2021-08-08 12:11:09 ERROR EditDao:109 - java.sql.SQLException: Column 'intermediaryName' not found.

java.lang.Thread.getStackTrace(Thread.java:1552)
com.model.dao.EditDao.listIntermediary(EditDao.java:106)
com.controllers.servlet.editController.doGet(editController.java:44)
javax.servlet.http.HttpServlet.service(HttpServlet.java:626)
javax.servlet.http.HttpServlet.service(HttpServlet.java:733)
org.apache.catalina.core.ApplicationFilterChain.internalDoFilter(ApplicationFilterChain.java:227)
org.apache.catalina.core.ApplicationFilterChain.doFilter(ApplicationFilterChain.java:162)
org.apache.tomcat.websocket.server.WsFilter.doFilter(WsFilter.java:53)
org.apache.catalina.core.ApplicationFilterChain.internalDoFilter(ApplicationFilterChain.java:189)
org.apache.catalina.core.ApplicationFilterChain.doFilter(ApplicationFilterChain.java:162)
org.apache.catalina.core.StandardWrapperValve.invoke(StandardWrapperValve.java:202)
org.apache.catalina.core.StandardContextValve.invoke(StandardContextValve.java:97)
org.apache.catalina.authenticator.AuthenticatorBase.invoke(AuthenticatorBase.java:542)
org.apache.catalina.core.StandardHostValve.invoke(StandardHostValve.java:143)
org.apache.catalina.valves.ErrorReportValve.invoke(ErrorReportValve.java:92)
org.apache.catalina.valves.AbstractAccessLogValve.invoke(AbstractAccessLogValve.java:687)
org.apache.catalina.core.StandardEngineValve.invoke(StandardEngineValve.java:78)
org.apache.catalina.connector.CoyoteAdapter.service(CoyoteAdapter.java:346)
org.apache.coyote.http11.Http11Processor.service(Http11Processor.java:374)
org.apache.coyote.AbstractProcessorLight.process(AbstractProcessorLight.java:65)
org.apache.coyote.AbstractProtocol$ConnectionHandler.process(AbstractProtocol.java:887)
org.apache.tomcat.util.net.NioEndpoint$SocketProcessor.doRun(NioEndpoint.java:1684)
org.apache.tomcat.util.net.SocketProcessorBase.run(SocketProcessorBase.java:49)
java.util.concurrent.ThreadPoolExecutor.runWorker(ThreadPoolExecutor.java:1142)
java.util.concurrent.ThreadPoolExecutor$Worker.run(ThreadPoolExecutor.java:617)
org.apache.tomcat.util.threads.TaskThread$WrappingRunnable.run(TaskThread.java:61)
java.lang.Thread.run(Thread.java:745)

2021-08-08 12:11:09 INFO  LoginFilter:56 - username- prateekm@aicofindia.com

2021-08-08 12:11:10 INFO  LoginFilter:56 - username- prateekm@aicofindia.com

2021-08-08 12:11:10 INFO  LoginFilter:56 - username- prateekm@aicofindia.com

2021-08-08 12:11:36 ERROR EditDao:109 - java.sql.SQLException: Column 'intermediaryName' not found.

java.lang.Thread.getStackTrace(Thread.java:1552)
com.model.dao.EditDao.listIntermediary(EditDao.java:106)
com.controllers.servlet.editController.doGet(editController.java:44)
javax.servlet.http.HttpServlet.service(HttpServlet.java:626)
javax.servlet.http.HttpServlet.service(HttpServlet.java:733)
org.apache.catalina.core.ApplicationFilterChain.internalDoFilter(ApplicationFilterChain.java:227)
org.apache.catalina.core.ApplicationFilterChain.doFilter(ApplicationFilterChain.java:162)
org.apache.tomcat.websocket.server.WsFilter.doFilter(WsFilter.java:53)
org.apache.catalina.core.ApplicationFilterChain.internalDoFilter(ApplicationFilterChain.java:189)
org.apache.catalina.core.ApplicationFilterChain.doFilter(ApplicationFilterChain.java:162)
org.apache.catalina.core.StandardWrapperValve.invoke(StandardWrapperValve.java:202)
org.apache.catalina.core.StandardContextValve.invoke(StandardContextValve.java:97)
org.apache.catalina.authenticator.AuthenticatorBase.invoke(AuthenticatorBase.java:542)
org.apache.catalina.core.StandardHostValve.invoke(StandardHostValve.java:143)
org.apache.catalina.valves.ErrorReportValve.invoke(ErrorReportValve.java:92)
org.apache.catalina.valves.AbstractAccessLogValve.invoke(AbstractAccessLogValve.java:687)
org.apache.catalina.core.StandardEngineValve.invoke(StandardEngineValve.java:78)
org.apache.catalina.connector.CoyoteAdapter.service(CoyoteAdapter.java:346)
org.apache.coyote.http11.Http11Processor.service(Http11Processor.java:374)
org.apache.coyote.AbstractProcessorLight.process(AbstractProcessorLight.java:65)
org.apache.coyote.AbstractProtocol$ConnectionHandler.process(AbstractProtocol.java:887)
org.apache.tomcat.util.net.NioEndpoint$SocketProcessor.doRun(NioEndpoint.java:1684)
org.apache.tomcat.util.net.SocketProcessorBase.run(SocketProcessorBase.java:49)
java.util.concurrent.ThreadPoolExecutor.runWorker(ThreadPoolExecutor.java:1142)
java.util.concurrent.ThreadPoolExecutor$Worker.run(ThreadPoolExecutor.java:617)
org.apache.tomcat.util.threads.TaskThread$WrappingRunnable.run(TaskThread.java:61)
java.lang.Thread.run(Thread.java:745)

2021-08-08 12:11:36 INFO  LoginFilter:56 - username- prateekm@aicofindia.com

2021-08-08 12:11:36 INFO  LoginFilter:56 - username- prateekm@aicofindia.com

2021-08-08 12:11:36 INFO  LoginFilter:56 - username- prateekm@aicofindia.com

2021-08-08 12:14:22 ERROR EditDao:109 - java.sql.SQLException: Column 'intermediaryName' not found.

java.lang.Thread.getStackTrace(Thread.java:1552)
com.model.dao.EditDao.listIntermediary(EditDao.java:106)
com.controllers.servlet.editController.doGet(editController.java:44)
javax.servlet.http.HttpServlet.service(HttpServlet.java:626)
javax.servlet.http.HttpServlet.service(HttpServlet.java:733)
org.apache.catalina.core.ApplicationFilterChain.internalDoFilter(ApplicationFilterChain.java:227)
org.apache.catalina.core.ApplicationFilterChain.doFilter(ApplicationFilterChain.java:162)
org.apache.tomcat.websocket.server.WsFilter.doFilter(WsFilter.java:53)
org.apache.catalina.core.ApplicationFilterChain.internalDoFilter(ApplicationFilterChain.java:189)
org.apache.catalina.core.ApplicationFilterChain.doFilter(ApplicationFilterChain.java:162)
org.apache.catalina.core.StandardWrapperValve.invoke(StandardWrapperValve.java:202)
org.apache.catalina.core.StandardContextValve.invoke(StandardContextValve.java:97)
org.apache.catalina.authenticator.AuthenticatorBase.invoke(AuthenticatorBase.java:542)
org.apache.catalina.core.StandardHostValve.invoke(StandardHostValve.java:143)
org.apache.catalina.valves.ErrorReportValve.invoke(ErrorReportValve.java:92)
org.apache.catalina.valves.AbstractAccessLogValve.invoke(AbstractAccessLogValve.java:687)
org.apache.catalina.core.StandardEngineValve.invoke(StandardEngineValve.java:78)
org.apache.catalina.connector.CoyoteAdapter.service(CoyoteAdapter.java:346)
org.apache.coyote.http11.Http11Processor.service(Http11Processor.java:374)
org.apache.coyote.AbstractProcessorLight.process(AbstractProcessorLight.java:65)
org.apache.coyote.AbstractProtocol$ConnectionHandler.process(AbstractProtocol.java:887)
org.apache.tomcat.util.net.NioEndpoint$SocketProcessor.doRun(NioEndpoint.java:1684)
org.apache.tomcat.util.net.SocketProcessorBase.run(SocketProcessorBase.java:49)
java.util.concurrent.ThreadPoolExecutor.runWorker(ThreadPoolExecutor.java:1142)
java.util.concurrent.ThreadPoolExecutor$Worker.run(ThreadPoolExecutor.java:617)
org.apache.tomcat.util.threads.TaskThread$WrappingRunnable.run(TaskThread.java:61)
java.lang.Thread.run(Thread.java:745)

2021-08-08 12:14:22 INFO  LoginFilter:56 - username- prateekm@aicofindia.com

2021-08-08 12:14:22 INFO  LoginFilter:56 - username- prateekm@aicofindia.com

2021-08-08 12:14:22 INFO  LoginFilter:56 - username- prateekm@aicofindia.com

2021-08-08 12:16:14 ERROR EditDao:109 - java.sql.SQLException: Column 'intermediaryName' not found.

java.lang.Thread.getStackTrace(Thread.java:1552)
com.model.dao.EditDao.listIntermediary(EditDao.java:106)
com.controllers.servlet.editController.doGet(editController.java:44)
javax.servlet.http.HttpServlet.service(HttpServlet.java:626)
javax.servlet.http.HttpServlet.service(HttpServlet.java:733)
org.apache.catalina.core.ApplicationFilterChain.internalDoFilter(ApplicationFilterChain.java:227)
org.apache.catalina.core.ApplicationFilterChain.doFilter(ApplicationFilterChain.java:162)
org.apache.tomcat.websocket.server.WsFilter.doFilter(WsFilter.java:53)
org.apache.catalina.core.ApplicationFilterChain.internalDoFilter(ApplicationFilterChain.java:189)
org.apache.catalina.core.ApplicationFilterChain.doFilter(ApplicationFilterChain.java:162)
org.apache.catalina.core.StandardWrapperValve.invoke(StandardWrapperValve.java:202)
org.apache.catalina.core.StandardContextValve.invoke(StandardContextValve.java:97)
org.apache.catalina.authenticator.AuthenticatorBase.invoke(AuthenticatorBase.java:542)
org.apache.catalina.core.StandardHostValve.invoke(StandardHostValve.java:143)
org.apache.catalina.valves.ErrorReportValve.invoke(ErrorReportValve.java:92)
org.apache.catalina.valves.AbstractAccessLogValve.invoke(AbstractAccessLogValve.java:687)
org.apache.catalina.core.StandardEngineValve.invoke(StandardEngineValve.java:78)
org.apache.catalina.connector.CoyoteAdapter.service(CoyoteAdapter.java:346)
org.apache.coyote.http11.Http11Processor.service(Http11Processor.java:374)
org.apache.coyote.AbstractProcessorLight.process(AbstractProcessorLight.java:65)
org.apache.coyote.AbstractProtocol$ConnectionHandler.process(AbstractProtocol.java:887)
org.apache.tomcat.util.net.NioEndpoint$SocketProcessor.doRun(NioEndpoint.java:1684)
org.apache.tomcat.util.net.SocketProcessorBase.run(SocketProcessorBase.java:49)
java.util.concurrent.ThreadPoolExecutor.runWorker(ThreadPoolExecutor.java:1142)
java.util.concurrent.ThreadPoolExecutor$Worker.run(ThreadPoolExecutor.java:617)
org.apache.tomcat.util.threads.TaskThread$WrappingRunnable.run(TaskThread.java:61)
java.lang.Thread.run(Thread.java:745)

2021-08-08 12:16:14 INFO  LoginFilter:56 - username- prateekm@aicofindia.com

2021-08-08 12:16:14 INFO  LoginFilter:56 - username- prateekm@aicofindia.com

2021-08-08 12:16:14 INFO  LoginFilter:56 - username- prateekm@aicofindia.com

2021-08-08 12:16:33 ERROR EditDao:109 - java.sql.SQLException: Column 'intermediaryName' not found.

java.lang.Thread.getStackTrace(Thread.java:1552)
com.model.dao.EditDao.listIntermediary(EditDao.java:106)
com.controllers.servlet.editController.doGet(editController.java:44)
javax.servlet.http.HttpServlet.service(HttpServlet.java:626)
javax.servlet.http.HttpServlet.service(HttpServlet.java:733)
org.apache.catalina.core.ApplicationFilterChain.internalDoFilter(ApplicationFilterChain.java:227)
org.apache.catalina.core.ApplicationFilterChain.doFilter(ApplicationFilterChain.java:162)
org.apache.tomcat.websocket.server.WsFilter.doFilter(WsFilter.java:53)
org.apache.catalina.core.ApplicationFilterChain.internalDoFilter(ApplicationFilterChain.java:189)
org.apache.catalina.core.ApplicationFilterChain.doFilter(ApplicationFilterChain.java:162)
org.apache.catalina.core.StandardWrapperValve.invoke(StandardWrapperValve.java:202)
org.apache.catalina.core.StandardContextValve.invoke(StandardContextValve.java:97)
org.apache.catalina.authenticator.AuthenticatorBase.invoke(AuthenticatorBase.java:542)
org.apache.catalina.core.StandardHostValve.invoke(StandardHostValve.java:143)
org.apache.catalina.valves.ErrorReportValve.invoke(ErrorReportValve.java:92)
org.apache.catalina.valves.AbstractAccessLogValve.invoke(AbstractAccessLogValve.java:687)
org.apache.catalina.core.StandardEngineValve.invoke(StandardEngineValve.java:78)
org.apache.catalina.connector.CoyoteAdapter.service(CoyoteAdapter.java:346)
org.apache.coyote.http11.Http11Processor.service(Http11Processor.java:374)
org.apache.coyote.AbstractProcessorLight.process(AbstractProcessorLight.java:65)
org.apache.coyote.AbstractProtocol$ConnectionHandler.process(AbstractProtocol.java:887)
org.apache.tomcat.util.net.NioEndpoint$SocketProcessor.doRun(NioEndpoint.java:1684)
org.apache.tomcat.util.net.SocketProcessorBase.run(SocketProcessorBase.java:49)
java.util.concurrent.ThreadPoolExecutor.runWorker(ThreadPoolExecutor.java:1142)
java.util.concurrent.ThreadPoolExecutor$Worker.run(ThreadPoolExecutor.java:617)
org.apache.tomcat.util.threads.TaskThread$WrappingRunnable.run(TaskThread.java:61)
java.lang.Thread.run(Thread.java:745)

2021-08-08 12:16:33 INFO  LoginFilter:56 - username- prateekm@aicofindia.com

2021-08-08 12:16:34 INFO  LoginFilter:56 - username- prateekm@aicofindia.com

2021-08-08 12:16:34 INFO  LoginFilter:56 - username- prateekm@aicofindia.com

2021-08-08 12:18:30 INFO  LoginFilter:56 - username- prateekm@aicofindia.com

2021-08-08 12:18:30 INFO  LoginFilter:56 - username- prateekm@aicofindia.com

2021-08-08 12:24:38 ERROR EditDao:109 - java.sql.SQLException: Column 'intermediaryName' not found.

java.lang.Thread.getStackTrace(Thread.java:1552)
com.model.dao.EditDao.listIntermediary(EditDao.java:106)
com.controllers.servlet.editController.doGet(editController.java:44)
javax.servlet.http.HttpServlet.service(HttpServlet.java:626)
javax.servlet.http.HttpServlet.service(HttpServlet.java:733)
org.apache.catalina.core.ApplicationFilterChain.internalDoFilter(ApplicationFilterChain.java:227)
org.apache.catalina.core.ApplicationFilterChain.doFilter(ApplicationFilterChain.java:162)
org.apache.tomcat.websocket.server.WsFilter.doFilter(WsFilter.java:53)
org.apache.catalina.core.ApplicationFilterChain.internalDoFilter(ApplicationFilterChain.java:189)
org.apache.catalina.core.ApplicationFilterChain.doFilter(ApplicationFilterChain.java:162)
org.apache.catalina.core.StandardWrapperValve.invoke(StandardWrapperValve.java:202)
org.apache.catalina.core.StandardContextValve.invoke(StandardContextValve.java:97)
org.apache.catalina.authenticator.AuthenticatorBase.invoke(AuthenticatorBase.java:542)
org.apache.catalina.core.StandardHostValve.invoke(StandardHostValve.java:143)
org.apache.catalina.valves.ErrorReportValve.invoke(ErrorReportValve.java:92)
org.apache.catalina.valves.AbstractAccessLogValve.invoke(AbstractAccessLogValve.java:687)
org.apache.catalina.core.StandardEngineValve.invoke(StandardEngineValve.java:78)
org.apache.catalina.connector.CoyoteAdapter.service(CoyoteAdapter.java:346)
org.apache.coyote.http11.Http11Processor.service(Http11Processor.java:374)
org.apache.coyote.AbstractProcessorLight.process(AbstractProcessorLight.java:65)
org.apache.coyote.AbstractProtocol$ConnectionHandler.process(AbstractProtocol.java:887)
org.apache.tomcat.util.net.NioEndpoint$SocketProcessor.doRun(NioEndpoint.java:1684)
org.apache.tomcat.util.net.SocketProcessorBase.run(SocketProcessorBase.java:49)
java.util.concurrent.ThreadPoolExecutor.runWorker(ThreadPoolExecutor.java:1142)
java.util.concurrent.ThreadPoolExecutor$Worker.run(ThreadPoolExecutor.java:617)
org.apache.tomcat.util.threads.TaskThread$WrappingRunnable.run(TaskThread.java:61)
java.lang.Thread.run(Thread.java:745)

2021-08-08 12:24:38 INFO  LoginFilter:56 - username- prateekm@aicofindia.com

2021-08-08 12:24:38 INFO  LoginFilter:56 - username- prateekm@aicofindia.com

2021-08-08 12:24:38 INFO  LoginFilter:56 - username- prateekm@aicofindia.com

2021-08-08 12:27:39 INFO  UserDao:170 - User Validation successfull- prateekm@aicofindia.com

2021-08-08 12:27:39 INFO  LoginController:83 - Login successfull- prateekm@aicofindia.com

2021-08-08 12:27:39 INFO  LoginFilter:56 - username- prateekm@aicofindia.com

2021-08-08 12:27:39 INFO  LoginFilter:56 - username- prateekm@aicofindia.com

2021-08-08 12:27:39 INFO  LoginFilter:56 - username- prateekm@aicofindia.com

2021-08-08 12:27:39 INFO  LoginFilter:56 - username- prateekm@aicofindia.com

2021-08-08 12:27:39 INFO  LoginFilter:56 - username- prateekm@aicofindia.com

2021-08-08 12:27:39 INFO  LoginFilter:56 - username- prateekm@aicofindia.com

2021-08-08 12:27:39 INFO  LoginFilter:56 - username- prateekm@aicofindia.com

2021-08-08 12:27:39 INFO  LoginFilter:56 - username- prateekm@aicofindia.com

2021-08-08 12:27:39 INFO  LoginFilter:56 - username- prateekm@aicofindia.com

2021-08-08 12:27:39 INFO  LoginFilter:56 - username- prateekm@aicofindia.com

2021-08-08 12:27:39 INFO  LoginFilter:56 - username- prateekm@aicofindia.com

2021-08-08 12:27:39 INFO  LoginFilter:56 - username- prateekm@aicofindia.com

2021-08-08 12:27:39 INFO  LoginFilter:56 - username- prateekm@aicofindia.com

2021-08-08 12:27:39 INFO  LoginFilter:56 - username- prateekm@aicofindia.com

2021-08-08 12:27:39 INFO  LoginFilter:56 - username- prateekm@aicofindia.com

2021-08-08 12:27:39 INFO  LoginFilter:56 - username- prateekm@aicofindia.com

2021-08-08 12:27:39 INFO  LoginFilter:56 - username- prateekm@aicofindia.com

2021-08-08 12:27:39 INFO  LoginFilter:56 - username- prateekm@aicofindia.com

2021-08-08 12:27:39 INFO  LoginFilter:56 - username- prateekm@aicofindia.com

2021-08-08 12:27:39 INFO  LoginFilter:56 - username- prateekm@aicofindia.com

2021-08-08 12:27:39 INFO  LoginFilter:56 - username- prateekm@aicofindia.com

2021-08-08 12:27:39 INFO  LoginFilter:56 - username- prateekm@aicofindia.com

2021-08-08 12:27:39 INFO  LoginFilter:56 - username- prateekm@aicofindia.com

2021-08-08 12:27:39 INFO  LoginFilter:56 - username- prateekm@aicofindia.com

2021-08-08 12:27:39 INFO  LoginFilter:56 - username- prateekm@aicofindia.com

2021-08-08 12:27:39 INFO  LoginFilter:56 - username- prateekm@aicofindia.com

2021-08-08 12:27:39 INFO  LoginFilter:56 - username- prateekm@aicofindia.com

2021-08-08 12:27:39 INFO  LoginFilter:56 - username- prateekm@aicofindia.com

2021-08-08 12:27:39 INFO  LoginFilter:56 - username- prateekm@aicofindia.com

2021-08-08 12:27:39 INFO  LoginFilter:56 - username- prateekm@aicofindia.com

2021-08-08 12:27:39 INFO  LoginFilter:56 - username- prateekm@aicofindia.com

2021-08-08 12:27:39 INFO  LoginFilter:56 - username- prateekm@aicofindia.com

2021-08-08 12:27:39 INFO  LoginFilter:56 - username- prateekm@aicofindia.com

2021-08-08 12:27:39 INFO  LoginFilter:56 - username- prateekm@aicofindia.com

2021-08-08 12:27:39 INFO  LoginFilter:56 - username- prateekm@aicofindia.com

2021-08-08 12:27:39 INFO  LoginFilter:56 - username- prateekm@aicofindia.com

2021-08-08 12:27:39 INFO  LoginFilter:56 - username- prateekm@aicofindia.com

2021-08-08 12:27:39 INFO  LoginFilter:56 - username- prateekm@aicofindia.com

2021-08-08 12:27:39 INFO  LoginFilter:56 - username- prateekm@aicofindia.com

2021-08-08 12:27:39 INFO  LoginFilter:56 - username- prateekm@aicofindia.com

2021-08-08 12:27:39 INFO  LoginFilter:56 - username- prateekm@aicofindia.com

2021-08-08 12:27:39 INFO  LoginFilter:56 - username- prateekm@aicofindia.com

2021-08-08 12:27:39 INFO  LoginFilter:56 - username- prateekm@aicofindia.com

2021-08-08 12:27:39 INFO  LoginFilter:56 - username- prateekm@aicofindia.com

2021-08-08 12:27:42 INFO  LoginFilter:56 - username- prateekm@aicofindia.com

2021-08-08 12:27:42 INFO  LoginFilter:56 - username- prateekm@aicofindia.com

2021-08-08 12:27:42 INFO  LoginFilter:56 - username- prateekm@aicofindia.com

2021-08-08 12:28:02 INFO  LoginFilter:56 - username- prateekm@aicofindia.com

2021-08-08 12:28:02 INFO  LoginFilter:56 - username- prateekm@aicofindia.com

2021-08-08 12:28:24 ERROR EditDao:109 - java.sql.SQLException: Column 'intermediaryName' not found.

java.lang.Thread.getStackTrace(Thread.java:1552)
com.model.dao.EditDao.listIntermediary(EditDao.java:106)
com.controllers.servlet.editController.doGet(editController.java:44)
javax.servlet.http.HttpServlet.service(HttpServlet.java:626)
javax.servlet.http.HttpServlet.service(HttpServlet.java:733)
org.apache.catalina.core.ApplicationFilterChain.internalDoFilter(ApplicationFilterChain.java:227)
org.apache.catalina.core.ApplicationFilterChain.doFilter(ApplicationFilterChain.java:162)
org.apache.tomcat.websocket.server.WsFilter.doFilter(WsFilter.java:53)
org.apache.catalina.core.ApplicationFilterChain.internalDoFilter(ApplicationFilterChain.java:189)
org.apache.catalina.core.ApplicationFilterChain.doFilter(ApplicationFilterChain.java:162)
org.apache.catalina.core.StandardWrapperValve.invoke(StandardWrapperValve.java:202)
org.apache.catalina.core.StandardContextValve.invoke(StandardContextValve.java:97)
org.apache.catalina.authenticator.AuthenticatorBase.invoke(AuthenticatorBase.java:542)
org.apache.catalina.core.StandardHostValve.invoke(StandardHostValve.java:143)
org.apache.catalina.valves.ErrorReportValve.invoke(ErrorReportValve.java:92)
org.apache.catalina.valves.AbstractAccessLogValve.invoke(AbstractAccessLogValve.java:687)
org.apache.catalina.core.StandardEngineValve.invoke(StandardEngineValve.java:78)
org.apache.catalina.connector.CoyoteAdapter.service(CoyoteAdapter.java:346)
org.apache.coyote.http11.Http11Processor.service(Http11Processor.java:374)
org.apache.coyote.AbstractProcessorLight.process(AbstractProcessorLight.java:65)
org.apache.coyote.AbstractProtocol$ConnectionHandler.process(AbstractProtocol.java:887)
org.apache.tomcat.util.net.NioEndpoint$SocketProcessor.doRun(NioEndpoint.java:1684)
org.apache.tomcat.util.net.SocketProcessorBase.run(SocketProcessorBase.java:49)
java.util.concurrent.ThreadPoolExecutor.runWorker(ThreadPoolExecutor.java:1142)
java.util.concurrent.ThreadPoolExecutor$Worker.run(ThreadPoolExecutor.java:617)
org.apache.tomcat.util.threads.TaskThread$WrappingRunnable.run(TaskThread.java:61)
java.lang.Thread.run(Thread.java:745)

2021-08-08 12:28:24 INFO  LoginFilter:56 - username- prateekm@aicofindia.com

2021-08-08 12:28:24 INFO  LoginFilter:56 - username- prateekm@aicofindia.com

2021-08-08 12:28:24 INFO  LoginFilter:56 - username- prateekm@aicofindia.com

2021-08-08 12:28:32 ERROR EditDao:109 - java.sql.SQLException: Column 'intermediaryName' not found.

java.lang.Thread.getStackTrace(Thread.java:1552)
com.model.dao.EditDao.listIntermediary(EditDao.java:106)
com.controllers.servlet.editController.doGet(editController.java:44)
javax.servlet.http.HttpServlet.service(HttpServlet.java:626)
javax.servlet.http.HttpServlet.service(HttpServlet.java:733)
org.apache.catalina.core.ApplicationFilterChain.internalDoFilter(ApplicationFilterChain.java:227)
org.apache.catalina.core.ApplicationFilterChain.doFilter(ApplicationFilterChain.java:162)
org.apache.tomcat.websocket.server.WsFilter.doFilter(WsFilter.java:53)
org.apache.catalina.core.ApplicationFilterChain.internalDoFilter(ApplicationFilterChain.java:189)
org.apache.catalina.core.ApplicationFilterChain.doFilter(ApplicationFilterChain.java:162)
org.apache.catalina.core.StandardWrapperValve.invoke(StandardWrapperValve.java:202)
org.apache.catalina.core.StandardContextValve.invoke(StandardContextValve.java:97)
org.apache.catalina.authenticator.AuthenticatorBase.invoke(AuthenticatorBase.java:542)
org.apache.catalina.core.StandardHostValve.invoke(StandardHostValve.java:143)
org.apache.catalina.valves.ErrorReportValve.invoke(ErrorReportValve.java:92)
org.apache.catalina.valves.AbstractAccessLogValve.invoke(AbstractAccessLogValve.java:687)
org.apache.catalina.core.StandardEngineValve.invoke(StandardEngineValve.java:78)
org.apache.catalina.connector.CoyoteAdapter.service(CoyoteAdapter.java:346)
org.apache.coyote.http11.Http11Processor.service(Http11Processor.java:374)
org.apache.coyote.AbstractProcessorLight.process(AbstractProcessorLight.java:65)
org.apache.coyote.AbstractProtocol$ConnectionHandler.process(AbstractProtocol.java:887)
org.apache.tomcat.util.net.NioEndpoint$SocketProcessor.doRun(NioEndpoint.java:1684)
org.apache.tomcat.util.net.SocketProcessorBase.run(SocketProcessorBase.java:49)
java.util.concurrent.ThreadPoolExecutor.runWorker(ThreadPoolExecutor.java:1142)
java.util.concurrent.ThreadPoolExecutor$Worker.run(ThreadPoolExecutor.java:617)
org.apache.tomcat.util.threads.TaskThread$WrappingRunnable.run(TaskThread.java:61)
java.lang.Thread.run(Thread.java:745)

2021-08-08 12:28:32 INFO  LoginFilter:56 - username- prateekm@aicofindia.com

2021-08-08 12:28:32 INFO  LoginFilter:56 - username- prateekm@aicofindia.com

2021-08-08 12:28:32 INFO  LoginFilter:56 - username- prateekm@aicofindia.com

2021-08-08 12:28:36 INFO  LoginFilter:56 - username- prateekm@aicofindia.com

2021-08-08 12:28:36 INFO  LoginFilter:56 - username- prateekm@aicofindia.com

2021-08-08 12:28:36 INFO  LoginFilter:56 - username- prateekm@aicofindia.com

2021-08-08 12:28:52 INFO  LoginFilter:56 - username- prateekm@aicofindia.com

2021-08-08 12:28:52 INFO  LoginFilter:56 - username- prateekm@aicofindia.com

2021-08-08 12:29:19 INFO  LoginFilter:56 - username- prateekm@aicofindia.com

2021-08-08 12:29:19 INFO  LoginFilter:56 - username- prateekm@aicofindia.com

2021-08-08 12:29:19 INFO  LoginFilter:56 - username- prateekm@aicofindia.com

2021-08-08 12:29:23 INFO  LoginFilter:56 - username- prateekm@aicofindia.com

2021-08-08 12:29:23 INFO  LoginFilter:56 - username- prateekm@aicofindia.com

2021-08-08 12:29:23 INFO  LoginFilter:56 - username- prateekm@aicofindia.com

2021-08-08 12:29:38 INFO  LoginFilter:56 - username- prateekm@aicofindia.com

2021-08-08 12:29:38 INFO  LoginFilter:56 - username- prateekm@aicofindia.com

2021-08-08 12:29:53 ERROR EditDao:109 - java.sql.SQLException: Column 'intermediaryName' not found.

java.lang.Thread.getStackTrace(Thread.java:1552)
com.model.dao.EditDao.listIntermediary(EditDao.java:106)
com.controllers.servlet.editController.doGet(editController.java:44)
javax.servlet.http.HttpServlet.service(HttpServlet.java:626)
javax.servlet.http.HttpServlet.service(HttpServlet.java:733)
org.apache.catalina.core.ApplicationFilterChain.internalDoFilter(ApplicationFilterChain.java:227)
org.apache.catalina.core.ApplicationFilterChain.doFilter(ApplicationFilterChain.java:162)
org.apache.tomcat.websocket.server.WsFilter.doFilter(WsFilter.java:53)
org.apache.catalina.core.ApplicationFilterChain.internalDoFilter(ApplicationFilterChain.java:189)
org.apache.catalina.core.ApplicationFilterChain.doFilter(ApplicationFilterChain.java:162)
org.apache.catalina.core.StandardWrapperValve.invoke(StandardWrapperValve.java:202)
org.apache.catalina.core.StandardContextValve.invoke(StandardContextValve.java:97)
org.apache.catalina.authenticator.AuthenticatorBase.invoke(AuthenticatorBase.java:542)
org.apache.catalina.core.StandardHostValve.invoke(StandardHostValve.java:143)
org.apache.catalina.valves.ErrorReportValve.invoke(ErrorReportValve.java:92)
org.apache.catalina.valves.AbstractAccessLogValve.invoke(AbstractAccessLogValve.java:687)
org.apache.catalina.core.StandardEngineValve.invoke(StandardEngineValve.java:78)
org.apache.catalina.connector.CoyoteAdapter.service(CoyoteAdapter.java:346)
org.apache.coyote.http11.Http11Processor.service(Http11Processor.java:374)
org.apache.coyote.AbstractProcessorLight.process(AbstractProcessorLight.java:65)
org.apache.coyote.AbstractProtocol$ConnectionHandler.process(AbstractProtocol.java:887)
org.apache.tomcat.util.net.NioEndpoint$SocketProcessor.doRun(NioEndpoint.java:1684)
org.apache.tomcat.util.net.SocketProcessorBase.run(SocketProcessorBase.java:49)
java.util.concurrent.ThreadPoolExecutor.runWorker(ThreadPoolExecutor.java:1142)
java.util.concurrent.ThreadPoolExecutor$Worker.run(ThreadPoolExecutor.java:617)
org.apache.tomcat.util.threads.TaskThread$WrappingRunnable.run(TaskThread.java:61)
java.lang.Thread.run(Thread.java:745)

2021-08-08 12:29:53 INFO  LoginFilter:56 - username- prateekm@aicofindia.com

2021-08-08 12:29:53 INFO  LoginFilter:56 - username- prateekm@aicofindia.com

2021-08-08 12:29:53 INFO  LoginFilter:56 - username- prateekm@aicofindia.com

2021-08-08 12:34:56 INFO  UserDao:170 - User Validation successfull- prateekm@aicofindia.com

2021-08-08 12:34:56 INFO  LoginController:83 - Login successfull- prateekm@aicofindia.com

2021-08-08 12:34:56 INFO  LoginFilter:56 - username- prateekm@aicofindia.com

2021-08-08 12:34:56 INFO  LoginFilter:56 - username- prateekm@aicofindia.com

2021-08-08 12:34:56 INFO  LoginFilter:56 - username- prateekm@aicofindia.com

2021-08-08 12:34:56 INFO  LoginFilter:56 - username- prateekm@aicofindia.com

2021-08-08 12:34:56 INFO  LoginFilter:56 - username- prateekm@aicofindia.com

2021-08-08 12:34:56 INFO  LoginFilter:56 - username- prateekm@aicofindia.com

2021-08-08 12:34:56 INFO  LoginFilter:56 - username- prateekm@aicofindia.com

2021-08-08 12:34:56 INFO  LoginFilter:56 - username- prateekm@aicofindia.com

2021-08-08 12:34:56 INFO  LoginFilter:56 - username- prateekm@aicofindia.com

2021-08-08 12:34:56 INFO  LoginFilter:56 - username- prateekm@aicofindia.com

2021-08-08 12:34:56 INFO  LoginFilter:56 - username- prateekm@aicofindia.com

2021-08-08 12:34:56 INFO  LoginFilter:56 - username- prateekm@aicofindia.com

2021-08-08 12:34:56 INFO  LoginFilter:56 - username- prateekm@aicofindia.com

2021-08-08 12:34:56 INFO  LoginFilter:56 - username- prateekm@aicofindia.com

2021-08-08 12:34:56 INFO  LoginFilter:56 - username- prateekm@aicofindia.com

2021-08-08 12:34:56 INFO  LoginFilter:56 - username- prateekm@aicofindia.com

2021-08-08 12:34:56 INFO  LoginFilter:56 - username- prateekm@aicofindia.com

2021-08-08 12:34:56 INFO  LoginFilter:56 - username- prateekm@aicofindia.com

2021-08-08 12:34:56 INFO  LoginFilter:56 - username- prateekm@aicofindia.com

2021-08-08 12:34:56 INFO  LoginFilter:56 - username- prateekm@aicofindia.com

2021-08-08 12:34:56 INFO  LoginFilter:56 - username- prateekm@aicofindia.com

2021-08-08 12:34:56 INFO  LoginFilter:56 - username- prateekm@aicofindia.com

2021-08-08 12:34:56 INFO  LoginFilter:56 - username- prateekm@aicofindia.com

2021-08-08 12:34:56 INFO  LoginFilter:56 - username- prateekm@aicofindia.com

2021-08-08 12:34:56 INFO  LoginFilter:56 - username- prateekm@aicofindia.com

2021-08-08 12:34:56 INFO  LoginFilter:56 - username- prateekm@aicofindia.com

2021-08-08 12:34:56 INFO  LoginFilter:56 - username- prateekm@aicofindia.com

2021-08-08 12:34:56 INFO  LoginFilter:56 - username- prateekm@aicofindia.com

2021-08-08 12:34:56 INFO  LoginFilter:56 - username- prateekm@aicofindia.com

2021-08-08 12:34:56 INFO  LoginFilter:56 - username- prateekm@aicofindia.com

2021-08-08 12:34:56 INFO  LoginFilter:56 - username- prateekm@aicofindia.com

2021-08-08 12:34:56 INFO  LoginFilter:56 - username- prateekm@aicofindia.com

2021-08-08 12:34:56 INFO  LoginFilter:56 - username- prateekm@aicofindia.com

2021-08-08 12:34:56 INFO  LoginFilter:56 - username- prateekm@aicofindia.com

2021-08-08 12:34:56 INFO  LoginFilter:56 - username- prateekm@aicofindia.com

2021-08-08 12:34:56 INFO  LoginFilter:56 - username- prateekm@aicofindia.com

2021-08-08 12:34:56 INFO  LoginFilter:56 - username- prateekm@aicofindia.com

2021-08-08 12:34:56 INFO  LoginFilter:56 - username- prateekm@aicofindia.com

2021-08-08 12:34:56 INFO  LoginFilter:56 - username- prateekm@aicofindia.com

2021-08-08 12:34:56 INFO  LoginFilter:56 - username- prateekm@aicofindia.com

2021-08-08 12:34:56 INFO  LoginFilter:56 - username- prateekm@aicofindia.com

2021-08-08 12:34:56 INFO  LoginFilter:56 - username- prateekm@aicofindia.com

2021-08-08 12:34:56 INFO  LoginFilter:56 - username- prateekm@aicofindia.com

2021-08-08 12:34:56 INFO  LoginFilter:56 - username- prateekm@aicofindia.com

2021-08-08 12:34:59 INFO  LoginFilter:56 - username- prateekm@aicofindia.com

2021-08-08 12:35:00 INFO  LoginFilter:56 - username- prateekm@aicofindia.com

2021-08-08 12:35:00 INFO  LoginFilter:56 - username- prateekm@aicofindia.com

2021-08-08 12:35:20 INFO  LoginFilter:56 - username- prateekm@aicofindia.com

2021-08-08 12:35:20 INFO  LoginFilter:56 - username- prateekm@aicofindia.com

2021-08-08 12:35:28 ERROR EditDao:109 - java.sql.SQLException: Column 'int_spoc_name' not found.

java.lang.Thread.getStackTrace(Thread.java:1552)
com.model.dao.EditDao.listIntermediary(EditDao.java:106)
com.controllers.servlet.editController.doGet(editController.java:44)
javax.servlet.http.HttpServlet.service(HttpServlet.java:626)
javax.servlet.http.HttpServlet.service(HttpServlet.java:733)
org.apache.catalina.core.ApplicationFilterChain.internalDoFilter(ApplicationFilterChain.java:227)
org.apache.catalina.core.ApplicationFilterChain.doFilter(ApplicationFilterChain.java:162)
org.apache.tomcat.websocket.server.WsFilter.doFilter(WsFilter.java:53)
org.apache.catalina.core.ApplicationFilterChain.internalDoFilter(ApplicationFilterChain.java:189)
org.apache.catalina.core.ApplicationFilterChain.doFilter(ApplicationFilterChain.java:162)
org.apache.catalina.core.StandardWrapperValve.invoke(StandardWrapperValve.java:202)
org.apache.catalina.core.StandardContextValve.invoke(StandardContextValve.java:97)
org.apache.catalina.authenticator.AuthenticatorBase.invoke(AuthenticatorBase.java:542)
org.apache.catalina.core.StandardHostValve.invoke(StandardHostValve.java:143)
org.apache.catalina.valves.ErrorReportValve.invoke(ErrorReportValve.java:92)
org.apache.catalina.valves.AbstractAccessLogValve.invoke(AbstractAccessLogValve.java:687)
org.apache.catalina.core.StandardEngineValve.invoke(StandardEngineValve.java:78)
org.apache.catalina.connector.CoyoteAdapter.service(CoyoteAdapter.java:346)
org.apache.coyote.http11.Http11Processor.service(Http11Processor.java:374)
org.apache.coyote.AbstractProcessorLight.process(AbstractProcessorLight.java:65)
org.apache.coyote.AbstractProtocol$ConnectionHandler.process(AbstractProtocol.java:887)
org.apache.tomcat.util.net.NioEndpoint$SocketProcessor.doRun(NioEndpoint.java:1684)
org.apache.tomcat.util.net.SocketProcessorBase.run(SocketProcessorBase.java:49)
java.util.concurrent.ThreadPoolExecutor.runWorker(ThreadPoolExecutor.java:1142)
java.util.concurrent.ThreadPoolExecutor$Worker.run(ThreadPoolExecutor.java:617)
org.apache.tomcat.util.threads.TaskThread$WrappingRunnable.run(TaskThread.java:61)
java.lang.Thread.run(Thread.java:745)

2021-08-08 12:35:28 INFO  LoginFilter:56 - username- prateekm@aicofindia.com

2021-08-08 12:35:28 INFO  LoginFilter:56 - username- prateekm@aicofindia.com

2021-08-08 12:35:28 INFO  LoginFilter:56 - username- prateekm@aicofindia.com

2021-08-08 12:37:16 ERROR EditDao:109 - java.sql.SQLException: Column 'spoc_name' not found.

java.lang.Thread.getStackTrace(Thread.java:1552)
com.model.dao.EditDao.listIntermediary(EditDao.java:106)
com.controllers.servlet.editController.doGet(editController.java:44)
javax.servlet.http.HttpServlet.service(HttpServlet.java:626)
javax.servlet.http.HttpServlet.service(HttpServlet.java:733)
org.apache.catalina.core.ApplicationFilterChain.internalDoFilter(ApplicationFilterChain.java:227)
org.apache.catalina.core.ApplicationFilterChain.doFilter(ApplicationFilterChain.java:162)
org.apache.tomcat.websocket.server.WsFilter.doFilter(WsFilter.java:53)
org.apache.catalina.core.ApplicationFilterChain.internalDoFilter(ApplicationFilterChain.java:189)
org.apache.catalina.core.ApplicationFilterChain.doFilter(ApplicationFilterChain.java:162)
org.apache.catalina.core.StandardWrapperValve.invoke(StandardWrapperValve.java:202)
org.apache.catalina.core.StandardContextValve.invoke(StandardContextValve.java:97)
org.apache.catalina.authenticator.AuthenticatorBase.invoke(AuthenticatorBase.java:542)
org.apache.catalina.core.StandardHostValve.invoke(StandardHostValve.java:143)
org.apache.catalina.valves.ErrorReportValve.invoke(ErrorReportValve.java:92)
org.apache.catalina.valves.AbstractAccessLogValve.invoke(AbstractAccessLogValve.java:687)
org.apache.catalina.core.StandardEngineValve.invoke(StandardEngineValve.java:78)
org.apache.catalina.connector.CoyoteAdapter.service(CoyoteAdapter.java:346)
org.apache.coyote.http11.Http11Processor.service(Http11Processor.java:374)
org.apache.coyote.AbstractProcessorLight.process(AbstractProcessorLight.java:65)
org.apache.coyote.AbstractProtocol$ConnectionHandler.process(AbstractProtocol.java:887)
org.apache.tomcat.util.net.NioEndpoint$SocketProcessor.doRun(NioEndpoint.java:1684)
org.apache.tomcat.util.net.SocketProcessorBase.run(SocketProcessorBase.java:49)
java.util.concurrent.ThreadPoolExecutor.runWorker(ThreadPoolExecutor.java:1142)
java.util.concurrent.ThreadPoolExecutor$Worker.run(ThreadPoolExecutor.java:617)
org.apache.tomcat.util.threads.TaskThread$WrappingRunnable.run(TaskThread.java:61)
java.lang.Thread.run(Thread.java:745)

2021-08-08 12:37:16 INFO  LoginFilter:56 - username- prateekm@aicofindia.com

2021-08-08 12:37:16 INFO  LoginFilter:56 - username- prateekm@aicofindia.com

2021-08-08 12:37:16 INFO  LoginFilter:56 - username- prateekm@aicofindia.com

2021-08-08 12:41:55 INFO  LoginFilter:56 - username- prateekm@aicofindia.com

2021-08-08 12:41:55 INFO  LoginFilter:56 - username- prateekm@aicofindia.com

2021-08-08 12:41:55 INFO  LoginFilter:56 - username- prateekm@aicofindia.com

2021-08-08 13:21:28 INFO  UserDao:170 - User Validation successfull- prateekm@aicofindia.com

2021-08-08 13:21:28 INFO  LoginController:83 - Login successfull- prateekm@aicofindia.com

2021-08-08 13:21:28 INFO  LoginFilter:56 - username- prateekm@aicofindia.com

2021-08-08 13:21:28 INFO  LoginFilter:56 - username- prateekm@aicofindia.com

2021-08-08 13:21:29 INFO  LoginFilter:56 - username- prateekm@aicofindia.com

2021-08-08 13:21:29 INFO  LoginFilter:56 - username- prateekm@aicofindia.com

2021-08-08 13:21:29 INFO  LoginFilter:56 - username- prateekm@aicofindia.com

2021-08-08 13:21:29 INFO  LoginFilter:56 - username- prateekm@aicofindia.com

2021-08-08 13:21:29 INFO  LoginFilter:56 - username- prateekm@aicofindia.com

2021-08-08 13:21:29 INFO  LoginFilter:56 - username- prateekm@aicofindia.com

2021-08-08 13:21:29 INFO  LoginFilter:56 - username- prateekm@aicofindia.com

2021-08-08 13:21:29 INFO  LoginFilter:56 - username- prateekm@aicofindia.com

2021-08-08 13:21:29 INFO  LoginFilter:56 - username- prateekm@aicofindia.com

2021-08-08 13:21:29 INFO  LoginFilter:56 - username- prateekm@aicofindia.com

2021-08-08 13:21:29 INFO  LoginFilter:56 - username- prateekm@aicofindia.com

2021-08-08 13:21:29 INFO  LoginFilter:56 - username- prateekm@aicofindia.com

2021-08-08 13:21:29 INFO  LoginFilter:56 - username- prateekm@aicofindia.com

2021-08-08 13:21:29 INFO  LoginFilter:56 - username- prateekm@aicofindia.com

2021-08-08 13:21:29 INFO  LoginFilter:56 - username- prateekm@aicofindia.com

2021-08-08 13:21:29 INFO  LoginFilter:56 - username- prateekm@aicofindia.com

2021-08-08 13:21:29 INFO  LoginFilter:56 - username- prateekm@aicofindia.com

2021-08-08 13:21:29 INFO  LoginFilter:56 - username- prateekm@aicofindia.com

2021-08-08 13:21:29 INFO  LoginFilter:56 - username- prateekm@aicofindia.com

2021-08-08 13:21:29 INFO  LoginFilter:56 - username- prateekm@aicofindia.com

2021-08-08 13:21:29 INFO  LoginFilter:56 - username- prateekm@aicofindia.com

2021-08-08 13:21:29 INFO  LoginFilter:56 - username- prateekm@aicofindia.com

2021-08-08 13:21:29 INFO  LoginFilter:56 - username- prateekm@aicofindia.com

2021-08-08 13:21:29 INFO  LoginFilter:56 - username- prateekm@aicofindia.com

2021-08-08 13:21:29 INFO  LoginFilter:56 - username- prateekm@aicofindia.com

2021-08-08 13:21:29 INFO  LoginFilter:56 - username- prateekm@aicofindia.com

2021-08-08 13:21:29 INFO  LoginFilter:56 - username- prateekm@aicofindia.com

2021-08-08 13:21:29 INFO  LoginFilter:56 - username- prateekm@aicofindia.com

2021-08-08 13:21:29 INFO  LoginFilter:56 - username- prateekm@aicofindia.com

2021-08-08 13:21:29 INFO  LoginFilter:56 - username- prateekm@aicofindia.com

2021-08-08 13:21:29 INFO  LoginFilter:56 - username- prateekm@aicofindia.com

2021-08-08 13:21:29 INFO  LoginFilter:56 - username- prateekm@aicofindia.com

2021-08-08 13:21:29 INFO  LoginFilter:56 - username- prateekm@aicofindia.com

2021-08-08 13:21:29 INFO  LoginFilter:56 - username- prateekm@aicofindia.com

2021-08-08 13:21:29 INFO  LoginFilter:56 - username- prateekm@aicofindia.com

2021-08-08 13:21:29 INFO  LoginFilter:56 - username- prateekm@aicofindia.com

2021-08-08 13:21:29 INFO  LoginFilter:56 - username- prateekm@aicofindia.com

2021-08-08 13:21:29 INFO  LoginFilter:56 - username- prateekm@aicofindia.com

2021-08-08 13:21:29 INFO  LoginFilter:56 - username- prateekm@aicofindia.com

2021-08-08 13:21:29 INFO  LoginFilter:56 - username- prateekm@aicofindia.com

2021-08-08 13:21:29 INFO  LoginFilter:56 - username- prateekm@aicofindia.com

2021-08-08 13:21:29 INFO  LoginFilter:56 - username- prateekm@aicofindia.com

2021-08-08 13:22:00 INFO  LoginFilter:56 - username- prateekm@aicofindia.com

2021-08-08 13:22:00 INFO  LoginFilter:56 - username- prateekm@aicofindia.com

2021-08-08 13:22:00 INFO  LoginFilter:56 - username- prateekm@aicofindia.com

2021-08-08 13:22:28 INFO  LoginFilter:56 - username- prateekm@aicofindia.com

2021-08-08 13:22:28 INFO  LoginFilter:56 - username- prateekm@aicofindia.com

2021-08-08 13:23:03 INFO  LoginFilter:56 - username- prateekm@aicofindia.com

2021-08-08 13:23:04 INFO  LoginFilter:56 - username- prateekm@aicofindia.com

2021-08-08 13:23:04 INFO  LoginFilter:56 - username- prateekm@aicofindia.com

2021-08-08 13:24:32 INFO  LoginFilter:56 - username- prateekm@aicofindia.com

2021-08-08 13:24:32 INFO  LoginFilter:56 - username- prateekm@aicofindia.com

2021-08-08 13:24:32 INFO  LoginFilter:56 - username- prateekm@aicofindia.com

2021-08-08 13:24:46 INFO  LoginFilter:56 - username- prateekm@aicofindia.com

2021-08-08 13:24:46 INFO  LoginFilter:56 - username- prateekm@aicofindia.com

2021-08-08 13:24:46 INFO  LoginFilter:56 - username- prateekm@aicofindia.com

2021-08-08 13:25:10 INFO  LoginFilter:56 - username- prateekm@aicofindia.com

2021-08-08 13:25:10 INFO  LoginFilter:56 - username- prateekm@aicofindia.com

2021-08-08 13:25:38 INFO  LoginFilter:56 - username- prateekm@aicofindia.com

2021-08-08 13:25:38 INFO  LoginFilter:56 - username- prateekm@aicofindia.com

2021-08-08 13:25:38 INFO  LoginFilter:56 - username- prateekm@aicofindia.com

