2021-08-11 09:56:46 INFO  UserDao:170 - User Validation successfull- prateekm@aicofindia.com

2021-08-11 09:56:46 INFO  LoginController:83 - Login successfull- prateekm@aicofindia.com

2021-08-11 09:56:46 INFO  LoginFilter:56 - username- prateekm@aicofindia.com

2021-08-11 09:56:46 INFO  LoginFilter:56 - username- prateekm@aicofindia.com

2021-08-11 09:56:48 INFO  LoginFilter:56 - username- prateekm@aicofindia.com

2021-08-11 09:56:48 INFO  LoginFilter:56 - username- prateekm@aicofindia.com

2021-08-11 09:56:48 INFO  LoginFilter:56 - username- prateekm@aicofindia.com

2021-08-11 09:56:48 INFO  LoginFilter:56 - username- prateekm@aicofindia.com

2021-08-11 09:56:48 INFO  LoginFilter:56 - username- prateekm@aicofindia.com

2021-08-11 09:56:48 INFO  LoginFilter:56 - username- prateekm@aicofindia.com

2021-08-11 09:56:48 INFO  LoginFilter:56 - username- prateekm@aicofindia.com

2021-08-11 09:56:48 INFO  LoginFilter:56 - username- prateekm@aicofindia.com

2021-08-11 09:56:48 INFO  LoginFilter:56 - username- prateekm@aicofindia.com

2021-08-11 09:56:48 INFO  LoginFilter:56 - username- prateekm@aicofindia.com

2021-08-11 09:56:48 INFO  LoginFilter:56 - username- prateekm@aicofindia.com

2021-08-11 09:56:48 INFO  LoginFilter:56 - username- prateekm@aicofindia.com

2021-08-11 09:56:48 INFO  LoginFilter:56 - username- prateekm@aicofindia.com

2021-08-11 09:56:48 INFO  LoginFilter:56 - username- prateekm@aicofindia.com

2021-08-11 09:56:48 INFO  LoginFilter:56 - username- prateekm@aicofindia.com

2021-08-11 09:56:48 INFO  LoginFilter:56 - username- prateekm@aicofindia.com

2021-08-11 09:56:48 INFO  LoginFilter:56 - username- prateekm@aicofindia.com

2021-08-11 09:56:48 INFO  LoginFilter:56 - username- prateekm@aicofindia.com

2021-08-11 09:56:48 INFO  LoginFilter:56 - username- prateekm@aicofindia.com

2021-08-11 09:56:48 INFO  LoginFilter:56 - username- prateekm@aicofindia.com

2021-08-11 09:56:48 INFO  LoginFilter:56 - username- prateekm@aicofindia.com

2021-08-11 09:56:48 INFO  LoginFilter:56 - username- prateekm@aicofindia.com

2021-08-11 09:56:49 INFO  LoginFilter:56 - username- prateekm@aicofindia.com

2021-08-11 09:56:49 INFO  LoginFilter:56 - username- prateekm@aicofindia.com

2021-08-11 09:56:49 INFO  LoginFilter:56 - username- prateekm@aicofindia.com

2021-08-11 09:56:49 INFO  LoginFilter:56 - username- prateekm@aicofindia.com

2021-08-11 09:56:49 INFO  LoginFilter:56 - username- prateekm@aicofindia.com

2021-08-11 09:56:49 INFO  LoginFilter:56 - username- prateekm@aicofindia.com

2021-08-11 09:56:49 INFO  LoginFilter:56 - username- prateekm@aicofindia.com

2021-08-11 09:56:49 INFO  LoginFilter:56 - username- prateekm@aicofindia.com

2021-08-11 09:56:49 INFO  LoginFilter:56 - username- prateekm@aicofindia.com

2021-08-11 09:56:49 INFO  LoginFilter:56 - username- prateekm@aicofindia.com

2021-08-11 09:56:49 INFO  LoginFilter:56 - username- prateekm@aicofindia.com

2021-08-11 09:56:49 INFO  LoginFilter:56 - username- prateekm@aicofindia.com

2021-08-11 09:56:49 INFO  LoginFilter:56 - username- prateekm@aicofindia.com

2021-08-11 09:56:49 INFO  LoginFilter:56 - username- prateekm@aicofindia.com

2021-08-11 09:56:49 INFO  LoginFilter:56 - username- prateekm@aicofindia.com

2021-08-11 09:56:49 INFO  LoginFilter:56 - username- prateekm@aicofindia.com

2021-08-11 09:56:49 INFO  LoginFilter:56 - username- prateekm@aicofindia.com

2021-08-11 09:56:49 INFO  LoginFilter:56 - username- prateekm@aicofindia.com

2021-08-11 09:56:53 INFO  LoginFilter:56 - username- prateekm@aicofindia.com

2021-08-11 09:56:53 INFO  LoginFilter:56 - username- prateekm@aicofindia.com

2021-08-11 09:57:00 INFO  LoginFilter:56 - username- prateekm@aicofindia.com

2021-08-11 09:57:00 INFO  LoginFilter:56 - username- prateekm@aicofindia.com

2021-08-11 09:57:00 INFO  LoginFilter:56 - username- prateekm@aicofindia.com

2021-08-11 09:57:19 INFO  LoginFilter:56 - username- prateekm@aicofindia.com

2021-08-11 09:57:19 INFO  LoginFilter:56 - username- prateekm@aicofindia.com

2021-08-11 09:57:43 INFO  LoginFilter:56 - username- prateekm@aicofindia.com

2021-08-11 09:57:44 INFO  LoginFilter:56 - username- prateekm@aicofindia.com

2021-08-11 09:57:44 INFO  LoginFilter:56 - username- prateekm@aicofindia.com

2021-08-11 09:58:29 ERROR EditDao:178 - java.sql.SQLException: No value specified for parameter 30

java.lang.Thread.getStackTrace(Thread.java:1552)
com.model.dao.EditDao.updateUser(EditDao.java:175)
com.controllers.servlet.editController.doPost(editController.java:133)
javax.servlet.http.HttpServlet.service(HttpServlet.java:652)
javax.servlet.http.HttpServlet.service(HttpServlet.java:733)
org.apache.catalina.core.ApplicationFilterChain.internalDoFilter(ApplicationFilterChain.java:227)
org.apache.catalina.core.ApplicationFilterChain.doFilter(ApplicationFilterChain.java:162)
org.apache.tomcat.websocket.server.WsFilter.doFilter(WsFilter.java:53)
org.apache.catalina.core.ApplicationFilterChain.internalDoFilter(ApplicationFilterChain.java:189)
org.apache.catalina.core.ApplicationFilterChain.doFilter(ApplicationFilterChain.java:162)
org.apache.catalina.core.StandardWrapperValve.invoke(StandardWrapperValve.java:202)
org.apache.catalina.core.StandardContextValve.invoke(StandardContextValve.java:97)
org.apache.catalina.authenticator.AuthenticatorBase.invoke(AuthenticatorBase.java:542)
org.apache.catalina.core.StandardHostValve.invoke(StandardHostValve.java:143)
org.apache.catalina.valves.ErrorReportValve.invoke(ErrorReportValve.java:92)
org.apache.catalina.valves.AbstractAccessLogValve.invoke(AbstractAccessLogValve.java:687)
org.apache.catalina.core.StandardEngineValve.invoke(StandardEngineValve.java:78)
org.apache.catalina.connector.CoyoteAdapter.service(CoyoteAdapter.java:346)
org.apache.coyote.http11.Http11Processor.service(Http11Processor.java:374)
org.apache.coyote.AbstractProcessorLight.process(AbstractProcessorLight.java:65)
org.apache.coyote.AbstractProtocol$ConnectionHandler.process(AbstractProtocol.java:887)
org.apache.tomcat.util.net.NioEndpoint$SocketProcessor.doRun(NioEndpoint.java:1684)
org.apache.tomcat.util.net.SocketProcessorBase.run(SocketProcessorBase.java:49)
java.util.concurrent.ThreadPoolExecutor.runWorker(ThreadPoolExecutor.java:1142)
java.util.concurrent.ThreadPoolExecutor$Worker.run(ThreadPoolExecutor.java:617)
org.apache.tomcat.util.threads.TaskThread$WrappingRunnable.run(TaskThread.java:61)
java.lang.Thread.run(Thread.java:745)

2021-08-11 09:58:30 INFO  LoginFilter:56 - username- prateekm@aicofindia.com

2021-08-11 09:58:30 INFO  LoginFilter:56 - username- prateekm@aicofindia.com

2021-08-11 09:58:30 INFO  LoginFilter:56 - username- prateekm@aicofindia.com

2021-08-11 09:58:30 INFO  LoginFilter:56 - username- prateekm@aicofindia.com

2021-08-11 09:58:30 INFO  LoginFilter:56 - username- prateekm@aicofindia.com

2021-08-11 09:58:30 INFO  LoginFilter:56 - username- prateekm@aicofindia.com

2021-08-11 09:58:30 INFO  LoginFilter:56 - username- prateekm@aicofindia.com

2021-08-11 09:58:30 INFO  LoginFilter:56 - username- prateekm@aicofindia.com

2021-08-11 09:58:30 INFO  LoginFilter:56 - username- prateekm@aicofindia.com

2021-08-11 09:58:30 INFO  LoginFilter:56 - username- prateekm@aicofindia.com

2021-08-11 09:58:30 INFO  LoginFilter:56 - username- prateekm@aicofindia.com

2021-08-11 09:58:30 INFO  LoginFilter:56 - username- prateekm@aicofindia.com

2021-08-11 09:58:30 INFO  LoginFilter:56 - username- prateekm@aicofindia.com

2021-08-11 09:58:30 INFO  LoginFilter:56 - username- prateekm@aicofindia.com

2021-08-11 09:58:30 INFO  LoginFilter:56 - username- prateekm@aicofindia.com

2021-08-11 09:58:30 INFO  LoginFilter:56 - username- prateekm@aicofindia.com

2021-08-11 09:58:30 INFO  LoginFilter:56 - username- prateekm@aicofindia.com

2021-08-11 09:58:30 INFO  LoginFilter:56 - username- prateekm@aicofindia.com

2021-08-11 09:58:30 INFO  LoginFilter:56 - username- prateekm@aicofindia.com

2021-08-11 09:58:30 INFO  LoginFilter:56 - username- prateekm@aicofindia.com

2021-08-11 09:58:30 INFO  LoginFilter:56 - username- prateekm@aicofindia.com

2021-08-11 09:58:30 INFO  LoginFilter:56 - username- prateekm@aicofindia.com

2021-08-11 09:58:30 INFO  LoginFilter:56 - username- prateekm@aicofindia.com

2021-08-11 09:58:30 INFO  LoginFilter:56 - username- prateekm@aicofindia.com

2021-08-11 09:58:30 INFO  LoginFilter:56 - username- prateekm@aicofindia.com

2021-08-11 09:58:30 INFO  LoginFilter:56 - username- prateekm@aicofindia.com

2021-08-11 09:58:30 INFO  LoginFilter:56 - username- prateekm@aicofindia.com

2021-08-11 09:58:30 INFO  LoginFilter:56 - username- prateekm@aicofindia.com

2021-08-11 09:58:30 INFO  LoginFilter:56 - username- prateekm@aicofindia.com

2021-08-11 09:58:30 INFO  LoginFilter:56 - username- prateekm@aicofindia.com

2021-08-11 09:58:30 INFO  LoginFilter:56 - username- prateekm@aicofindia.com

2021-08-11 09:58:30 INFO  LoginFilter:56 - username- prateekm@aicofindia.com

2021-08-11 09:58:30 INFO  LoginFilter:56 - username- prateekm@aicofindia.com

2021-08-11 09:58:30 INFO  LoginFilter:56 - username- prateekm@aicofindia.com

2021-08-11 09:58:30 INFO  LoginFilter:56 - username- prateekm@aicofindia.com

2021-08-11 09:58:30 INFO  LoginFilter:56 - username- prateekm@aicofindia.com

2021-08-11 09:58:30 INFO  LoginFilter:56 - username- prateekm@aicofindia.com

2021-08-11 09:58:30 INFO  LoginFilter:56 - username- prateekm@aicofindia.com

2021-08-11 09:58:30 INFO  LoginFilter:56 - username- prateekm@aicofindia.com

2021-08-11 09:58:30 INFO  LoginFilter:56 - username- prateekm@aicofindia.com

2021-08-11 09:58:30 INFO  LoginFilter:56 - username- prateekm@aicofindia.com

2021-08-11 09:58:30 INFO  LoginFilter:56 - username- prateekm@aicofindia.com

2021-08-11 09:58:49 INFO  LoginFilter:56 - username- prateekm@aicofindia.com

2021-08-11 09:58:49 INFO  LoginFilter:56 - username- prateekm@aicofindia.com

2021-08-11 09:58:49 INFO  LoginFilter:56 - username- prateekm@aicofindia.com

2021-08-11 10:02:48 INFO  LoginFilter:56 - username- prateekm@aicofindia.com

2021-08-11 10:02:48 INFO  LoginFilter:56 - username- prateekm@aicofindia.com

2021-08-11 10:02:48 INFO  LoginFilter:56 - username- prateekm@aicofindia.com

2021-08-11 10:02:48 INFO  LoginFilter:56 - username- prateekm@aicofindia.com

2021-08-11 10:02:48 INFO  LoginFilter:56 - username- prateekm@aicofindia.com

2021-08-11 10:02:48 INFO  LoginFilter:56 - username- prateekm@aicofindia.com

2021-08-11 10:02:48 INFO  LoginFilter:56 - username- prateekm@aicofindia.com

2021-08-11 10:02:48 INFO  LoginFilter:56 - username- prateekm@aicofindia.com

2021-08-11 10:02:48 INFO  LoginFilter:56 - username- prateekm@aicofindia.com

2021-08-11 10:02:48 INFO  LoginFilter:56 - username- prateekm@aicofindia.com

2021-08-11 10:02:48 INFO  LoginFilter:56 - username- prateekm@aicofindia.com

2021-08-11 10:02:48 INFO  LoginFilter:56 - username- prateekm@aicofindia.com

2021-08-11 10:02:48 INFO  LoginFilter:56 - username- prateekm@aicofindia.com

2021-08-11 10:02:48 INFO  LoginFilter:56 - username- prateekm@aicofindia.com

2021-08-11 10:02:48 INFO  LoginFilter:56 - username- prateekm@aicofindia.com

2021-08-11 10:02:48 INFO  LoginFilter:56 - username- prateekm@aicofindia.com

2021-08-11 10:02:48 INFO  LoginFilter:56 - username- prateekm@aicofindia.com

2021-08-11 10:02:48 INFO  LoginFilter:56 - username- prateekm@aicofindia.com

2021-08-11 10:02:48 INFO  LoginFilter:56 - username- prateekm@aicofindia.com

2021-08-11 10:02:48 INFO  LoginFilter:56 - username- prateekm@aicofindia.com

2021-08-11 10:02:48 INFO  LoginFilter:56 - username- prateekm@aicofindia.com

2021-08-11 10:02:48 INFO  LoginFilter:56 - username- prateekm@aicofindia.com

2021-08-11 10:02:48 INFO  LoginFilter:56 - username- prateekm@aicofindia.com

2021-08-11 10:02:48 INFO  LoginFilter:56 - username- prateekm@aicofindia.com

2021-08-11 10:02:48 INFO  LoginFilter:56 - username- prateekm@aicofindia.com

2021-08-11 10:02:48 INFO  LoginFilter:56 - username- prateekm@aicofindia.com

2021-08-11 10:02:48 INFO  LoginFilter:56 - username- prateekm@aicofindia.com

2021-08-11 10:02:48 INFO  LoginFilter:56 - username- prateekm@aicofindia.com

2021-08-11 10:02:48 INFO  LoginFilter:56 - username- prateekm@aicofindia.com

2021-08-11 10:02:48 INFO  LoginFilter:56 - username- prateekm@aicofindia.com

2021-08-11 10:02:48 INFO  LoginFilter:56 - username- prateekm@aicofindia.com

2021-08-11 10:02:48 INFO  LoginFilter:56 - username- prateekm@aicofindia.com

2021-08-11 10:02:48 INFO  LoginFilter:56 - username- prateekm@aicofindia.com

2021-08-11 10:02:48 INFO  LoginFilter:56 - username- prateekm@aicofindia.com

2021-08-11 10:02:48 INFO  LoginFilter:56 - username- prateekm@aicofindia.com

2021-08-11 10:02:48 INFO  LoginFilter:56 - username- prateekm@aicofindia.com

2021-08-11 10:02:48 INFO  LoginFilter:56 - username- prateekm@aicofindia.com

2021-08-11 10:02:48 INFO  LoginFilter:56 - username- prateekm@aicofindia.com

2021-08-11 10:02:48 INFO  LoginFilter:56 - username- prateekm@aicofindia.com

2021-08-11 10:02:48 INFO  LoginFilter:56 - username- prateekm@aicofindia.com

2021-08-11 10:02:48 INFO  LoginFilter:56 - username- prateekm@aicofindia.com

2021-08-11 10:02:48 INFO  LoginFilter:56 - username- prateekm@aicofindia.com

2021-08-11 10:03:16 INFO  LoginFilter:56 - username- prateekm@aicofindia.com

2021-08-11 10:03:16 INFO  LoginFilter:56 - username- prateekm@aicofindia.com

2021-08-11 10:03:16 INFO  LoginFilter:56 - username- prateekm@aicofindia.com

2021-08-11 10:09:14 INFO  LoginFilter:56 - username- prateekm@aicofindia.com

2021-08-11 10:09:14 INFO  LoginFilter:56 - username- prateekm@aicofindia.com

2021-08-11 10:09:14 INFO  LoginFilter:56 - username- prateekm@aicofindia.com

2021-08-11 10:16:19 INFO  UserDao:170 - User Validation successfull- prateekm@aicofindia.com

2021-08-11 10:16:19 INFO  LoginController:83 - Login successfull- prateekm@aicofindia.com

2021-08-11 10:16:19 INFO  LoginFilter:56 - username- prateekm@aicofindia.com

2021-08-11 10:16:19 INFO  LoginFilter:56 - username- prateekm@aicofindia.com

2021-08-11 10:16:19 INFO  LoginFilter:56 - username- prateekm@aicofindia.com

2021-08-11 10:16:19 INFO  LoginFilter:56 - username- prateekm@aicofindia.com

2021-08-11 10:16:19 INFO  LoginFilter:56 - username- prateekm@aicofindia.com

2021-08-11 10:16:19 INFO  LoginFilter:56 - username- prateekm@aicofindia.com

2021-08-11 10:16:19 INFO  LoginFilter:56 - username- prateekm@aicofindia.com

2021-08-11 10:16:19 INFO  LoginFilter:56 - username- prateekm@aicofindia.com

2021-08-11 10:16:19 INFO  LoginFilter:56 - username- prateekm@aicofindia.com

2021-08-11 10:16:19 INFO  LoginFilter:56 - username- prateekm@aicofindia.com

2021-08-11 10:16:19 INFO  LoginFilter:56 - username- prateekm@aicofindia.com

2021-08-11 10:16:19 INFO  LoginFilter:56 - username- prateekm@aicofindia.com

2021-08-11 10:16:19 INFO  LoginFilter:56 - username- prateekm@aicofindia.com

2021-08-11 10:16:19 INFO  LoginFilter:56 - username- prateekm@aicofindia.com

2021-08-11 10:16:19 INFO  LoginFilter:56 - username- prateekm@aicofindia.com

2021-08-11 10:16:19 INFO  LoginFilter:56 - username- prateekm@aicofindia.com

2021-08-11 10:16:19 INFO  LoginFilter:56 - username- prateekm@aicofindia.com

2021-08-11 10:16:19 INFO  LoginFilter:56 - username- prateekm@aicofindia.com

2021-08-11 10:16:19 INFO  LoginFilter:56 - username- prateekm@aicofindia.com

2021-08-11 10:16:19 INFO  LoginFilter:56 - username- prateekm@aicofindia.com

2021-08-11 10:16:19 INFO  LoginFilter:56 - username- prateekm@aicofindia.com

2021-08-11 10:16:19 INFO  LoginFilter:56 - username- prateekm@aicofindia.com

2021-08-11 10:16:19 INFO  LoginFilter:56 - username- prateekm@aicofindia.com

2021-08-11 10:16:19 INFO  LoginFilter:56 - username- prateekm@aicofindia.com

2021-08-11 10:16:19 INFO  LoginFilter:56 - username- prateekm@aicofindia.com

2021-08-11 10:16:19 INFO  LoginFilter:56 - username- prateekm@aicofindia.com

2021-08-11 10:16:19 INFO  LoginFilter:56 - username- prateekm@aicofindia.com

2021-08-11 10:16:19 INFO  LoginFilter:56 - username- prateekm@aicofindia.com

2021-08-11 10:16:19 INFO  LoginFilter:56 - username- prateekm@aicofindia.com

2021-08-11 10:16:19 INFO  LoginFilter:56 - username- prateekm@aicofindia.com

2021-08-11 10:16:19 INFO  LoginFilter:56 - username- prateekm@aicofindia.com

2021-08-11 10:16:19 INFO  LoginFilter:56 - username- prateekm@aicofindia.com

2021-08-11 10:16:19 INFO  LoginFilter:56 - username- prateekm@aicofindia.com

2021-08-11 10:16:19 INFO  LoginFilter:56 - username- prateekm@aicofindia.com

2021-08-11 10:16:19 INFO  LoginFilter:56 - username- prateekm@aicofindia.com

2021-08-11 10:16:19 INFO  LoginFilter:56 - username- prateekm@aicofindia.com

2021-08-11 10:16:19 INFO  LoginFilter:56 - username- prateekm@aicofindia.com

2021-08-11 10:16:19 INFO  LoginFilter:56 - username- prateekm@aicofindia.com

2021-08-11 10:16:19 INFO  LoginFilter:56 - username- prateekm@aicofindia.com

2021-08-11 10:16:19 INFO  LoginFilter:56 - username- prateekm@aicofindia.com

2021-08-11 10:16:19 INFO  LoginFilter:56 - username- prateekm@aicofindia.com

2021-08-11 10:16:19 INFO  LoginFilter:56 - username- prateekm@aicofindia.com

2021-08-11 10:16:19 INFO  LoginFilter:56 - username- prateekm@aicofindia.com

2021-08-11 10:16:19 INFO  LoginFilter:56 - username- prateekm@aicofindia.com

2021-08-11 10:16:22 INFO  LoginFilter:56 - username- prateekm@aicofindia.com

2021-08-11 10:16:22 INFO  LoginFilter:56 - username- prateekm@aicofindia.com

2021-08-11 10:16:22 INFO  LoginFilter:56 - username- prateekm@aicofindia.com

2021-08-11 10:16:36 INFO  LoginFilter:56 - username- prateekm@aicofindia.com

2021-08-11 10:16:36 INFO  LoginFilter:56 - username- prateekm@aicofindia.com

2021-08-11 10:16:43 INFO  LoginFilter:56 - username- prateekm@aicofindia.com

2021-08-11 10:16:43 INFO  LoginFilter:56 - username- prateekm@aicofindia.com

2021-08-11 10:16:43 INFO  LoginFilter:56 - username- prateekm@aicofindia.com

2021-08-11 10:16:47 INFO  LoginFilter:56 - username- prateekm@aicofindia.com

2021-08-11 10:16:47 INFO  LoginFilter:56 - username- prateekm@aicofindia.com

2021-08-11 10:16:47 INFO  LoginFilter:56 - username- prateekm@aicofindia.com

2021-08-11 10:17:12 ERROR EditDao:178 - java.sql.SQLException: No value specified for parameter 30

java.lang.Thread.getStackTrace(Thread.java:1552)
com.model.dao.EditDao.updateUser(EditDao.java:175)
com.controllers.servlet.editController.doPost(editController.java:135)
javax.servlet.http.HttpServlet.service(HttpServlet.java:652)
javax.servlet.http.HttpServlet.service(HttpServlet.java:733)
org.apache.catalina.core.ApplicationFilterChain.internalDoFilter(ApplicationFilterChain.java:227)
org.apache.catalina.core.ApplicationFilterChain.doFilter(ApplicationFilterChain.java:162)
org.apache.tomcat.websocket.server.WsFilter.doFilter(WsFilter.java:53)
org.apache.catalina.core.ApplicationFilterChain.internalDoFilter(ApplicationFilterChain.java:189)
org.apache.catalina.core.ApplicationFilterChain.doFilter(ApplicationFilterChain.java:162)
org.apache.catalina.core.StandardWrapperValve.invoke(StandardWrapperValve.java:202)
org.apache.catalina.core.StandardContextValve.invoke(StandardContextValve.java:97)
org.apache.catalina.authenticator.AuthenticatorBase.invoke(AuthenticatorBase.java:542)
org.apache.catalina.core.StandardHostValve.invoke(StandardHostValve.java:143)
org.apache.catalina.valves.ErrorReportValve.invoke(ErrorReportValve.java:92)
org.apache.catalina.valves.AbstractAccessLogValve.invoke(AbstractAccessLogValve.java:687)
org.apache.catalina.core.StandardEngineValve.invoke(StandardEngineValve.java:78)
org.apache.catalina.connector.CoyoteAdapter.service(CoyoteAdapter.java:346)
org.apache.coyote.http11.Http11Processor.service(Http11Processor.java:374)
org.apache.coyote.AbstractProcessorLight.process(AbstractProcessorLight.java:65)
org.apache.coyote.AbstractProtocol$ConnectionHandler.process(AbstractProtocol.java:887)
org.apache.tomcat.util.net.NioEndpoint$SocketProcessor.doRun(NioEndpoint.java:1684)
org.apache.tomcat.util.net.SocketProcessorBase.run(SocketProcessorBase.java:49)
java.util.concurrent.ThreadPoolExecutor.runWorker(ThreadPoolExecutor.java:1142)
java.util.concurrent.ThreadPoolExecutor$Worker.run(ThreadPoolExecutor.java:617)
org.apache.tomcat.util.threads.TaskThread$WrappingRunnable.run(TaskThread.java:61)
java.lang.Thread.run(Thread.java:745)

2021-08-11 10:17:12 INFO  LoginFilter:56 - username- prateekm@aicofindia.com

2021-08-11 10:17:12 INFO  LoginFilter:56 - username- prateekm@aicofindia.com

2021-08-11 10:17:12 INFO  LoginFilter:56 - username- prateekm@aicofindia.com

2021-08-11 10:17:12 INFO  LoginFilter:56 - username- prateekm@aicofindia.com

2021-08-11 10:17:12 INFO  LoginFilter:56 - username- prateekm@aicofindia.com

2021-08-11 10:17:12 INFO  LoginFilter:56 - username- prateekm@aicofindia.com

2021-08-11 10:17:12 INFO  LoginFilter:56 - username- prateekm@aicofindia.com

2021-08-11 10:17:12 INFO  LoginFilter:56 - username- prateekm@aicofindia.com

2021-08-11 10:17:12 INFO  LoginFilter:56 - username- prateekm@aicofindia.com

2021-08-11 10:17:12 INFO  LoginFilter:56 - username- prateekm@aicofindia.com

2021-08-11 10:17:12 INFO  LoginFilter:56 - username- prateekm@aicofindia.com

2021-08-11 10:17:12 INFO  LoginFilter:56 - username- prateekm@aicofindia.com

2021-08-11 10:17:12 INFO  LoginFilter:56 - username- prateekm@aicofindia.com

2021-08-11 10:17:12 INFO  LoginFilter:56 - username- prateekm@aicofindia.com

2021-08-11 10:17:12 INFO  LoginFilter:56 - username- prateekm@aicofindia.com

2021-08-11 10:17:12 INFO  LoginFilter:56 - username- prateekm@aicofindia.com

2021-08-11 10:17:12 INFO  LoginFilter:56 - username- prateekm@aicofindia.com

2021-08-11 10:17:12 INFO  LoginFilter:56 - username- prateekm@aicofindia.com

2021-08-11 10:17:12 INFO  LoginFilter:56 - username- prateekm@aicofindia.com

2021-08-11 10:17:12 INFO  LoginFilter:56 - username- prateekm@aicofindia.com

2021-08-11 10:17:12 INFO  LoginFilter:56 - username- prateekm@aicofindia.com

2021-08-11 10:17:12 INFO  LoginFilter:56 - username- prateekm@aicofindia.com

2021-08-11 10:17:12 INFO  LoginFilter:56 - username- prateekm@aicofindia.com

2021-08-11 10:17:12 INFO  LoginFilter:56 - username- prateekm@aicofindia.com

2021-08-11 10:17:12 INFO  LoginFilter:56 - username- prateekm@aicofindia.com

2021-08-11 10:17:12 INFO  LoginFilter:56 - username- prateekm@aicofindia.com

2021-08-11 10:17:12 INFO  LoginFilter:56 - username- prateekm@aicofindia.com

2021-08-11 10:17:12 INFO  LoginFilter:56 - username- prateekm@aicofindia.com

2021-08-11 10:17:12 INFO  LoginFilter:56 - username- prateekm@aicofindia.com

2021-08-11 10:17:12 INFO  LoginFilter:56 - username- prateekm@aicofindia.com

2021-08-11 10:17:12 INFO  LoginFilter:56 - username- prateekm@aicofindia.com

2021-08-11 10:17:12 INFO  LoginFilter:56 - username- prateekm@aicofindia.com

2021-08-11 10:17:12 INFO  LoginFilter:56 - username- prateekm@aicofindia.com

2021-08-11 10:17:12 INFO  LoginFilter:56 - username- prateekm@aicofindia.com

2021-08-11 10:17:12 INFO  LoginFilter:56 - username- prateekm@aicofindia.com

2021-08-11 10:17:12 INFO  LoginFilter:56 - username- prateekm@aicofindia.com

2021-08-11 10:17:12 INFO  LoginFilter:56 - username- prateekm@aicofindia.com

2021-08-11 10:17:12 INFO  LoginFilter:56 - username- prateekm@aicofindia.com

2021-08-11 10:17:12 INFO  LoginFilter:56 - username- prateekm@aicofindia.com

2021-08-11 10:17:12 INFO  LoginFilter:56 - username- prateekm@aicofindia.com

2021-08-11 10:17:12 INFO  LoginFilter:56 - username- prateekm@aicofindia.com

2021-08-11 10:17:12 INFO  LoginFilter:56 - username- prateekm@aicofindia.com

2021-08-11 10:17:14 INFO  LoginFilter:56 - username- prateekm@aicofindia.com

2021-08-11 10:17:14 INFO  LoginFilter:56 - username- prateekm@aicofindia.com

2021-08-11 10:17:14 INFO  LoginFilter:56 - username- prateekm@aicofindia.com

2021-08-11 10:20:04 INFO  LoginFilter:56 - username- prateekm@aicofindia.com

2021-08-11 10:20:04 INFO  LoginFilter:56 - username- prateekm@aicofindia.com

2021-08-11 10:20:04 INFO  LoginFilter:56 - username- prateekm@aicofindia.com

2021-08-11 10:20:04 INFO  LoginFilter:56 - username- prateekm@aicofindia.com

2021-08-11 10:20:04 INFO  LoginFilter:56 - username- prateekm@aicofindia.com

2021-08-11 10:20:04 INFO  LoginFilter:56 - username- prateekm@aicofindia.com

2021-08-11 10:20:04 INFO  LoginFilter:56 - username- prateekm@aicofindia.com

2021-08-11 10:20:04 INFO  LoginFilter:56 - username- prateekm@aicofindia.com

2021-08-11 10:20:04 INFO  LoginFilter:56 - username- prateekm@aicofindia.com

2021-08-11 10:20:04 INFO  LoginFilter:56 - username- prateekm@aicofindia.com

2021-08-11 10:20:04 INFO  LoginFilter:56 - username- prateekm@aicofindia.com

2021-08-11 10:20:04 INFO  LoginFilter:56 - username- prateekm@aicofindia.com

2021-08-11 10:20:04 INFO  LoginFilter:56 - username- prateekm@aicofindia.com

2021-08-11 10:20:04 INFO  LoginFilter:56 - username- prateekm@aicofindia.com

2021-08-11 10:20:04 INFO  LoginFilter:56 - username- prateekm@aicofindia.com

2021-08-11 10:20:04 INFO  LoginFilter:56 - username- prateekm@aicofindia.com

2021-08-11 10:20:04 INFO  LoginFilter:56 - username- prateekm@aicofindia.com

2021-08-11 10:20:04 INFO  LoginFilter:56 - username- prateekm@aicofindia.com

2021-08-11 10:20:04 INFO  LoginFilter:56 - username- prateekm@aicofindia.com

2021-08-11 10:20:04 INFO  LoginFilter:56 - username- prateekm@aicofindia.com

2021-08-11 10:20:04 INFO  LoginFilter:56 - username- prateekm@aicofindia.com

2021-08-11 10:20:04 INFO  LoginFilter:56 - username- prateekm@aicofindia.com

2021-08-11 10:20:04 INFO  LoginFilter:56 - username- prateekm@aicofindia.com

2021-08-11 10:20:04 INFO  LoginFilter:56 - username- prateekm@aicofindia.com

2021-08-11 10:20:04 INFO  LoginFilter:56 - username- prateekm@aicofindia.com

2021-08-11 10:20:04 INFO  LoginFilter:56 - username- prateekm@aicofindia.com

2021-08-11 10:20:04 INFO  LoginFilter:56 - username- prateekm@aicofindia.com

2021-08-11 10:20:04 INFO  LoginFilter:56 - username- prateekm@aicofindia.com

2021-08-11 10:20:04 INFO  LoginFilter:56 - username- prateekm@aicofindia.com

2021-08-11 10:20:04 INFO  LoginFilter:56 - username- prateekm@aicofindia.com

2021-08-11 10:20:04 INFO  LoginFilter:56 - username- prateekm@aicofindia.com

2021-08-11 10:20:04 INFO  LoginFilter:56 - username- prateekm@aicofindia.com

2021-08-11 10:20:04 INFO  LoginFilter:56 - username- prateekm@aicofindia.com

2021-08-11 10:20:04 INFO  LoginFilter:56 - username- prateekm@aicofindia.com

2021-08-11 10:20:04 INFO  LoginFilter:56 - username- prateekm@aicofindia.com

2021-08-11 10:20:04 INFO  LoginFilter:56 - username- prateekm@aicofindia.com

2021-08-11 10:20:04 INFO  LoginFilter:56 - username- prateekm@aicofindia.com

2021-08-11 10:20:04 INFO  LoginFilter:56 - username- prateekm@aicofindia.com

2021-08-11 10:20:04 INFO  LoginFilter:56 - username- prateekm@aicofindia.com

2021-08-11 10:20:04 INFO  LoginFilter:56 - username- prateekm@aicofindia.com

2021-08-11 10:20:04 INFO  LoginFilter:56 - username- prateekm@aicofindia.com

2021-08-11 10:20:04 INFO  LoginFilter:56 - username- prateekm@aicofindia.com

2021-08-11 10:20:05 INFO  LoginFilter:56 - username- prateekm@aicofindia.com

2021-08-11 10:20:05 INFO  LoginFilter:56 - username- prateekm@aicofindia.com

2021-08-11 10:20:05 INFO  LoginFilter:56 - username- prateekm@aicofindia.com

2021-08-11 10:24:20 INFO  UserDao:170 - User Validation successfull- prateekm@aicofindia.com

2021-08-11 10:24:20 INFO  LoginController:83 - Login successfull- prateekm@aicofindia.com

2021-08-11 10:24:20 INFO  LoginFilter:56 - username- prateekm@aicofindia.com

2021-08-11 10:24:20 INFO  LoginFilter:56 - username- prateekm@aicofindia.com

2021-08-11 10:24:20 INFO  LoginFilter:56 - username- prateekm@aicofindia.com

2021-08-11 10:24:20 INFO  LoginFilter:56 - username- prateekm@aicofindia.com

2021-08-11 10:24:20 INFO  LoginFilter:56 - username- prateekm@aicofindia.com

2021-08-11 10:24:20 INFO  LoginFilter:56 - username- prateekm@aicofindia.com

2021-08-11 10:24:20 INFO  LoginFilter:56 - username- prateekm@aicofindia.com

2021-08-11 10:24:20 INFO  LoginFilter:56 - username- prateekm@aicofindia.com

2021-08-11 10:24:20 INFO  LoginFilter:56 - username- prateekm@aicofindia.com

2021-08-11 10:24:20 INFO  LoginFilter:56 - username- prateekm@aicofindia.com

2021-08-11 10:24:20 INFO  LoginFilter:56 - username- prateekm@aicofindia.com

2021-08-11 10:24:20 INFO  LoginFilter:56 - username- prateekm@aicofindia.com

2021-08-11 10:24:20 INFO  LoginFilter:56 - username- prateekm@aicofindia.com

2021-08-11 10:24:20 INFO  LoginFilter:56 - username- prateekm@aicofindia.com

2021-08-11 10:24:20 INFO  LoginFilter:56 - username- prateekm@aicofindia.com

2021-08-11 10:24:20 INFO  LoginFilter:56 - username- prateekm@aicofindia.com

2021-08-11 10:24:20 INFO  LoginFilter:56 - username- prateekm@aicofindia.com

2021-08-11 10:24:20 INFO  LoginFilter:56 - username- prateekm@aicofindia.com

2021-08-11 10:24:20 INFO  LoginFilter:56 - username- prateekm@aicofindia.com

2021-08-11 10:24:20 INFO  LoginFilter:56 - username- prateekm@aicofindia.com

2021-08-11 10:24:20 INFO  LoginFilter:56 - username- prateekm@aicofindia.com

2021-08-11 10:24:20 INFO  LoginFilter:56 - username- prateekm@aicofindia.com

2021-08-11 10:24:20 INFO  LoginFilter:56 - username- prateekm@aicofindia.com

2021-08-11 10:24:20 INFO  LoginFilter:56 - username- prateekm@aicofindia.com

2021-08-11 10:24:20 INFO  LoginFilter:56 - username- prateekm@aicofindia.com

2021-08-11 10:24:20 INFO  LoginFilter:56 - username- prateekm@aicofindia.com

2021-08-11 10:24:20 INFO  LoginFilter:56 - username- prateekm@aicofindia.com

2021-08-11 10:24:20 INFO  LoginFilter:56 - username- prateekm@aicofindia.com

2021-08-11 10:24:20 INFO  LoginFilter:56 - username- prateekm@aicofindia.com

2021-08-11 10:24:20 INFO  LoginFilter:56 - username- prateekm@aicofindia.com

2021-08-11 10:24:20 INFO  LoginFilter:56 - username- prateekm@aicofindia.com

2021-08-11 10:24:20 INFO  LoginFilter:56 - username- prateekm@aicofindia.com

2021-08-11 10:24:20 INFO  LoginFilter:56 - username- prateekm@aicofindia.com

2021-08-11 10:24:20 INFO  LoginFilter:56 - username- prateekm@aicofindia.com

2021-08-11 10:24:20 INFO  LoginFilter:56 - username- prateekm@aicofindia.com

2021-08-11 10:24:20 INFO  LoginFilter:56 - username- prateekm@aicofindia.com

2021-08-11 10:24:20 INFO  LoginFilter:56 - username- prateekm@aicofindia.com

2021-08-11 10:24:20 INFO  LoginFilter:56 - username- prateekm@aicofindia.com

2021-08-11 10:24:20 INFO  LoginFilter:56 - username- prateekm@aicofindia.com

2021-08-11 10:24:20 INFO  LoginFilter:56 - username- prateekm@aicofindia.com

2021-08-11 10:24:20 INFO  LoginFilter:56 - username- prateekm@aicofindia.com

2021-08-11 10:24:20 INFO  LoginFilter:56 - username- prateekm@aicofindia.com

2021-08-11 10:24:20 INFO  LoginFilter:56 - username- prateekm@aicofindia.com

2021-08-11 10:24:20 INFO  LoginFilter:56 - username- prateekm@aicofindia.com

2021-08-11 10:24:24 INFO  LoginFilter:56 - username- prateekm@aicofindia.com

2021-08-11 10:24:24 INFO  LoginFilter:56 - username- prateekm@aicofindia.com

2021-08-11 10:24:24 INFO  LoginFilter:56 - username- prateekm@aicofindia.com

2021-08-11 10:24:37 INFO  LoginFilter:56 - username- prateekm@aicofindia.com

2021-08-11 10:24:37 INFO  LoginFilter:56 - username- prateekm@aicofindia.com

2021-08-11 10:24:47 INFO  LoginFilter:56 - username- prateekm@aicofindia.com

2021-08-11 10:24:47 INFO  LoginFilter:56 - username- prateekm@aicofindia.com

2021-08-11 10:24:47 INFO  LoginFilter:56 - username- prateekm@aicofindia.com

2021-08-11 10:25:21 ERROR EditDao:178 - com.mysql.cj.jdbc.exceptions.MysqlDataTruncation: Data truncation: Data too long for column 'level' at row 8331

java.lang.Thread.getStackTrace(Thread.java:1552)
com.model.dao.EditDao.updateUser(EditDao.java:175)
com.controllers.servlet.editController.doPost(editController.java:135)
javax.servlet.http.HttpServlet.service(HttpServlet.java:652)
javax.servlet.http.HttpServlet.service(HttpServlet.java:733)
org.apache.catalina.core.ApplicationFilterChain.internalDoFilter(ApplicationFilterChain.java:227)
org.apache.catalina.core.ApplicationFilterChain.doFilter(ApplicationFilterChain.java:162)
org.apache.tomcat.websocket.server.WsFilter.doFilter(WsFilter.java:53)
org.apache.catalina.core.ApplicationFilterChain.internalDoFilter(ApplicationFilterChain.java:189)
org.apache.catalina.core.ApplicationFilterChain.doFilter(ApplicationFilterChain.java:162)
org.apache.catalina.core.StandardWrapperValve.invoke(StandardWrapperValve.java:202)
org.apache.catalina.core.StandardContextValve.invoke(StandardContextValve.java:97)
org.apache.catalina.authenticator.AuthenticatorBase.invoke(AuthenticatorBase.java:542)
org.apache.catalina.core.StandardHostValve.invoke(StandardHostValve.java:143)
org.apache.catalina.valves.ErrorReportValve.invoke(ErrorReportValve.java:92)
org.apache.catalina.valves.AbstractAccessLogValve.invoke(AbstractAccessLogValve.java:687)
org.apache.catalina.core.StandardEngineValve.invoke(StandardEngineValve.java:78)
org.apache.catalina.connector.CoyoteAdapter.service(CoyoteAdapter.java:346)
org.apache.coyote.http11.Http11Processor.service(Http11Processor.java:374)
org.apache.coyote.AbstractProcessorLight.process(AbstractProcessorLight.java:65)
org.apache.coyote.AbstractProtocol$ConnectionHandler.process(AbstractProtocol.java:887)
org.apache.tomcat.util.net.NioEndpoint$SocketProcessor.doRun(NioEndpoint.java:1684)
org.apache.tomcat.util.net.SocketProcessorBase.run(SocketProcessorBase.java:49)
java.util.concurrent.ThreadPoolExecutor.runWorker(ThreadPoolExecutor.java:1142)
java.util.concurrent.ThreadPoolExecutor$Worker.run(ThreadPoolExecutor.java:617)
org.apache.tomcat.util.threads.TaskThread$WrappingRunnable.run(TaskThread.java:61)
java.lang.Thread.run(Thread.java:745)

2021-08-11 10:25:21 INFO  LoginFilter:56 - username- prateekm@aicofindia.com

2021-08-11 10:25:21 INFO  LoginFilter:56 - username- prateekm@aicofindia.com

2021-08-11 10:25:21 INFO  LoginFilter:56 - username- prateekm@aicofindia.com

2021-08-11 10:25:21 INFO  LoginFilter:56 - username- prateekm@aicofindia.com

2021-08-11 10:25:21 INFO  LoginFilter:56 - username- prateekm@aicofindia.com

2021-08-11 10:25:21 INFO  LoginFilter:56 - username- prateekm@aicofindia.com

2021-08-11 10:25:21 INFO  LoginFilter:56 - username- prateekm@aicofindia.com

2021-08-11 10:25:21 INFO  LoginFilter:56 - username- prateekm@aicofindia.com

2021-08-11 10:25:21 INFO  LoginFilter:56 - username- prateekm@aicofindia.com

2021-08-11 10:25:21 INFO  LoginFilter:56 - username- prateekm@aicofindia.com

2021-08-11 10:25:21 INFO  LoginFilter:56 - username- prateekm@aicofindia.com

2021-08-11 10:25:21 INFO  LoginFilter:56 - username- prateekm@aicofindia.com

2021-08-11 10:25:21 INFO  LoginFilter:56 - username- prateekm@aicofindia.com

2021-08-11 10:25:21 INFO  LoginFilter:56 - username- prateekm@aicofindia.com

2021-08-11 10:25:21 INFO  LoginFilter:56 - username- prateekm@aicofindia.com

2021-08-11 10:25:21 INFO  LoginFilter:56 - username- prateekm@aicofindia.com

2021-08-11 10:25:21 INFO  LoginFilter:56 - username- prateekm@aicofindia.com

2021-08-11 10:25:21 INFO  LoginFilter:56 - username- prateekm@aicofindia.com

2021-08-11 10:25:21 INFO  LoginFilter:56 - username- prateekm@aicofindia.com

2021-08-11 10:25:21 INFO  LoginFilter:56 - username- prateekm@aicofindia.com

2021-08-11 10:25:21 INFO  LoginFilter:56 - username- prateekm@aicofindia.com

2021-08-11 10:25:21 INFO  LoginFilter:56 - username- prateekm@aicofindia.com

2021-08-11 10:25:21 INFO  LoginFilter:56 - username- prateekm@aicofindia.com

2021-08-11 10:25:21 INFO  LoginFilter:56 - username- prateekm@aicofindia.com

2021-08-11 10:25:21 INFO  LoginFilter:56 - username- prateekm@aicofindia.com

2021-08-11 10:25:21 INFO  LoginFilter:56 - username- prateekm@aicofindia.com

2021-08-11 10:25:21 INFO  LoginFilter:56 - username- prateekm@aicofindia.com

2021-08-11 10:25:21 INFO  LoginFilter:56 - username- prateekm@aicofindia.com

2021-08-11 10:25:21 INFO  LoginFilter:56 - username- prateekm@aicofindia.com

2021-08-11 10:25:21 INFO  LoginFilter:56 - username- prateekm@aicofindia.com

2021-08-11 10:25:21 INFO  LoginFilter:56 - username- prateekm@aicofindia.com

2021-08-11 10:25:21 INFO  LoginFilter:56 - username- prateekm@aicofindia.com

2021-08-11 10:25:21 INFO  LoginFilter:56 - username- prateekm@aicofindia.com

2021-08-11 10:25:21 INFO  LoginFilter:56 - username- prateekm@aicofindia.com

2021-08-11 10:25:21 INFO  LoginFilter:56 - username- prateekm@aicofindia.com

2021-08-11 10:25:21 INFO  LoginFilter:56 - username- prateekm@aicofindia.com

2021-08-11 10:25:21 INFO  LoginFilter:56 - username- prateekm@aicofindia.com

2021-08-11 10:25:21 INFO  LoginFilter:56 - username- prateekm@aicofindia.com

2021-08-11 10:25:21 INFO  LoginFilter:56 - username- prateekm@aicofindia.com

2021-08-11 10:25:21 INFO  LoginFilter:56 - username- prateekm@aicofindia.com

2021-08-11 10:25:21 INFO  LoginFilter:56 - username- prateekm@aicofindia.com

2021-08-11 10:25:21 INFO  LoginFilter:56 - username- prateekm@aicofindia.com

2021-08-11 10:25:23 INFO  LoginFilter:56 - username- prateekm@aicofindia.com

2021-08-11 10:25:23 INFO  LoginFilter:56 - username- prateekm@aicofindia.com

2021-08-11 10:25:23 INFO  LoginFilter:56 - username- prateekm@aicofindia.com

2021-08-11 10:27:23 INFO  UserDao:170 - User Validation successfull- prateekm@aicofindia.com

2021-08-11 10:27:23 INFO  LoginController:83 - Login successfull- prateekm@aicofindia.com

2021-08-11 10:27:23 INFO  LoginFilter:56 - username- prateekm@aicofindia.com

2021-08-11 10:27:23 INFO  LoginFilter:56 - username- prateekm@aicofindia.com

2021-08-11 10:27:23 INFO  LoginFilter:56 - username- prateekm@aicofindia.com

2021-08-11 10:27:23 INFO  LoginFilter:56 - username- prateekm@aicofindia.com

2021-08-11 10:27:23 INFO  LoginFilter:56 - username- prateekm@aicofindia.com

2021-08-11 10:27:23 INFO  LoginFilter:56 - username- prateekm@aicofindia.com

2021-08-11 10:27:23 INFO  LoginFilter:56 - username- prateekm@aicofindia.com

2021-08-11 10:27:23 INFO  LoginFilter:56 - username- prateekm@aicofindia.com

2021-08-11 10:27:23 INFO  LoginFilter:56 - username- prateekm@aicofindia.com

2021-08-11 10:27:23 INFO  LoginFilter:56 - username- prateekm@aicofindia.com

2021-08-11 10:27:23 INFO  LoginFilter:56 - username- prateekm@aicofindia.com

2021-08-11 10:27:23 INFO  LoginFilter:56 - username- prateekm@aicofindia.com

2021-08-11 10:27:23 INFO  LoginFilter:56 - username- prateekm@aicofindia.com

2021-08-11 10:27:23 INFO  LoginFilter:56 - username- prateekm@aicofindia.com

2021-08-11 10:27:23 INFO  LoginFilter:56 - username- prateekm@aicofindia.com

2021-08-11 10:27:23 INFO  LoginFilter:56 - username- prateekm@aicofindia.com

2021-08-11 10:27:23 INFO  LoginFilter:56 - username- prateekm@aicofindia.com

2021-08-11 10:27:23 INFO  LoginFilter:56 - username- prateekm@aicofindia.com

2021-08-11 10:27:23 INFO  LoginFilter:56 - username- prateekm@aicofindia.com

2021-08-11 10:27:23 INFO  LoginFilter:56 - username- prateekm@aicofindia.com

2021-08-11 10:27:23 INFO  LoginFilter:56 - username- prateekm@aicofindia.com

2021-08-11 10:27:23 INFO  LoginFilter:56 - username- prateekm@aicofindia.com

2021-08-11 10:27:23 INFO  LoginFilter:56 - username- prateekm@aicofindia.com

2021-08-11 10:27:23 INFO  LoginFilter:56 - username- prateekm@aicofindia.com

2021-08-11 10:27:23 INFO  LoginFilter:56 - username- prateekm@aicofindia.com

2021-08-11 10:27:23 INFO  LoginFilter:56 - username- prateekm@aicofindia.com

2021-08-11 10:27:23 INFO  LoginFilter:56 - username- prateekm@aicofindia.com

2021-08-11 10:27:23 INFO  LoginFilter:56 - username- prateekm@aicofindia.com

2021-08-11 10:27:23 INFO  LoginFilter:56 - username- prateekm@aicofindia.com

2021-08-11 10:27:23 INFO  LoginFilter:56 - username- prateekm@aicofindia.com

2021-08-11 10:27:23 INFO  LoginFilter:56 - username- prateekm@aicofindia.com

2021-08-11 10:27:23 INFO  LoginFilter:56 - username- prateekm@aicofindia.com

2021-08-11 10:27:23 INFO  LoginFilter:56 - username- prateekm@aicofindia.com

2021-08-11 10:27:23 INFO  LoginFilter:56 - username- prateekm@aicofindia.com

2021-08-11 10:27:23 INFO  LoginFilter:56 - username- prateekm@aicofindia.com

2021-08-11 10:27:23 INFO  LoginFilter:56 - username- prateekm@aicofindia.com

2021-08-11 10:27:23 INFO  LoginFilter:56 - username- prateekm@aicofindia.com

2021-08-11 10:27:23 INFO  LoginFilter:56 - username- prateekm@aicofindia.com

2021-08-11 10:27:23 INFO  LoginFilter:56 - username- prateekm@aicofindia.com

2021-08-11 10:27:23 INFO  LoginFilter:56 - username- prateekm@aicofindia.com

2021-08-11 10:27:23 INFO  LoginFilter:56 - username- prateekm@aicofindia.com

2021-08-11 10:27:23 INFO  LoginFilter:56 - username- prateekm@aicofindia.com

2021-08-11 10:27:23 INFO  LoginFilter:56 - username- prateekm@aicofindia.com

2021-08-11 10:27:23 INFO  LoginFilter:56 - username- prateekm@aicofindia.com

2021-08-11 10:27:25 INFO  LoginFilter:56 - username- prateekm@aicofindia.com

2021-08-11 10:27:25 INFO  LoginFilter:56 - username- prateekm@aicofindia.com

2021-08-11 10:27:25 INFO  LoginFilter:56 - username- prateekm@aicofindia.com

2021-08-11 10:27:34 INFO  LoginFilter:56 - username- prateekm@aicofindia.com

2021-08-11 10:27:34 INFO  LoginFilter:56 - username- prateekm@aicofindia.com

2021-08-11 10:28:00 INFO  LoginFilter:56 - username- prateekm@aicofindia.com

2021-08-11 10:28:00 INFO  LoginFilter:56 - username- prateekm@aicofindia.com

2021-08-11 10:28:00 INFO  LoginFilter:56 - username- prateekm@aicofindia.com

2021-08-11 10:28:37 ERROR EditDao:178 - com.mysql.cj.jdbc.exceptions.MysqlDataTruncation: Data truncation: Data too long for column 'intermediary_type' at row 8333

java.lang.Thread.getStackTrace(Thread.java:1552)
com.model.dao.EditDao.updateUser(EditDao.java:175)
com.controllers.servlet.editController.doPost(editController.java:135)
javax.servlet.http.HttpServlet.service(HttpServlet.java:652)
javax.servlet.http.HttpServlet.service(HttpServlet.java:733)
org.apache.catalina.core.ApplicationFilterChain.internalDoFilter(ApplicationFilterChain.java:227)
org.apache.catalina.core.ApplicationFilterChain.doFilter(ApplicationFilterChain.java:162)
org.apache.tomcat.websocket.server.WsFilter.doFilter(WsFilter.java:53)
org.apache.catalina.core.ApplicationFilterChain.internalDoFilter(ApplicationFilterChain.java:189)
org.apache.catalina.core.ApplicationFilterChain.doFilter(ApplicationFilterChain.java:162)
org.apache.catalina.core.StandardWrapperValve.invoke(StandardWrapperValve.java:202)
org.apache.catalina.core.StandardContextValve.invoke(StandardContextValve.java:97)
org.apache.catalina.authenticator.AuthenticatorBase.invoke(AuthenticatorBase.java:542)
org.apache.catalina.core.StandardHostValve.invoke(StandardHostValve.java:143)
org.apache.catalina.valves.ErrorReportValve.invoke(ErrorReportValve.java:92)
org.apache.catalina.valves.AbstractAccessLogValve.invoke(AbstractAccessLogValve.java:687)
org.apache.catalina.core.StandardEngineValve.invoke(StandardEngineValve.java:78)
org.apache.catalina.connector.CoyoteAdapter.service(CoyoteAdapter.java:346)
org.apache.coyote.http11.Http11Processor.service(Http11Processor.java:374)
org.apache.coyote.AbstractProcessorLight.process(AbstractProcessorLight.java:65)
org.apache.coyote.AbstractProtocol$ConnectionHandler.process(AbstractProtocol.java:887)
org.apache.tomcat.util.net.NioEndpoint$SocketProcessor.doRun(NioEndpoint.java:1684)
org.apache.tomcat.util.net.SocketProcessorBase.run(SocketProcessorBase.java:49)
java.util.concurrent.ThreadPoolExecutor.runWorker(ThreadPoolExecutor.java:1142)
java.util.concurrent.ThreadPoolExecutor$Worker.run(ThreadPoolExecutor.java:617)
org.apache.tomcat.util.threads.TaskThread$WrappingRunnable.run(TaskThread.java:61)
java.lang.Thread.run(Thread.java:745)

2021-08-11 10:28:37 INFO  LoginFilter:56 - username- prateekm@aicofindia.com

2021-08-11 10:28:37 INFO  LoginFilter:56 - username- prateekm@aicofindia.com

2021-08-11 10:28:37 INFO  LoginFilter:56 - username- prateekm@aicofindia.com

2021-08-11 10:28:37 INFO  LoginFilter:56 - username- prateekm@aicofindia.com

2021-08-11 10:28:37 INFO  LoginFilter:56 - username- prateekm@aicofindia.com

2021-08-11 10:28:37 INFO  LoginFilter:56 - username- prateekm@aicofindia.com

2021-08-11 10:28:37 INFO  LoginFilter:56 - username- prateekm@aicofindia.com

2021-08-11 10:28:37 INFO  LoginFilter:56 - username- prateekm@aicofindia.com

2021-08-11 10:28:37 INFO  LoginFilter:56 - username- prateekm@aicofindia.com

2021-08-11 10:28:37 INFO  LoginFilter:56 - username- prateekm@aicofindia.com

2021-08-11 10:28:37 INFO  LoginFilter:56 - username- prateekm@aicofindia.com

2021-08-11 10:28:37 INFO  LoginFilter:56 - username- prateekm@aicofindia.com

2021-08-11 10:28:37 INFO  LoginFilter:56 - username- prateekm@aicofindia.com

2021-08-11 10:28:37 INFO  LoginFilter:56 - username- prateekm@aicofindia.com

2021-08-11 10:28:37 INFO  LoginFilter:56 - username- prateekm@aicofindia.com

2021-08-11 10:28:37 INFO  LoginFilter:56 - username- prateekm@aicofindia.com

2021-08-11 10:28:37 INFO  LoginFilter:56 - username- prateekm@aicofindia.com

2021-08-11 10:28:37 INFO  LoginFilter:56 - username- prateekm@aicofindia.com

2021-08-11 10:28:37 INFO  LoginFilter:56 - username- prateekm@aicofindia.com

2021-08-11 10:28:37 INFO  LoginFilter:56 - username- prateekm@aicofindia.com

2021-08-11 10:28:37 INFO  LoginFilter:56 - username- prateekm@aicofindia.com

2021-08-11 10:28:37 INFO  LoginFilter:56 - username- prateekm@aicofindia.com

2021-08-11 10:28:37 INFO  LoginFilter:56 - username- prateekm@aicofindia.com

2021-08-11 10:28:37 INFO  LoginFilter:56 - username- prateekm@aicofindia.com

2021-08-11 10:28:37 INFO  LoginFilter:56 - username- prateekm@aicofindia.com

2021-08-11 10:28:37 INFO  LoginFilter:56 - username- prateekm@aicofindia.com

2021-08-11 10:28:37 INFO  LoginFilter:56 - username- prateekm@aicofindia.com

2021-08-11 10:28:37 INFO  LoginFilter:56 - username- prateekm@aicofindia.com

2021-08-11 10:28:37 INFO  LoginFilter:56 - username- prateekm@aicofindia.com

2021-08-11 10:28:37 INFO  LoginFilter:56 - username- prateekm@aicofindia.com

2021-08-11 10:28:37 INFO  LoginFilter:56 - username- prateekm@aicofindia.com

2021-08-11 10:28:37 INFO  LoginFilter:56 - username- prateekm@aicofindia.com

2021-08-11 10:28:37 INFO  LoginFilter:56 - username- prateekm@aicofindia.com

2021-08-11 10:28:37 INFO  LoginFilter:56 - username- prateekm@aicofindia.com

2021-08-11 10:28:37 INFO  LoginFilter:56 - username- prateekm@aicofindia.com

2021-08-11 10:28:37 INFO  LoginFilter:56 - username- prateekm@aicofindia.com

2021-08-11 10:28:37 INFO  LoginFilter:56 - username- prateekm@aicofindia.com

2021-08-11 10:28:37 INFO  LoginFilter:56 - username- prateekm@aicofindia.com

2021-08-11 10:28:37 INFO  LoginFilter:56 - username- prateekm@aicofindia.com

2021-08-11 10:28:37 INFO  LoginFilter:56 - username- prateekm@aicofindia.com

2021-08-11 10:28:37 INFO  LoginFilter:56 - username- prateekm@aicofindia.com

2021-08-11 10:28:37 INFO  LoginFilter:56 - username- prateekm@aicofindia.com

2021-08-11 10:28:39 INFO  LoginFilter:56 - username- prateekm@aicofindia.com

2021-08-11 10:28:39 INFO  LoginFilter:56 - username- prateekm@aicofindia.com

2021-08-11 10:28:39 INFO  LoginFilter:56 - username- prateekm@aicofindia.com

2021-08-11 10:32:16 INFO  UserDao:170 - User Validation successfull- prateekm@aicofindia.com

2021-08-11 10:32:16 INFO  LoginController:83 - Login successfull- prateekm@aicofindia.com

2021-08-11 10:32:16 INFO  LoginFilter:56 - username- prateekm@aicofindia.com

2021-08-11 10:32:16 INFO  LoginFilter:56 - username- prateekm@aicofindia.com

2021-08-11 10:32:16 INFO  LoginFilter:56 - username- prateekm@aicofindia.com

2021-08-11 10:32:16 INFO  LoginFilter:56 - username- prateekm@aicofindia.com

2021-08-11 10:32:16 INFO  LoginFilter:56 - username- prateekm@aicofindia.com

2021-08-11 10:32:16 INFO  LoginFilter:56 - username- prateekm@aicofindia.com

2021-08-11 10:32:16 INFO  LoginFilter:56 - username- prateekm@aicofindia.com

2021-08-11 10:32:16 INFO  LoginFilter:56 - username- prateekm@aicofindia.com

2021-08-11 10:32:16 INFO  LoginFilter:56 - username- prateekm@aicofindia.com

2021-08-11 10:32:16 INFO  LoginFilter:56 - username- prateekm@aicofindia.com

2021-08-11 10:32:16 INFO  LoginFilter:56 - username- prateekm@aicofindia.com

2021-08-11 10:32:16 INFO  LoginFilter:56 - username- prateekm@aicofindia.com

2021-08-11 10:32:16 INFO  LoginFilter:56 - username- prateekm@aicofindia.com

2021-08-11 10:32:16 INFO  LoginFilter:56 - username- prateekm@aicofindia.com

2021-08-11 10:32:16 INFO  LoginFilter:56 - username- prateekm@aicofindia.com

2021-08-11 10:32:16 INFO  LoginFilter:56 - username- prateekm@aicofindia.com

2021-08-11 10:32:16 INFO  LoginFilter:56 - username- prateekm@aicofindia.com

2021-08-11 10:32:16 INFO  LoginFilter:56 - username- prateekm@aicofindia.com

2021-08-11 10:32:16 INFO  LoginFilter:56 - username- prateekm@aicofindia.com

2021-08-11 10:32:16 INFO  LoginFilter:56 - username- prateekm@aicofindia.com

2021-08-11 10:32:16 INFO  LoginFilter:56 - username- prateekm@aicofindia.com

2021-08-11 10:32:16 INFO  LoginFilter:56 - username- prateekm@aicofindia.com

2021-08-11 10:32:16 INFO  LoginFilter:56 - username- prateekm@aicofindia.com

2021-08-11 10:32:16 INFO  LoginFilter:56 - username- prateekm@aicofindia.com

2021-08-11 10:32:16 INFO  LoginFilter:56 - username- prateekm@aicofindia.com

2021-08-11 10:32:16 INFO  LoginFilter:56 - username- prateekm@aicofindia.com

2021-08-11 10:32:16 INFO  LoginFilter:56 - username- prateekm@aicofindia.com

2021-08-11 10:32:16 INFO  LoginFilter:56 - username- prateekm@aicofindia.com

2021-08-11 10:32:16 INFO  LoginFilter:56 - username- prateekm@aicofindia.com

2021-08-11 10:32:16 INFO  LoginFilter:56 - username- prateekm@aicofindia.com

2021-08-11 10:32:16 INFO  LoginFilter:56 - username- prateekm@aicofindia.com

2021-08-11 10:32:16 INFO  LoginFilter:56 - username- prateekm@aicofindia.com

2021-08-11 10:32:16 INFO  LoginFilter:56 - username- prateekm@aicofindia.com

2021-08-11 10:32:16 INFO  LoginFilter:56 - username- prateekm@aicofindia.com

2021-08-11 10:32:16 INFO  LoginFilter:56 - username- prateekm@aicofindia.com

2021-08-11 10:32:16 INFO  LoginFilter:56 - username- prateekm@aicofindia.com

2021-08-11 10:32:16 INFO  LoginFilter:56 - username- prateekm@aicofindia.com

2021-08-11 10:32:16 INFO  LoginFilter:56 - username- prateekm@aicofindia.com

2021-08-11 10:32:16 INFO  LoginFilter:56 - username- prateekm@aicofindia.com

2021-08-11 10:32:16 INFO  LoginFilter:56 - username- prateekm@aicofindia.com

2021-08-11 10:32:16 INFO  LoginFilter:56 - username- prateekm@aicofindia.com

2021-08-11 10:32:16 INFO  LoginFilter:56 - username- prateekm@aicofindia.com

2021-08-11 10:32:16 INFO  LoginFilter:56 - username- prateekm@aicofindia.com

2021-08-11 10:32:16 INFO  LoginFilter:56 - username- prateekm@aicofindia.com

2021-08-11 10:32:19 INFO  LoginFilter:56 - username- prateekm@aicofindia.com

2021-08-11 10:32:19 INFO  LoginFilter:56 - username- prateekm@aicofindia.com

2021-08-11 10:32:19 INFO  LoginFilter:56 - username- prateekm@aicofindia.com

2021-08-11 10:32:31 INFO  LoginFilter:56 - username- prateekm@aicofindia.com

2021-08-11 10:32:31 INFO  LoginFilter:56 - username- prateekm@aicofindia.com

2021-08-11 10:32:41 INFO  LoginFilter:56 - username- prateekm@aicofindia.com

2021-08-11 10:32:41 INFO  LoginFilter:56 - username- prateekm@aicofindia.com

2021-08-11 10:32:41 INFO  LoginFilter:56 - username- prateekm@aicofindia.com

2021-08-11 10:33:17 INFO  LoginFilter:56 - username- prateekm@aicofindia.com

2021-08-11 10:33:17 INFO  LoginFilter:56 - username- prateekm@aicofindia.com

2021-08-11 10:33:17 INFO  LoginFilter:56 - username- prateekm@aicofindia.com

2021-08-11 10:33:17 INFO  LoginFilter:56 - username- prateekm@aicofindia.com

2021-08-11 10:33:17 INFO  LoginFilter:56 - username- prateekm@aicofindia.com

2021-08-11 10:33:17 INFO  LoginFilter:56 - username- prateekm@aicofindia.com

2021-08-11 10:33:17 INFO  LoginFilter:56 - username- prateekm@aicofindia.com

2021-08-11 10:33:17 INFO  LoginFilter:56 - username- prateekm@aicofindia.com

2021-08-11 10:33:17 INFO  LoginFilter:56 - username- prateekm@aicofindia.com

2021-08-11 10:33:17 INFO  LoginFilter:56 - username- prateekm@aicofindia.com

2021-08-11 10:33:17 INFO  LoginFilter:56 - username- prateekm@aicofindia.com

2021-08-11 10:33:17 INFO  LoginFilter:56 - username- prateekm@aicofindia.com

2021-08-11 10:33:17 INFO  LoginFilter:56 - username- prateekm@aicofindia.com

2021-08-11 10:33:17 INFO  LoginFilter:56 - username- prateekm@aicofindia.com

2021-08-11 10:33:17 INFO  LoginFilter:56 - username- prateekm@aicofindia.com

2021-08-11 10:33:17 INFO  LoginFilter:56 - username- prateekm@aicofindia.com

2021-08-11 10:33:17 INFO  LoginFilter:56 - username- prateekm@aicofindia.com

2021-08-11 10:33:17 INFO  LoginFilter:56 - username- prateekm@aicofindia.com

2021-08-11 10:33:17 INFO  LoginFilter:56 - username- prateekm@aicofindia.com

2021-08-11 10:33:17 INFO  LoginFilter:56 - username- prateekm@aicofindia.com

2021-08-11 10:33:17 INFO  LoginFilter:56 - username- prateekm@aicofindia.com

2021-08-11 10:33:17 INFO  LoginFilter:56 - username- prateekm@aicofindia.com

2021-08-11 10:33:17 INFO  LoginFilter:56 - username- prateekm@aicofindia.com

2021-08-11 10:33:17 INFO  LoginFilter:56 - username- prateekm@aicofindia.com

2021-08-11 10:33:17 INFO  LoginFilter:56 - username- prateekm@aicofindia.com

2021-08-11 10:33:17 INFO  LoginFilter:56 - username- prateekm@aicofindia.com

2021-08-11 10:33:17 INFO  LoginFilter:56 - username- prateekm@aicofindia.com

2021-08-11 10:33:17 INFO  LoginFilter:56 - username- prateekm@aicofindia.com

2021-08-11 10:33:17 INFO  LoginFilter:56 - username- prateekm@aicofindia.com

2021-08-11 10:33:17 INFO  LoginFilter:56 - username- prateekm@aicofindia.com

2021-08-11 10:33:17 INFO  LoginFilter:56 - username- prateekm@aicofindia.com

2021-08-11 10:33:17 INFO  LoginFilter:56 - username- prateekm@aicofindia.com

2021-08-11 10:33:17 INFO  LoginFilter:56 - username- prateekm@aicofindia.com

2021-08-11 10:33:17 INFO  LoginFilter:56 - username- prateekm@aicofindia.com

2021-08-11 10:33:17 INFO  LoginFilter:56 - username- prateekm@aicofindia.com

2021-08-11 10:33:17 INFO  LoginFilter:56 - username- prateekm@aicofindia.com

2021-08-11 10:33:17 INFO  LoginFilter:56 - username- prateekm@aicofindia.com

2021-08-11 10:33:17 INFO  LoginFilter:56 - username- prateekm@aicofindia.com

2021-08-11 10:33:17 INFO  LoginFilter:56 - username- prateekm@aicofindia.com

2021-08-11 10:33:17 INFO  LoginFilter:56 - username- prateekm@aicofindia.com

2021-08-11 10:33:17 INFO  LoginFilter:56 - username- prateekm@aicofindia.com

2021-08-11 10:33:17 INFO  LoginFilter:56 - username- prateekm@aicofindia.com

2021-08-11 10:33:19 INFO  LoginFilter:56 - username- prateekm@aicofindia.com

2021-08-11 10:33:19 INFO  LoginFilter:56 - username- prateekm@aicofindia.com

2021-08-11 10:33:19 INFO  LoginFilter:56 - username- prateekm@aicofindia.com

2021-08-11 10:33:29 INFO  LoginFilter:56 - username- prateekm@aicofindia.com

2021-08-11 10:33:29 INFO  LoginFilter:56 - username- prateekm@aicofindia.com

2021-08-11 10:34:38 INFO  LoginFilter:56 - username- prateekm@aicofindia.com

2021-08-11 10:34:38 INFO  LoginFilter:56 - username- prateekm@aicofindia.com

2021-08-11 10:34:38 INFO  LoginFilter:56 - username- prateekm@aicofindia.com

2021-08-11 10:35:04 INFO  LoginFilter:56 - username- prateekm@aicofindia.com

2021-08-11 10:35:04 INFO  LoginFilter:56 - username- prateekm@aicofindia.com

2021-08-11 10:35:04 INFO  LoginFilter:56 - username- prateekm@aicofindia.com

2021-08-11 10:35:04 INFO  LoginFilter:56 - username- prateekm@aicofindia.com

2021-08-11 10:35:04 INFO  LoginFilter:56 - username- prateekm@aicofindia.com

2021-08-11 10:35:04 INFO  LoginFilter:56 - username- prateekm@aicofindia.com

2021-08-11 10:35:04 INFO  LoginFilter:56 - username- prateekm@aicofindia.com

2021-08-11 10:35:04 INFO  LoginFilter:56 - username- prateekm@aicofindia.com

2021-08-11 10:35:04 INFO  LoginFilter:56 - username- prateekm@aicofindia.com

2021-08-11 10:35:04 INFO  LoginFilter:56 - username- prateekm@aicofindia.com

2021-08-11 10:35:04 INFO  LoginFilter:56 - username- prateekm@aicofindia.com

2021-08-11 10:35:04 INFO  LoginFilter:56 - username- prateekm@aicofindia.com

2021-08-11 10:35:04 INFO  LoginFilter:56 - username- prateekm@aicofindia.com

2021-08-11 10:35:04 INFO  LoginFilter:56 - username- prateekm@aicofindia.com

2021-08-11 10:35:04 INFO  LoginFilter:56 - username- prateekm@aicofindia.com

2021-08-11 10:35:04 INFO  LoginFilter:56 - username- prateekm@aicofindia.com

2021-08-11 10:35:04 INFO  LoginFilter:56 - username- prateekm@aicofindia.com

2021-08-11 10:35:04 INFO  LoginFilter:56 - username- prateekm@aicofindia.com

2021-08-11 10:35:04 INFO  LoginFilter:56 - username- prateekm@aicofindia.com

2021-08-11 10:35:04 INFO  LoginFilter:56 - username- prateekm@aicofindia.com

2021-08-11 10:35:04 INFO  LoginFilter:56 - username- prateekm@aicofindia.com

2021-08-11 10:35:04 INFO  LoginFilter:56 - username- prateekm@aicofindia.com

2021-08-11 10:35:04 INFO  LoginFilter:56 - username- prateekm@aicofindia.com

2021-08-11 10:35:04 INFO  LoginFilter:56 - username- prateekm@aicofindia.com

2021-08-11 10:35:04 INFO  LoginFilter:56 - username- prateekm@aicofindia.com

2021-08-11 10:35:04 INFO  LoginFilter:56 - username- prateekm@aicofindia.com

2021-08-11 10:35:04 INFO  LoginFilter:56 - username- prateekm@aicofindia.com

2021-08-11 10:35:04 INFO  LoginFilter:56 - username- prateekm@aicofindia.com

2021-08-11 10:35:04 INFO  LoginFilter:56 - username- prateekm@aicofindia.com

2021-08-11 10:35:04 INFO  LoginFilter:56 - username- prateekm@aicofindia.com

2021-08-11 10:35:04 INFO  LoginFilter:56 - username- prateekm@aicofindia.com

2021-08-11 10:35:04 INFO  LoginFilter:56 - username- prateekm@aicofindia.com

2021-08-11 10:35:04 INFO  LoginFilter:56 - username- prateekm@aicofindia.com

2021-08-11 10:35:04 INFO  LoginFilter:56 - username- prateekm@aicofindia.com

2021-08-11 10:35:04 INFO  LoginFilter:56 - username- prateekm@aicofindia.com

2021-08-11 10:35:04 INFO  LoginFilter:56 - username- prateekm@aicofindia.com

2021-08-11 10:35:04 INFO  LoginFilter:56 - username- prateekm@aicofindia.com

2021-08-11 10:35:04 INFO  LoginFilter:56 - username- prateekm@aicofindia.com

2021-08-11 10:35:04 INFO  LoginFilter:56 - username- prateekm@aicofindia.com

2021-08-11 10:35:04 INFO  LoginFilter:56 - username- prateekm@aicofindia.com

2021-08-11 10:35:04 INFO  LoginFilter:56 - username- prateekm@aicofindia.com

2021-08-11 10:35:04 INFO  LoginFilter:56 - username- prateekm@aicofindia.com

2021-08-11 10:35:06 INFO  LoginFilter:56 - username- prateekm@aicofindia.com

2021-08-11 10:35:06 INFO  LoginFilter:56 - username- prateekm@aicofindia.com

2021-08-11 10:35:06 INFO  LoginFilter:56 - username- prateekm@aicofindia.com

2021-08-11 10:35:16 INFO  LoginFilter:56 - username- prateekm@aicofindia.com

2021-08-11 10:35:16 INFO  LoginFilter:56 - username- prateekm@aicofindia.com

