2021-12-30 16:45:19 INFO  DBUtil:127 -  the config values are  jdbc:mysql://localhost:3306/dmdatabaserootAicnet@123

2021-12-30 16:45:21 INFO  DBUtil:127 -  the config values are jdbc:mysql://localhost:3306/dmdatabaserootAicnet@123

2021-12-30 16:45:30 INFO  DBUtil:114 -  the config values are  jdbc:mysql://localhost:3306/wfmsrootAicnet@123

2021-12-30 16:45:30 INFO  DBUtil:119 -  the config values are  jdbc:mysql://localhost:3306/weatherrootAicnet@123

2021-12-30 16:45:30 INFO  DBUtil:119 -  the config values are jdbc:mysql://localhost:3306/weatherrootAicnet@123

2021-12-30 16:45:30 INFO  UserDao:202 - User Validation successfull- prateekm@aicofindia.com

2021-12-30 16:45:30 INFO  DBUtil:114 -  the config values are jdbc:mysql://localhost:3306/wfmsrootAicnet@123

2021-12-30 16:45:30 INFO  LoginController:84 - Login successfull- prateekm@aicofindia.com

2021-12-30 16:45:30 INFO  LoginController:85 - Login successfull- prateekm@aicofindia.com

2021-12-30 16:45:30 INFO  LoginFilter:56 - username- prateekm@aicofindia.com

2021-12-30 16:45:30 INFO  LoginFilter:56 - username- prateekm@aicofindia.com

2021-12-30 16:45:30 INFO  LoginFilter:56 - username- prateekm@aicofindia.com

2021-12-30 16:45:30 INFO  LoginFilter:56 - username- prateekm@aicofindia.com

2021-12-30 16:45:30 INFO  LoginFilter:56 - username- prateekm@aicofindia.com

2021-12-30 16:45:30 INFO  LoginFilter:56 - username- prateekm@aicofindia.com

2021-12-30 16:45:30 INFO  LoginFilter:56 - username- prateekm@aicofindia.com

2021-12-30 16:45:30 INFO  LoginFilter:56 - username- prateekm@aicofindia.com

2021-12-30 16:45:30 INFO  LoginFilter:56 - username- prateekm@aicofindia.com

2021-12-30 16:45:30 INFO  LoginFilter:56 - username- prateekm@aicofindia.com

2021-12-30 16:45:30 INFO  LoginFilter:56 - username- prateekm@aicofindia.com

2021-12-30 16:45:30 INFO  LoginFilter:56 - username- prateekm@aicofindia.com

2021-12-30 16:45:30 INFO  LoginFilter:56 - username- prateekm@aicofindia.com

2021-12-30 16:45:30 INFO  LoginFilter:56 - username- prateekm@aicofindia.com

2021-12-30 16:45:30 INFO  LoginFilter:56 - username- prateekm@aicofindia.com

2021-12-30 16:45:30 INFO  LoginFilter:56 - username- prateekm@aicofindia.com

2021-12-30 16:45:30 INFO  LoginFilter:56 - username- prateekm@aicofindia.com

2021-12-30 16:45:30 INFO  LoginFilter:56 - username- prateekm@aicofindia.com

2021-12-30 16:45:30 INFO  LoginFilter:56 - username- prateekm@aicofindia.com

2021-12-30 16:45:30 INFO  LoginFilter:56 - username- prateekm@aicofindia.com

2021-12-30 16:45:30 INFO  LoginFilter:56 - username- prateekm@aicofindia.com

2021-12-30 16:45:30 INFO  LoginFilter:56 - username- prateekm@aicofindia.com

2021-12-30 16:45:30 INFO  LoginFilter:56 - username- prateekm@aicofindia.com

2021-12-30 16:45:30 INFO  LoginFilter:56 - username- prateekm@aicofindia.com

2021-12-30 16:45:30 INFO  LoginFilter:56 - username- prateekm@aicofindia.com

2021-12-30 16:45:30 INFO  LoginFilter:56 - username- prateekm@aicofindia.com

2021-12-30 16:45:30 INFO  LoginFilter:56 - username- prateekm@aicofindia.com

2021-12-30 16:45:30 INFO  LoginFilter:56 - username- prateekm@aicofindia.com

2021-12-30 16:45:30 INFO  LoginFilter:56 - username- prateekm@aicofindia.com

2021-12-30 16:45:30 INFO  LoginFilter:56 - username- prateekm@aicofindia.com

2021-12-30 16:45:30 INFO  LoginFilter:56 - username- prateekm@aicofindia.com

2021-12-30 16:45:30 INFO  LoginFilter:56 - username- prateekm@aicofindia.com

2021-12-30 16:45:30 INFO  LoginFilter:56 - username- prateekm@aicofindia.com

2021-12-30 16:45:30 INFO  LoginFilter:56 - username- prateekm@aicofindia.com

2021-12-30 16:45:30 INFO  LoginFilter:56 - username- prateekm@aicofindia.com

2021-12-30 16:45:30 INFO  LoginFilter:56 - username- prateekm@aicofindia.com

2021-12-30 16:45:30 INFO  LoginFilter:56 - username- prateekm@aicofindia.com

2021-12-30 16:45:30 INFO  LoginFilter:56 - username- prateekm@aicofindia.com

2021-12-30 16:45:30 INFO  LoginFilter:56 - username- prateekm@aicofindia.com

2021-12-30 16:45:30 INFO  LoginFilter:56 - username- prateekm@aicofindia.com

2021-12-30 16:45:30 INFO  LoginFilter:56 - username- prateekm@aicofindia.com

2021-12-30 16:45:30 INFO  LoginFilter:56 - username- prateekm@aicofindia.com

2021-12-30 16:45:30 INFO  LoginFilter:56 - username- prateekm@aicofindia.com

2021-12-30 16:45:30 INFO  LoginFilter:56 - username- prateekm@aicofindia.com

2021-12-30 16:45:30 INFO  LoginFilter:56 - username- prateekm@aicofindia.com

2021-12-30 16:45:30 INFO  LoginFilter:56 - username- prateekm@aicofindia.com

2021-12-30 16:45:34 INFO  LoginFilter:56 - username- prateekm@aicofindia.com

2021-12-30 16:45:34 INFO  LoginFilter:56 - username- prateekm@aicofindia.com

2021-12-30 16:45:34 INFO  LoginFilter:56 - username- prateekm@aicofindia.com

2021-12-30 16:45:34 INFO  LoginFilter:56 - username- prateekm@aicofindia.com

2021-12-30 16:45:34 INFO  LoginFilter:56 - username- prateekm@aicofindia.com

2021-12-30 16:45:34 INFO  LoginFilter:56 - username- prateekm@aicofindia.com

2021-12-30 16:45:34 INFO  LoginFilter:56 - username- prateekm@aicofindia.com

2021-12-30 16:45:34 INFO  LoginFilter:56 - username- prateekm@aicofindia.com

2021-12-30 16:45:34 INFO  LoginFilter:56 - username- prateekm@aicofindia.com

2021-12-30 16:45:34 INFO  LoginFilter:56 - username- prateekm@aicofindia.com

2021-12-30 16:45:34 INFO  LoginFilter:56 - username- prateekm@aicofindia.com

2021-12-30 16:45:34 INFO  LoginFilter:56 - username- prateekm@aicofindia.com

2021-12-30 16:45:34 INFO  LoginFilter:56 - username- prateekm@aicofindia.com

2021-12-30 16:45:34 INFO  LoginFilter:56 - username- prateekm@aicofindia.com

2021-12-30 16:45:34 INFO  LoginFilter:56 - username- prateekm@aicofindia.com

2021-12-30 16:45:34 INFO  LoginFilter:56 - username- prateekm@aicofindia.com

2021-12-30 16:45:34 INFO  LoginFilter:56 - username- prateekm@aicofindia.com

2021-12-30 16:45:34 INFO  LoginFilter:56 - username- prateekm@aicofindia.com

2021-12-30 16:45:34 INFO  LoginFilter:56 - username- prateekm@aicofindia.com

2021-12-30 16:45:34 INFO  LoginFilter:56 - username- prateekm@aicofindia.com

2021-12-30 16:45:34 INFO  LoginFilter:56 - username- prateekm@aicofindia.com

2021-12-30 16:45:34 INFO  LoginFilter:56 - username- prateekm@aicofindia.com

2021-12-30 16:45:34 INFO  LoginFilter:56 - username- prateekm@aicofindia.com

2021-12-30 16:45:34 INFO  LoginFilter:56 - username- prateekm@aicofindia.com

2021-12-30 16:45:34 INFO  LoginFilter:56 - username- prateekm@aicofindia.com

2021-12-30 16:45:34 INFO  LoginFilter:56 - username- prateekm@aicofindia.com

2021-12-30 16:45:34 INFO  LoginFilter:56 - username- prateekm@aicofindia.com

2021-12-30 16:45:34 INFO  LoginFilter:56 - username- prateekm@aicofindia.com

2021-12-30 16:45:34 INFO  LoginFilter:56 - username- prateekm@aicofindia.com

2021-12-30 16:45:34 INFO  LoginFilter:56 - username- prateekm@aicofindia.com

2021-12-30 16:45:34 INFO  LoginFilter:56 - username- prateekm@aicofindia.com

2021-12-30 16:45:34 INFO  LoginFilter:56 - username- prateekm@aicofindia.com

2021-12-30 16:45:34 INFO  LoginFilter:56 - username- prateekm@aicofindia.com

2021-12-30 16:45:34 INFO  LoginFilter:56 - username- prateekm@aicofindia.com

2021-12-30 16:45:34 INFO  LoginFilter:56 - username- prateekm@aicofindia.com

2021-12-30 16:45:34 INFO  LoginFilter:56 - username- prateekm@aicofindia.com

2021-12-30 16:45:34 INFO  LoginFilter:56 - username- prateekm@aicofindia.com

2021-12-30 16:45:34 INFO  LoginFilter:56 - username- prateekm@aicofindia.com

2021-12-30 16:45:34 INFO  LoginFilter:56 - username- prateekm@aicofindia.com

2021-12-30 16:45:34 INFO  LoginFilter:56 - username- prateekm@aicofindia.com

2021-12-30 16:45:34 INFO  LoginFilter:56 - username- prateekm@aicofindia.com

2021-12-30 16:45:34 INFO  LoginFilter:56 - username- prateekm@aicofindia.com

2021-12-30 16:45:34 INFO  LoginFilter:56 - username- prateekm@aicofindia.com

2021-12-30 16:45:34 INFO  LoginFilter:56 - username- prateekm@aicofindia.com

2021-12-30 16:45:34 INFO  LoginFilter:56 - username- prateekm@aicofindia.com

2021-12-30 16:45:34 INFO  LoginFilter:56 - username- prateekm@aicofindia.com

2021-12-30 16:45:50 INFO  DBUtil:127 -  the config values are jdbc:mysql://localhost:3306/dmdatabaserootAicnet@123

2021-12-30 16:45:52 ERROR ViewDao:596 - java.lang.NullPointerException: Cannot invoke "java.io.FileOutputStream.close()" because "this.outputStream" is null

java.base/java.lang.Thread.getStackTrace(Thread.java:1596)
com.model.dao.ReportViewerDao.getReport(ReportViewerDao.java:593)
com.dao.Service.reportViewerService.getReport(reportViewerService.java:26)
com.controllers.servlet.ReportController.doPost(ReportController.java:124)
javax.servlet.http.HttpServlet.service(HttpServlet.java:652)
javax.servlet.http.HttpServlet.service(HttpServlet.java:733)
org.apache.catalina.core.ApplicationFilterChain.internalDoFilter(ApplicationFilterChain.java:231)
org.apache.catalina.core.ApplicationFilterChain.doFilter(ApplicationFilterChain.java:166)
org.apache.tomcat.websocket.server.WsFilter.doFilter(WsFilter.java:53)
org.apache.catalina.core.ApplicationFilterChain.internalDoFilter(ApplicationFilterChain.java:193)
org.apache.catalina.core.ApplicationFilterChain.doFilter(ApplicationFilterChain.java:166)
org.apache.catalina.core.StandardWrapperValve.invoke(StandardWrapperValve.java:202)
org.apache.catalina.core.StandardContextValve.invoke(StandardContextValve.java:97)
org.apache.catalina.authenticator.AuthenticatorBase.invoke(AuthenticatorBase.java:542)
org.apache.catalina.core.StandardHostValve.invoke(StandardHostValve.java:143)
org.apache.catalina.valves.ErrorReportValve.invoke(ErrorReportValve.java:92)
org.apache.catalina.valves.AbstractAccessLogValve.invoke(AbstractAccessLogValve.java:690)
org.apache.catalina.core.StandardEngineValve.invoke(StandardEngineValve.java:78)
org.apache.catalina.connector.CoyoteAdapter.service(CoyoteAdapter.java:343)
org.apache.coyote.http11.Http11Processor.service(Http11Processor.java:374)
org.apache.coyote.AbstractProcessorLight.process(AbstractProcessorLight.java:65)
org.apache.coyote.AbstractProtocol$ConnectionHandler.process(AbstractProtocol.java:888)
org.apache.tomcat.util.net.NioEndpoint$SocketProcessor.doRun(NioEndpoint.java:1597)
org.apache.tomcat.util.net.SocketProcessorBase.run(SocketProcessorBase.java:49)
java.base/java.util.concurrent.ThreadPoolExecutor.runWorker(ThreadPoolExecutor.java:1130)
java.base/java.util.concurrent.ThreadPoolExecutor$Worker.run(ThreadPoolExecutor.java:630)
org.apache.tomcat.util.threads.TaskThread$WrappingRunnable.run(TaskThread.java:61)
java.base/java.lang.Thread.run(Thread.java:831)

2021-12-30 16:47:14 INFO  LoginFilter:56 - username- prateekm@aicofindia.com

2021-12-30 16:47:14 INFO  LoginFilter:56 - username- prateekm@aicofindia.com

2021-12-30 16:47:14 INFO  LoginFilter:56 - username- prateekm@aicofindia.com

2021-12-30 16:47:14 INFO  LoginFilter:56 - username- prateekm@aicofindia.com

2021-12-30 16:47:14 INFO  LoginFilter:56 - username- prateekm@aicofindia.com

2021-12-30 16:47:14 INFO  LoginFilter:56 - username- prateekm@aicofindia.com

2021-12-30 16:47:14 INFO  LoginFilter:56 - username- prateekm@aicofindia.com

2021-12-30 16:47:14 INFO  LoginFilter:56 - username- prateekm@aicofindia.com

2021-12-30 16:47:14 INFO  LoginFilter:56 - username- prateekm@aicofindia.com

2021-12-30 16:47:14 INFO  LoginFilter:56 - username- prateekm@aicofindia.com

2021-12-30 16:47:14 INFO  LoginFilter:56 - username- prateekm@aicofindia.com

2021-12-30 16:47:14 INFO  LoginFilter:56 - username- prateekm@aicofindia.com

2021-12-30 16:47:14 INFO  LoginFilter:56 - username- prateekm@aicofindia.com

2021-12-30 16:47:14 INFO  LoginFilter:56 - username- prateekm@aicofindia.com

2021-12-30 16:47:14 INFO  LoginFilter:56 - username- prateekm@aicofindia.com

2021-12-30 16:47:14 INFO  LoginFilter:56 - username- prateekm@aicofindia.com

2021-12-30 16:47:14 INFO  LoginFilter:56 - username- prateekm@aicofindia.com

2021-12-30 16:47:14 INFO  LoginFilter:56 - username- prateekm@aicofindia.com

2021-12-30 16:47:14 INFO  LoginFilter:56 - username- prateekm@aicofindia.com

2021-12-30 16:47:14 INFO  LoginFilter:56 - username- prateekm@aicofindia.com

2021-12-30 16:47:14 INFO  LoginFilter:56 - username- prateekm@aicofindia.com

2021-12-30 16:47:14 INFO  LoginFilter:56 - username- prateekm@aicofindia.com

2021-12-30 16:47:14 INFO  LoginFilter:56 - username- prateekm@aicofindia.com

2021-12-30 16:47:14 INFO  LoginFilter:56 - username- prateekm@aicofindia.com

2021-12-30 16:47:14 INFO  LoginFilter:56 - username- prateekm@aicofindia.com

2021-12-30 16:47:14 INFO  LoginFilter:56 - username- prateekm@aicofindia.com

2021-12-30 16:47:14 INFO  LoginFilter:56 - username- prateekm@aicofindia.com

2021-12-30 16:47:14 INFO  LoginFilter:56 - username- prateekm@aicofindia.com

2021-12-30 16:47:14 INFO  LoginFilter:56 - username- prateekm@aicofindia.com

2021-12-30 16:47:14 INFO  LoginFilter:56 - username- prateekm@aicofindia.com

2021-12-30 16:47:14 INFO  LoginFilter:56 - username- prateekm@aicofindia.com

2021-12-30 16:47:14 INFO  LoginFilter:56 - username- prateekm@aicofindia.com

2021-12-30 16:47:14 INFO  LoginFilter:56 - username- prateekm@aicofindia.com

2021-12-30 16:47:14 INFO  LoginFilter:56 - username- prateekm@aicofindia.com

2021-12-30 16:47:14 INFO  LoginFilter:56 - username- prateekm@aicofindia.com

2021-12-30 16:47:14 INFO  LoginFilter:56 - username- prateekm@aicofindia.com

2021-12-30 16:47:14 INFO  LoginFilter:56 - username- prateekm@aicofindia.com

2021-12-30 16:47:14 INFO  LoginFilter:56 - username- prateekm@aicofindia.com

2021-12-30 16:47:14 INFO  LoginFilter:56 - username- prateekm@aicofindia.com

2021-12-30 16:47:14 INFO  LoginFilter:56 - username- prateekm@aicofindia.com

2021-12-30 16:47:14 INFO  LoginFilter:56 - username- prateekm@aicofindia.com

2021-12-30 16:47:14 INFO  LoginFilter:56 - username- prateekm@aicofindia.com

2021-12-30 16:47:14 INFO  LoginFilter:56 - username- prateekm@aicofindia.com

2021-12-30 16:47:14 INFO  LoginFilter:56 - username- prateekm@aicofindia.com

2021-12-30 16:47:14 INFO  LoginFilter:56 - username- prateekm@aicofindia.com

2021-12-30 16:47:14 INFO  LoginFilter:56 - username- prateekm@aicofindia.com

2021-12-30 16:49:27 INFO  LoginFilter:56 - username- prateekm@aicofindia.com

2021-12-30 16:49:27 INFO  LoginFilter:56 - username- prateekm@aicofindia.com

2021-12-30 16:49:29 INFO  LoginFilter:56 - username- prateekm@aicofindia.com

2021-12-30 16:49:29 INFO  LoginFilter:56 - username- prateekm@aicofindia.com

2021-12-30 16:49:29 INFO  LoginFilter:56 - username- prateekm@aicofindia.com

2021-12-30 16:49:29 INFO  LoginFilter:56 - username- prateekm@aicofindia.com

2021-12-30 16:49:29 INFO  LoginFilter:56 - username- prateekm@aicofindia.com

2021-12-30 16:49:29 INFO  LoginFilter:56 - username- prateekm@aicofindia.com

2021-12-30 16:49:29 INFO  LoginFilter:56 - username- prateekm@aicofindia.com

2021-12-30 16:49:29 INFO  LoginFilter:56 - username- prateekm@aicofindia.com

2021-12-30 16:49:29 INFO  LoginFilter:56 - username- prateekm@aicofindia.com

2021-12-30 16:49:29 INFO  LoginFilter:56 - username- prateekm@aicofindia.com

2021-12-30 16:49:29 INFO  LoginFilter:56 - username- prateekm@aicofindia.com

2021-12-30 16:49:29 INFO  LoginFilter:56 - username- prateekm@aicofindia.com

2021-12-30 16:49:29 INFO  LoginFilter:56 - username- prateekm@aicofindia.com

2021-12-30 16:49:29 INFO  LoginFilter:56 - username- prateekm@aicofindia.com

2021-12-30 16:49:29 INFO  LoginFilter:56 - username- prateekm@aicofindia.com

2021-12-30 16:49:29 INFO  LoginFilter:56 - username- prateekm@aicofindia.com

2021-12-30 16:49:29 INFO  LoginFilter:56 - username- prateekm@aicofindia.com

2021-12-30 16:49:29 INFO  LoginFilter:56 - username- prateekm@aicofindia.com

2021-12-30 16:49:29 INFO  LoginFilter:56 - username- prateekm@aicofindia.com

2021-12-30 16:49:29 INFO  LoginFilter:56 - username- prateekm@aicofindia.com

2021-12-30 16:49:29 INFO  LoginFilter:56 - username- prateekm@aicofindia.com

2021-12-30 16:49:29 INFO  LoginFilter:56 - username- prateekm@aicofindia.com

2021-12-30 16:49:29 INFO  LoginFilter:56 - username- prateekm@aicofindia.com

2021-12-30 16:49:29 INFO  LoginFilter:56 - username- prateekm@aicofindia.com

2021-12-30 16:49:29 INFO  LoginFilter:56 - username- prateekm@aicofindia.com

2021-12-30 16:49:29 INFO  LoginFilter:56 - username- prateekm@aicofindia.com

2021-12-30 16:49:31 INFO  LoginFilter:56 - username- prateekm@aicofindia.com

2021-12-30 16:49:31 INFO  LoginFilter:56 - username- prateekm@aicofindia.com

2021-12-30 16:49:32 INFO  LoginFilter:56 - username- prateekm@aicofindia.com

2021-12-30 16:49:32 INFO  LoginFilter:56 - username- prateekm@aicofindia.com

2021-12-30 16:49:32 INFO  LoginFilter:56 - username- prateekm@aicofindia.com

2021-12-30 16:49:32 INFO  LoginFilter:56 - username- prateekm@aicofindia.com

2021-12-30 16:49:32 INFO  LoginFilter:56 - username- prateekm@aicofindia.com

2021-12-30 16:49:32 INFO  LoginFilter:56 - username- prateekm@aicofindia.com

2021-12-30 16:49:32 INFO  LoginFilter:56 - username- prateekm@aicofindia.com

2021-12-30 16:49:32 INFO  LoginFilter:56 - username- prateekm@aicofindia.com

2021-12-30 16:49:34 INFO  LoginFilter:56 - username- prateekm@aicofindia.com

2021-12-30 16:49:34 INFO  LoginFilter:56 - username- prateekm@aicofindia.com

2021-12-30 16:49:34 INFO  LoginFilter:56 - username- prateekm@aicofindia.com

2021-12-30 16:49:34 INFO  LoginFilter:56 - username- prateekm@aicofindia.com

2021-12-30 16:49:34 INFO  LoginFilter:56 - username- prateekm@aicofindia.com

2021-12-30 16:49:34 INFO  LoginFilter:56 - username- prateekm@aicofindia.com

2021-12-30 16:49:34 INFO  LoginFilter:56 - username- prateekm@aicofindia.com

2021-12-30 16:49:34 INFO  LoginFilter:56 - username- prateekm@aicofindia.com

2021-12-30 16:49:34 INFO  DBUtil:127 -  the config values are jdbc:mysql://localhost:3306/dmdatabaserootAicnet@123

2021-12-30 16:49:34 INFO  DBUtil:127 -  the config values are jdbc:mysql://localhost:3306/dmdatabaserootAicnet@123

2021-12-30 16:49:34 INFO  DBUtil:127 -  the config values are jdbc:mysql://localhost:3306/dmdatabaserootAicnet@123

2021-12-30 16:49:34 INFO  DBUtil:127 -  the config values are jdbc:mysql://localhost:3306/dmdatabaserootAicnet@123

2021-12-30 16:49:34 INFO  LiveUsersController:45 - Total live Users Count2917

2021-12-30 16:49:35 INFO  LiveTotalFormCountController:43 - Total live Users Form Count191468

2021-12-30 16:49:44 INFO  DBUtil:127 -  the config values are jdbc:mysql://localhost:3306/dmdatabaserootAicnet@123

2021-12-30 16:49:44 INFO  DBUtil:127 -  the config values are jdbc:mysql://localhost:3306/dmdatabaserootAicnet@123

2021-12-30 16:49:44 INFO  DBUtil:127 -  the config values are jdbc:mysql://localhost:3306/dmdatabaserootAicnet@123

2021-12-30 16:49:44 INFO  DBUtil:127 -  the config values are jdbc:mysql://localhost:3306/dmdatabaserootAicnet@123

2021-12-30 16:49:44 INFO  LiveUsersController:45 - Total live Users Count2917

2021-12-30 16:49:45 INFO  LiveTotalFormCountController:43 - Total live Users Form Count191468

2021-12-30 16:49:54 INFO  DBUtil:127 -  the config values are jdbc:mysql://localhost:3306/dmdatabaserootAicnet@123

2021-12-30 16:49:54 INFO  DBUtil:127 -  the config values are jdbc:mysql://localhost:3306/dmdatabaserootAicnet@123

2021-12-30 16:49:54 INFO  DBUtil:127 -  the config values are jdbc:mysql://localhost:3306/dmdatabaserootAicnet@123

2021-12-30 16:49:54 INFO  DBUtil:127 -  the config values are jdbc:mysql://localhost:3306/dmdatabaserootAicnet@123

2021-12-30 16:49:54 INFO  LiveUsersController:45 - Total live Users Count2917

2021-12-30 16:49:55 INFO  LiveTotalFormCountController:43 - Total live Users Form Count191468

2021-12-30 16:50:04 INFO  DBUtil:127 -  the config values are jdbc:mysql://localhost:3306/dmdatabaserootAicnet@123

2021-12-30 16:50:04 INFO  DBUtil:127 -  the config values are jdbc:mysql://localhost:3306/dmdatabaserootAicnet@123

2021-12-30 16:50:04 INFO  DBUtil:127 -  the config values are jdbc:mysql://localhost:3306/dmdatabaserootAicnet@123

2021-12-30 16:50:04 INFO  DBUtil:127 -  the config values are jdbc:mysql://localhost:3306/dmdatabaserootAicnet@123

2021-12-30 16:50:04 INFO  LiveUsersController:45 - Total live Users Count2917

2021-12-30 16:50:05 INFO  LiveTotalFormCountController:43 - Total live Users Form Count191468

2021-12-30 16:50:14 INFO  DBUtil:127 -  the config values are jdbc:mysql://localhost:3306/dmdatabaserootAicnet@123

2021-12-30 16:50:14 INFO  DBUtil:127 -  the config values are jdbc:mysql://localhost:3306/dmdatabaserootAicnet@123

2021-12-30 16:50:14 INFO  DBUtil:127 -  the config values are jdbc:mysql://localhost:3306/dmdatabaserootAicnet@123

2021-12-30 16:50:14 INFO  DBUtil:127 -  the config values are jdbc:mysql://localhost:3306/dmdatabaserootAicnet@123

2021-12-30 16:50:14 INFO  LiveUsersController:45 - Total live Users Count2917

2021-12-30 16:50:15 INFO  LiveTotalFormCountController:43 - Total live Users Form Count191468

2021-12-30 16:50:24 INFO  DBUtil:127 -  the config values are jdbc:mysql://localhost:3306/dmdatabaserootAicnet@123

2021-12-30 16:50:24 INFO  DBUtil:127 -  the config values are jdbc:mysql://localhost:3306/dmdatabaserootAicnet@123

2021-12-30 16:50:24 INFO  DBUtil:127 -  the config values are jdbc:mysql://localhost:3306/dmdatabaserootAicnet@123

2021-12-30 16:50:24 INFO  DBUtil:127 -  the config values are jdbc:mysql://localhost:3306/dmdatabaserootAicnet@123

2021-12-30 16:50:24 INFO  LiveUsersController:45 - Total live Users Count2917

2021-12-30 16:50:25 INFO  LiveTotalFormCountController:43 - Total live Users Form Count191468

2021-12-30 16:50:34 INFO  DBUtil:127 -  the config values are jdbc:mysql://localhost:3306/dmdatabaserootAicnet@123

2021-12-30 16:50:34 INFO  DBUtil:127 -  the config values are jdbc:mysql://localhost:3306/dmdatabaserootAicnet@123

2021-12-30 16:50:34 INFO  DBUtil:127 -  the config values are jdbc:mysql://localhost:3306/dmdatabaserootAicnet@123

2021-12-30 16:50:34 INFO  DBUtil:127 -  the config values are jdbc:mysql://localhost:3306/dmdatabaserootAicnet@123

2021-12-30 16:50:34 INFO  LiveUsersController:45 - Total live Users Count2917

2021-12-30 16:50:35 INFO  LiveTotalFormCountController:43 - Total live Users Form Count191468

2021-12-30 16:50:44 INFO  DBUtil:127 -  the config values are jdbc:mysql://localhost:3306/dmdatabaserootAicnet@123

2021-12-30 16:50:44 INFO  DBUtil:127 -  the config values are jdbc:mysql://localhost:3306/dmdatabaserootAicnet@123

2021-12-30 16:50:44 INFO  DBUtil:127 -  the config values are jdbc:mysql://localhost:3306/dmdatabaserootAicnet@123

2021-12-30 16:50:44 INFO  DBUtil:127 -  the config values are jdbc:mysql://localhost:3306/dmdatabaserootAicnet@123

2021-12-30 16:50:44 INFO  LiveUsersController:45 - Total live Users Count2917

2021-12-30 16:50:45 INFO  LiveTotalFormCountController:43 - Total live Users Form Count191468

2021-12-30 16:50:54 INFO  DBUtil:127 -  the config values are jdbc:mysql://localhost:3306/dmdatabaserootAicnet@123

2021-12-30 16:50:54 INFO  DBUtil:127 -  the config values are jdbc:mysql://localhost:3306/dmdatabaserootAicnet@123

2021-12-30 16:50:54 INFO  DBUtil:127 -  the config values are jdbc:mysql://localhost:3306/dmdatabaserootAicnet@123

2021-12-30 16:50:54 INFO  DBUtil:127 -  the config values are jdbc:mysql://localhost:3306/dmdatabaserootAicnet@123

2021-12-30 16:50:54 INFO  LiveUsersController:45 - Total live Users Count2917

2021-12-30 16:50:55 INFO  LiveTotalFormCountController:43 - Total live Users Form Count191468

2021-12-30 16:51:04 INFO  DBUtil:127 -  the config values are jdbc:mysql://localhost:3306/dmdatabaserootAicnet@123

2021-12-30 16:51:04 INFO  DBUtil:127 -  the config values are jdbc:mysql://localhost:3306/dmdatabaserootAicnet@123

2021-12-30 16:51:04 INFO  DBUtil:127 -  the config values are jdbc:mysql://localhost:3306/dmdatabaserootAicnet@123

2021-12-30 16:51:04 INFO  DBUtil:127 -  the config values are jdbc:mysql://localhost:3306/dmdatabaserootAicnet@123

2021-12-30 16:51:04 INFO  LiveUsersController:45 - Total live Users Count2917

2021-12-30 16:51:05 INFO  LiveTotalFormCountController:43 - Total live Users Form Count191468

2021-12-30 16:51:14 INFO  DBUtil:127 -  the config values are jdbc:mysql://localhost:3306/dmdatabaserootAicnet@123

2021-12-30 16:51:14 INFO  DBUtil:127 -  the config values are jdbc:mysql://localhost:3306/dmdatabaserootAicnet@123

2021-12-30 16:51:14 INFO  DBUtil:127 -  the config values are jdbc:mysql://localhost:3306/dmdatabaserootAicnet@123

2021-12-30 16:51:14 INFO  DBUtil:127 -  the config values are jdbc:mysql://localhost:3306/dmdatabaserootAicnet@123

2021-12-30 16:51:14 INFO  LiveUsersController:45 - Total live Users Count2917

2021-12-30 16:51:15 INFO  LiveTotalFormCountController:43 - Total live Users Form Count191468

2021-12-30 16:51:24 INFO  DBUtil:127 -  the config values are jdbc:mysql://localhost:3306/dmdatabaserootAicnet@123

2021-12-30 16:51:24 INFO  DBUtil:127 -  the config values are jdbc:mysql://localhost:3306/dmdatabaserootAicnet@123

2021-12-30 16:51:24 INFO  DBUtil:127 -  the config values are jdbc:mysql://localhost:3306/dmdatabaserootAicnet@123

2021-12-30 16:51:24 INFO  DBUtil:127 -  the config values are jdbc:mysql://localhost:3306/dmdatabaserootAicnet@123

2021-12-30 16:51:24 INFO  LiveUsersController:45 - Total live Users Count2917

2021-12-30 16:51:25 INFO  LiveTotalFormCountController:43 - Total live Users Form Count191468

2021-12-30 16:51:34 INFO  DBUtil:127 -  the config values are jdbc:mysql://localhost:3306/dmdatabaserootAicnet@123

2021-12-30 16:51:34 INFO  DBUtil:127 -  the config values are jdbc:mysql://localhost:3306/dmdatabaserootAicnet@123

2021-12-30 16:51:34 INFO  DBUtil:127 -  the config values are jdbc:mysql://localhost:3306/dmdatabaserootAicnet@123

2021-12-30 16:51:34 INFO  DBUtil:127 -  the config values are jdbc:mysql://localhost:3306/dmdatabaserootAicnet@123

2021-12-30 16:51:34 INFO  LiveUsersController:45 - Total live Users Count2917

2021-12-30 16:51:35 INFO  LiveTotalFormCountController:43 - Total live Users Form Count191468

2021-12-30 16:51:44 INFO  DBUtil:127 -  the config values are jdbc:mysql://localhost:3306/dmdatabaserootAicnet@123

2021-12-30 16:51:44 INFO  DBUtil:127 -  the config values are jdbc:mysql://localhost:3306/dmdatabaserootAicnet@123

2021-12-30 16:51:44 INFO  DBUtil:127 -  the config values are jdbc:mysql://localhost:3306/dmdatabaserootAicnet@123

2021-12-30 16:51:44 INFO  DBUtil:127 -  the config values are jdbc:mysql://localhost:3306/dmdatabaserootAicnet@123

2021-12-30 16:51:44 INFO  LiveUsersController:45 - Total live Users Count2917

2021-12-30 16:51:44 INFO  LiveTotalFormCountController:43 - Total live Users Form Count191468

2021-12-30 16:51:54 INFO  DBUtil:127 -  the config values are jdbc:mysql://localhost:3306/dmdatabaserootAicnet@123

2021-12-30 16:51:54 INFO  DBUtil:127 -  the config values are jdbc:mysql://localhost:3306/dmdatabaserootAicnet@123

2021-12-30 16:51:54 INFO  DBUtil:127 -  the config values are jdbc:mysql://localhost:3306/dmdatabaserootAicnet@123

2021-12-30 16:51:54 INFO  DBUtil:127 -  the config values are jdbc:mysql://localhost:3306/dmdatabaserootAicnet@123

2021-12-30 16:51:54 INFO  LiveUsersController:45 - Total live Users Count2917

2021-12-30 16:51:55 INFO  LiveTotalFormCountController:43 - Total live Users Form Count191468

2021-12-30 16:52:04 INFO  DBUtil:127 -  the config values are jdbc:mysql://localhost:3306/dmdatabaserootAicnet@123

2021-12-30 16:52:04 INFO  DBUtil:127 -  the config values are jdbc:mysql://localhost:3306/dmdatabaserootAicnet@123

2021-12-30 16:52:04 INFO  DBUtil:127 -  the config values are jdbc:mysql://localhost:3306/dmdatabaserootAicnet@123

2021-12-30 16:52:04 INFO  DBUtil:127 -  the config values are jdbc:mysql://localhost:3306/dmdatabaserootAicnet@123

2021-12-30 16:52:04 INFO  LiveUsersController:45 - Total live Users Count2917

2021-12-30 16:52:04 INFO  LiveTotalFormCountController:43 - Total live Users Form Count191468

2021-12-30 16:52:14 INFO  DBUtil:127 -  the config values are jdbc:mysql://localhost:3306/dmdatabaserootAicnet@123

2021-12-30 16:52:14 INFO  DBUtil:127 -  the config values are jdbc:mysql://localhost:3306/dmdatabaserootAicnet@123

2021-12-30 16:52:14 INFO  DBUtil:127 -  the config values are jdbc:mysql://localhost:3306/dmdatabaserootAicnet@123

2021-12-30 16:52:14 INFO  DBUtil:127 -  the config values are jdbc:mysql://localhost:3306/dmdatabaserootAicnet@123

2021-12-30 16:52:14 INFO  LiveUsersController:45 - Total live Users Count2917

2021-12-30 16:52:15 INFO  LiveTotalFormCountController:43 - Total live Users Form Count191468

2021-12-30 16:52:24 INFO  DBUtil:127 -  the config values are jdbc:mysql://localhost:3306/dmdatabaserootAicnet@123

2021-12-30 16:52:24 INFO  DBUtil:127 -  the config values are jdbc:mysql://localhost:3306/dmdatabaserootAicnet@123

2021-12-30 16:52:24 INFO  DBUtil:127 -  the config values are jdbc:mysql://localhost:3306/dmdatabaserootAicnet@123

2021-12-30 16:52:24 INFO  DBUtil:127 -  the config values are jdbc:mysql://localhost:3306/dmdatabaserootAicnet@123

2021-12-30 16:52:24 INFO  LiveUsersController:45 - Total live Users Count2917

2021-12-30 16:52:25 INFO  LiveTotalFormCountController:43 - Total live Users Form Count191468

2021-12-30 16:52:34 INFO  DBUtil:127 -  the config values are jdbc:mysql://localhost:3306/dmdatabaserootAicnet@123

2021-12-30 16:52:34 INFO  DBUtil:127 -  the config values are jdbc:mysql://localhost:3306/dmdatabaserootAicnet@123

2021-12-30 16:52:34 INFO  DBUtil:127 -  the config values are jdbc:mysql://localhost:3306/dmdatabaserootAicnet@123

2021-12-30 16:52:34 INFO  DBUtil:127 -  the config values are jdbc:mysql://localhost:3306/dmdatabaserootAicnet@123

2021-12-30 16:52:34 INFO  LiveUsersController:45 - Total live Users Count2917

2021-12-30 16:52:35 INFO  LiveTotalFormCountController:43 - Total live Users Form Count191468

2021-12-30 16:52:41 INFO  DBUtil:127 -  the config values are jdbc:mysql://localhost:3306/dmdatabaserootAicnet@123

2021-12-30 16:52:41 INFO  LoginFilter:56 - username- prateekm@aicofindia.com

2021-12-30 16:52:42 INFO  LoginFilter:56 - username- prateekm@aicofindia.com

2021-12-30 16:52:42 INFO  LoginFilter:56 - username- prateekm@aicofindia.com

2021-12-30 16:52:42 INFO  LoginFilter:56 - username- prateekm@aicofindia.com

2021-12-30 16:52:42 INFO  LoginFilter:56 - username- prateekm@aicofindia.com

2021-12-30 16:52:42 INFO  LoginFilter:56 - username- prateekm@aicofindia.com

2021-12-30 16:52:42 INFO  LoginFilter:56 - username- prateekm@aicofindia.com

2021-12-30 16:52:42 INFO  LoginFilter:56 - username- prateekm@aicofindia.com

2021-12-30 16:52:42 INFO  LoginFilter:56 - username- prateekm@aicofindia.com

2021-12-30 16:52:42 INFO  LoginFilter:56 - username- prateekm@aicofindia.com

2021-12-30 16:52:42 INFO  LoginFilter:56 - username- prateekm@aicofindia.com

2021-12-30 16:54:01 INFO  DBUtil:127 -  the config values are jdbc:mysql://localhost:3306/dmdatabaserootAicnet@123

2021-12-30 16:54:01 INFO  LoginFilter:56 - username- prateekm@aicofindia.com

2021-12-30 16:54:01 INFO  LoginFilter:56 - username- prateekm@aicofindia.com

2021-12-30 16:54:01 INFO  LoginFilter:56 - username- prateekm@aicofindia.com

2021-12-30 16:54:01 INFO  LoginFilter:56 - username- prateekm@aicofindia.com

2021-12-30 16:54:01 INFO  LoginFilter:56 - username- prateekm@aicofindia.com

2021-12-30 16:54:01 INFO  LoginFilter:56 - username- prateekm@aicofindia.com

2021-12-30 16:54:01 INFO  LoginFilter:56 - username- prateekm@aicofindia.com

2021-12-30 16:54:01 INFO  LoginFilter:56 - username- prateekm@aicofindia.com

2021-12-30 16:54:01 INFO  LoginFilter:56 - username- prateekm@aicofindia.com

2021-12-30 16:54:01 INFO  LoginFilter:56 - username- prateekm@aicofindia.com

2021-12-30 16:54:01 INFO  LoginFilter:56 - username- prateekm@aicofindia.com

2021-12-30 16:56:13 INFO  LoginFilter:56 - username- prateekm@aicofindia.com

2021-12-30 16:56:13 INFO  LoginFilter:56 - username- prateekm@aicofindia.com

2021-12-30 16:56:13 INFO  LoginFilter:56 - username- prateekm@aicofindia.com

2021-12-30 16:56:13 INFO  LoginFilter:56 - username- prateekm@aicofindia.com

2021-12-30 16:56:13 INFO  LoginFilter:56 - username- prateekm@aicofindia.com

2021-12-30 16:56:13 INFO  LoginFilter:56 - username- prateekm@aicofindia.com

2021-12-30 16:56:13 INFO  LoginFilter:56 - username- prateekm@aicofindia.com

2021-12-30 16:56:13 INFO  LoginFilter:56 - username- prateekm@aicofindia.com

2021-12-30 16:56:13 INFO  LoginFilter:56 - username- prateekm@aicofindia.com

2021-12-30 16:56:13 INFO  LoginFilter:56 - username- prateekm@aicofindia.com

2021-12-30 16:56:13 INFO  LoginFilter:56 - username- prateekm@aicofindia.com

2021-12-30 16:56:13 INFO  LoginFilter:56 - username- prateekm@aicofindia.com

2021-12-30 16:56:13 INFO  LoginFilter:56 - username- prateekm@aicofindia.com

2021-12-30 16:56:13 INFO  LoginFilter:56 - username- prateekm@aicofindia.com

2021-12-30 16:56:13 INFO  LoginFilter:56 - username- prateekm@aicofindia.com

2021-12-30 16:56:13 INFO  LoginFilter:56 - username- prateekm@aicofindia.com

2021-12-30 16:56:13 INFO  LoginFilter:56 - username- prateekm@aicofindia.com

2021-12-30 16:56:13 INFO  LoginFilter:56 - username- prateekm@aicofindia.com

2021-12-30 16:56:13 INFO  LoginFilter:56 - username- prateekm@aicofindia.com

2021-12-30 16:56:13 INFO  LoginFilter:56 - username- prateekm@aicofindia.com

2021-12-30 16:56:13 INFO  LoginFilter:56 - username- prateekm@aicofindia.com

2021-12-30 16:56:13 INFO  LoginFilter:56 - username- prateekm@aicofindia.com

2021-12-30 16:56:13 INFO  LoginFilter:56 - username- prateekm@aicofindia.com

2021-12-30 16:56:13 INFO  LoginFilter:56 - username- prateekm@aicofindia.com

2021-12-30 16:56:13 INFO  LoginFilter:56 - username- prateekm@aicofindia.com

2021-12-30 16:56:13 INFO  LoginFilter:56 - username- prateekm@aicofindia.com

2021-12-30 16:56:13 INFO  LoginFilter:56 - username- prateekm@aicofindia.com

2021-12-30 16:56:13 INFO  LoginFilter:56 - username- prateekm@aicofindia.com

2021-12-30 16:56:13 INFO  LoginFilter:56 - username- prateekm@aicofindia.com

2021-12-30 16:56:13 INFO  LoginFilter:56 - username- prateekm@aicofindia.com

2021-12-30 16:56:13 INFO  LoginFilter:56 - username- prateekm@aicofindia.com

2021-12-30 16:56:13 INFO  LoginFilter:56 - username- prateekm@aicofindia.com

2021-12-30 16:56:13 INFO  LoginFilter:56 - username- prateekm@aicofindia.com

2021-12-30 16:56:13 INFO  LoginFilter:56 - username- prateekm@aicofindia.com

2021-12-30 16:56:13 INFO  LoginFilter:56 - username- prateekm@aicofindia.com

2021-12-30 16:56:13 INFO  LoginFilter:56 - username- prateekm@aicofindia.com

2021-12-30 16:56:13 INFO  LoginFilter:56 - username- prateekm@aicofindia.com

2021-12-30 16:56:13 INFO  LoginFilter:56 - username- prateekm@aicofindia.com

2021-12-30 16:56:13 INFO  LoginFilter:56 - username- prateekm@aicofindia.com

2021-12-30 16:56:13 INFO  LoginFilter:56 - username- prateekm@aicofindia.com

2021-12-30 16:56:13 INFO  LoginFilter:56 - username- prateekm@aicofindia.com

2021-12-30 16:56:13 INFO  LoginFilter:56 - username- prateekm@aicofindia.com

2021-12-30 16:56:13 INFO  LoginFilter:56 - username- prateekm@aicofindia.com

2021-12-30 16:56:13 INFO  LoginFilter:56 - username- prateekm@aicofindia.com

2021-12-30 16:56:13 INFO  LoginFilter:56 - username- prateekm@aicofindia.com

2021-12-30 16:56:13 INFO  LoginFilter:56 - username- prateekm@aicofindia.com

2021-12-30 16:56:13 INFO  LoginFilter:56 - username- prateekm@aicofindia.com

2021-12-30 16:56:13 INFO  LoginFilter:56 - username- prateekm@aicofindia.com

2021-12-30 16:57:18 INFO  LoginFilter:56 - username- prateekm@aicofindia.com

2021-12-30 16:57:18 INFO  LoginFilter:56 - username- prateekm@aicofindia.com

2021-12-30 16:57:18 INFO  LoginFilter:56 - username- prateekm@aicofindia.com

2021-12-30 16:57:18 INFO  LoginFilter:56 - username- prateekm@aicofindia.com

2021-12-30 16:57:18 INFO  LoginFilter:56 - username- prateekm@aicofindia.com

2021-12-30 16:57:18 INFO  LoginFilter:56 - username- prateekm@aicofindia.com

2021-12-30 16:57:18 INFO  LoginFilter:56 - username- prateekm@aicofindia.com

2021-12-30 16:57:18 INFO  LoginFilter:56 - username- prateekm@aicofindia.com

2021-12-30 16:57:18 INFO  LoginFilter:56 - username- prateekm@aicofindia.com

2021-12-30 16:57:18 INFO  LoginFilter:56 - username- prateekm@aicofindia.com

2021-12-30 16:57:18 INFO  LoginFilter:56 - username- prateekm@aicofindia.com

2021-12-30 16:57:18 INFO  LoginFilter:56 - username- prateekm@aicofindia.com

2021-12-30 16:57:18 INFO  LoginFilter:56 - username- prateekm@aicofindia.com

2021-12-30 16:57:18 INFO  LoginFilter:56 - username- prateekm@aicofindia.com

2021-12-30 16:57:18 INFO  LoginFilter:56 - username- prateekm@aicofindia.com

2021-12-30 16:57:18 INFO  LoginFilter:56 - username- prateekm@aicofindia.com

2021-12-30 16:57:18 INFO  LoginFilter:56 - username- prateekm@aicofindia.com

2021-12-30 16:57:18 INFO  LoginFilter:56 - username- prateekm@aicofindia.com

2021-12-30 16:57:18 INFO  LoginFilter:56 - username- prateekm@aicofindia.com

2021-12-30 16:57:18 INFO  LoginFilter:56 - username- prateekm@aicofindia.com

2021-12-30 16:57:19 INFO  LoginFilter:56 - username- prateekm@aicofindia.com

2021-12-30 16:57:19 INFO  LoginFilter:56 - username- prateekm@aicofindia.com

2021-12-30 16:59:13 INFO  LoginFilter:56 - username- prateekm@aicofindia.com

2021-12-30 16:59:13 INFO  LoginFilter:56 - username- prateekm@aicofindia.com

2021-12-30 16:59:14 INFO  LoginFilter:56 - username- prateekm@aicofindia.com

2021-12-30 16:59:14 INFO  LoginFilter:56 - username- prateekm@aicofindia.com

2021-12-30 16:59:14 INFO  LoginFilter:56 - username- prateekm@aicofindia.com

2021-12-30 16:59:14 INFO  LoginFilter:56 - username- prateekm@aicofindia.com

2021-12-30 16:59:14 INFO  LoginFilter:56 - username- prateekm@aicofindia.com

2021-12-30 16:59:14 INFO  LoginFilter:56 - username- prateekm@aicofindia.com

2021-12-30 16:59:14 INFO  LoginFilter:56 - username- prateekm@aicofindia.com

2021-12-30 16:59:14 INFO  LoginFilter:56 - username- prateekm@aicofindia.com

2021-12-30 16:59:14 INFO  LoginFilter:56 - username- prateekm@aicofindia.com

2021-12-30 16:59:14 INFO  LoginFilter:56 - username- prateekm@aicofindia.com

2021-12-30 16:59:14 INFO  LoginFilter:56 - username- prateekm@aicofindia.com

2021-12-30 16:59:14 INFO  LoginFilter:56 - username- prateekm@aicofindia.com

2021-12-30 16:59:14 INFO  LoginFilter:56 - username- prateekm@aicofindia.com

2021-12-30 16:59:14 INFO  LoginFilter:56 - username- prateekm@aicofindia.com

2021-12-30 16:59:14 INFO  LoginFilter:56 - username- prateekm@aicofindia.com

2021-12-30 16:59:14 INFO  LoginFilter:56 - username- prateekm@aicofindia.com

2021-12-30 16:59:14 INFO  LoginFilter:56 - username- prateekm@aicofindia.com

2021-12-30 16:59:14 INFO  LoginFilter:56 - username- prateekm@aicofindia.com

2021-12-30 16:59:14 INFO  LoginFilter:56 - username- prateekm@aicofindia.com

2021-12-30 16:59:14 INFO  LoginFilter:56 - username- prateekm@aicofindia.com

2021-12-30 16:59:14 INFO  LoginFilter:56 - username- prateekm@aicofindia.com

2021-12-30 16:59:14 INFO  LoginFilter:56 - username- prateekm@aicofindia.com

2021-12-30 16:59:14 INFO  LoginFilter:56 - username- prateekm@aicofindia.com

2021-12-30 16:59:14 INFO  LoginFilter:56 - username- prateekm@aicofindia.com

2021-12-30 16:59:14 INFO  LoginFilter:56 - username- prateekm@aicofindia.com

2021-12-30 16:59:14 INFO  LoginFilter:56 - username- prateekm@aicofindia.com

2021-12-30 16:59:14 INFO  LoginFilter:56 - username- prateekm@aicofindia.com

2021-12-30 16:59:14 INFO  LoginFilter:56 - username- prateekm@aicofindia.com

2021-12-30 16:59:14 INFO  LoginFilter:56 - username- prateekm@aicofindia.com

2021-12-30 16:59:14 INFO  LoginFilter:56 - username- prateekm@aicofindia.com

2021-12-30 16:59:15 INFO  LoginFilter:56 - username- prateekm@aicofindia.com

2021-12-30 16:59:15 INFO  LoginFilter:56 - username- prateekm@aicofindia.com

2021-12-30 16:59:15 INFO  LoginFilter:56 - username- prateekm@aicofindia.com

2021-12-30 16:59:15 INFO  LoginFilter:56 - username- prateekm@aicofindia.com

2021-12-30 16:59:15 INFO  LoginFilter:56 - username- prateekm@aicofindia.com

2021-12-30 16:59:15 INFO  LoginFilter:56 - username- prateekm@aicofindia.com

2021-12-30 16:59:15 INFO  LoginFilter:56 - username- prateekm@aicofindia.com

2021-12-30 16:59:15 INFO  LoginFilter:56 - username- prateekm@aicofindia.com

2021-12-30 16:59:15 INFO  LoginFilter:56 - username- prateekm@aicofindia.com

2021-12-30 16:59:15 INFO  LoginFilter:56 - username- prateekm@aicofindia.com

2021-12-30 16:59:15 INFO  LoginFilter:56 - username- prateekm@aicofindia.com

2021-12-30 16:59:15 INFO  LoginFilter:56 - username- prateekm@aicofindia.com

2021-12-30 16:59:15 INFO  LoginFilter:56 - username- prateekm@aicofindia.com

2021-12-30 16:59:15 INFO  LoginFilter:56 - username- prateekm@aicofindia.com

2021-12-30 16:59:15 INFO  LoginFilter:56 - username- prateekm@aicofindia.com

2021-12-30 16:59:15 INFO  LoginFilter:56 - username- prateekm@aicofindia.com

2021-12-30 16:59:15 INFO  LoginFilter:56 - username- prateekm@aicofindia.com

2021-12-30 16:59:15 INFO  LoginFilter:56 - username- prateekm@aicofindia.com

2021-12-30 16:59:15 INFO  LoginFilter:56 - username- prateekm@aicofindia.com

2021-12-30 16:59:15 INFO  LoginFilter:56 - username- prateekm@aicofindia.com

2021-12-30 16:59:35 INFO  LoginFilter:56 - username- prateekm@aicofindia.com

2021-12-30 16:59:35 INFO  LoginFilter:56 - username- prateekm@aicofindia.com

2021-12-30 16:59:35 INFO  LoginFilter:56 - username- prateekm@aicofindia.com

2021-12-30 16:59:35 INFO  LoginFilter:56 - username- prateekm@aicofindia.com

2021-12-30 16:59:35 INFO  LoginFilter:56 - username- prateekm@aicofindia.com

2021-12-30 16:59:35 INFO  LoginFilter:56 - username- prateekm@aicofindia.com

2021-12-30 16:59:35 INFO  LoginFilter:56 - username- prateekm@aicofindia.com

2021-12-30 16:59:35 INFO  LoginFilter:56 - username- prateekm@aicofindia.com

2021-12-30 16:59:35 INFO  LoginFilter:56 - username- prateekm@aicofindia.com

2021-12-30 16:59:35 INFO  LoginFilter:56 - username- prateekm@aicofindia.com

2021-12-30 16:59:35 INFO  LoginFilter:56 - username- prateekm@aicofindia.com

2021-12-30 16:59:35 INFO  LoginFilter:56 - username- prateekm@aicofindia.com

2021-12-30 16:59:35 INFO  LoginFilter:56 - username- prateekm@aicofindia.com

2021-12-30 16:59:35 INFO  LoginFilter:56 - username- prateekm@aicofindia.com

2021-12-30 16:59:35 INFO  LoginFilter:56 - username- prateekm@aicofindia.com

2021-12-30 16:59:35 INFO  LoginFilter:56 - username- prateekm@aicofindia.com

2021-12-30 16:59:35 INFO  LoginFilter:56 - username- prateekm@aicofindia.com

2021-12-30 16:59:35 INFO  LoginFilter:56 - username- prateekm@aicofindia.com

2021-12-30 16:59:35 INFO  LoginFilter:56 - username- prateekm@aicofindia.com

2021-12-30 16:59:35 INFO  LoginFilter:56 - username- prateekm@aicofindia.com

2021-12-30 16:59:35 INFO  LoginFilter:56 - username- prateekm@aicofindia.com

2021-12-30 16:59:35 INFO  LoginFilter:56 - username- prateekm@aicofindia.com

2021-12-30 16:59:35 INFO  LoginFilter:56 - username- prateekm@aicofindia.com

2021-12-30 16:59:35 INFO  LoginFilter:56 - username- prateekm@aicofindia.com

2021-12-30 16:59:35 INFO  LoginFilter:56 - username- prateekm@aicofindia.com

2021-12-30 16:59:35 INFO  LoginFilter:56 - username- prateekm@aicofindia.com

2021-12-30 16:59:35 INFO  LoginFilter:56 - username- prateekm@aicofindia.com

2021-12-30 16:59:35 INFO  LoginFilter:56 - username- prateekm@aicofindia.com

2021-12-30 16:59:35 INFO  LoginFilter:56 - username- prateekm@aicofindia.com

2021-12-30 16:59:35 INFO  LoginFilter:56 - username- prateekm@aicofindia.com

2021-12-30 16:59:35 INFO  LoginFilter:56 - username- prateekm@aicofindia.com

2021-12-30 16:59:35 INFO  LoginFilter:56 - username- prateekm@aicofindia.com

2021-12-30 16:59:35 INFO  LoginFilter:56 - username- prateekm@aicofindia.com

2021-12-30 16:59:35 INFO  LoginFilter:56 - username- prateekm@aicofindia.com

2021-12-30 16:59:35 INFO  LoginFilter:56 - username- prateekm@aicofindia.com

2021-12-30 16:59:35 INFO  LoginFilter:56 - username- prateekm@aicofindia.com

2021-12-30 16:59:35 INFO  LoginFilter:56 - username- prateekm@aicofindia.com

2021-12-30 16:59:35 INFO  LoginFilter:56 - username- prateekm@aicofindia.com

2021-12-30 16:59:35 INFO  LoginFilter:56 - username- prateekm@aicofindia.com

2021-12-30 16:59:35 INFO  LoginFilter:56 - username- prateekm@aicofindia.com

2021-12-30 16:59:35 INFO  LoginFilter:56 - username- prateekm@aicofindia.com

2021-12-30 16:59:35 INFO  LoginFilter:56 - username- prateekm@aicofindia.com

2021-12-30 16:59:35 INFO  LoginFilter:56 - username- prateekm@aicofindia.com

2021-12-30 16:59:35 INFO  LoginFilter:56 - username- prateekm@aicofindia.com

2021-12-30 16:59:35 INFO  LoginFilter:56 - username- prateekm@aicofindia.com

2021-12-30 16:59:35 INFO  LoginFilter:56 - username- prateekm@aicofindia.com

2021-12-30 17:08:50 INFO  LoginFilter:56 - username- prateekm@aicofindia.com

2021-12-30 17:08:50 INFO  LoginFilter:56 - username- prateekm@aicofindia.com

2021-12-30 17:08:50 INFO  LoginFilter:56 - username- prateekm@aicofindia.com

2021-12-30 17:08:50 INFO  LoginFilter:56 - username- prateekm@aicofindia.com

2021-12-30 17:08:50 INFO  LoginFilter:56 - username- prateekm@aicofindia.com

2021-12-30 17:08:50 INFO  LoginFilter:56 - username- prateekm@aicofindia.com

2021-12-30 17:08:50 INFO  LoginFilter:56 - username- prateekm@aicofindia.com

2021-12-30 17:08:50 INFO  LoginFilter:56 - username- prateekm@aicofindia.com

2021-12-30 17:08:50 INFO  LoginFilter:56 - username- prateekm@aicofindia.com

2021-12-30 17:08:50 INFO  LoginFilter:56 - username- prateekm@aicofindia.com

2021-12-30 17:08:50 INFO  LoginFilter:56 - username- prateekm@aicofindia.com

2021-12-30 17:08:50 INFO  LoginFilter:56 - username- prateekm@aicofindia.com

2021-12-30 17:08:50 INFO  LoginFilter:56 - username- prateekm@aicofindia.com

2021-12-30 17:08:50 INFO  LoginFilter:56 - username- prateekm@aicofindia.com

2021-12-30 17:08:50 INFO  LoginFilter:56 - username- prateekm@aicofindia.com

2021-12-30 17:08:50 INFO  LoginFilter:56 - username- prateekm@aicofindia.com

2021-12-30 17:08:50 INFO  LoginFilter:56 - username- prateekm@aicofindia.com

2021-12-30 17:08:50 INFO  LoginFilter:56 - username- prateekm@aicofindia.com

2021-12-30 17:08:50 INFO  LoginFilter:56 - username- prateekm@aicofindia.com

2021-12-30 17:08:50 INFO  LoginFilter:56 - username- prateekm@aicofindia.com

2021-12-30 17:08:50 INFO  LoginFilter:56 - username- prateekm@aicofindia.com

2021-12-30 17:08:50 INFO  LoginFilter:56 - username- prateekm@aicofindia.com

2021-12-30 17:08:50 INFO  LoginFilter:56 - username- prateekm@aicofindia.com

2021-12-30 17:08:50 INFO  LoginFilter:56 - username- prateekm@aicofindia.com

2021-12-30 17:08:50 INFO  LoginFilter:56 - username- prateekm@aicofindia.com

2021-12-30 17:08:50 INFO  LoginFilter:56 - username- prateekm@aicofindia.com

2021-12-30 17:08:50 INFO  LoginFilter:56 - username- prateekm@aicofindia.com

2021-12-30 17:08:50 INFO  LoginFilter:56 - username- prateekm@aicofindia.com

2021-12-30 17:08:50 INFO  LoginFilter:56 - username- prateekm@aicofindia.com

2021-12-30 17:08:50 INFO  LoginFilter:56 - username- prateekm@aicofindia.com

2021-12-30 17:08:50 INFO  LoginFilter:56 - username- prateekm@aicofindia.com

2021-12-30 17:08:50 INFO  LoginFilter:56 - username- prateekm@aicofindia.com

2021-12-30 17:08:50 INFO  LoginFilter:56 - username- prateekm@aicofindia.com

2021-12-30 17:08:50 INFO  LoginFilter:56 - username- prateekm@aicofindia.com

2021-12-30 17:08:50 INFO  LoginFilter:56 - username- prateekm@aicofindia.com

2021-12-30 17:08:50 INFO  LoginFilter:56 - username- prateekm@aicofindia.com

2021-12-30 17:08:50 INFO  LoginFilter:56 - username- prateekm@aicofindia.com

2021-12-30 17:08:50 INFO  LoginFilter:56 - username- prateekm@aicofindia.com

2021-12-30 17:08:50 INFO  LoginFilter:56 - username- prateekm@aicofindia.com

2021-12-30 17:08:50 INFO  LoginFilter:56 - username- prateekm@aicofindia.com

2021-12-30 17:08:50 INFO  LoginFilter:56 - username- prateekm@aicofindia.com

2021-12-30 17:08:50 INFO  LoginFilter:56 - username- prateekm@aicofindia.com

2021-12-30 17:08:50 INFO  LoginFilter:56 - username- prateekm@aicofindia.com

2021-12-30 17:08:50 INFO  LoginFilter:56 - username- prateekm@aicofindia.com

2021-12-30 17:08:50 INFO  LoginFilter:56 - username- prateekm@aicofindia.com

2021-12-30 17:08:50 INFO  LoginFilter:56 - username- prateekm@aicofindia.com

2021-12-30 17:08:50 INFO  LoginFilter:56 - username- prateekm@aicofindia.com

2021-12-30 17:08:50 INFO  LoginFilter:56 - username- prateekm@aicofindia.com

2021-12-30 17:09:19 INFO  LoginFilter:56 - username- prateekm@aicofindia.com

2021-12-30 17:09:19 INFO  LoginFilter:56 - username- prateekm@aicofindia.com

2021-12-30 17:09:19 INFO  LoginFilter:56 - username- prateekm@aicofindia.com

2021-12-30 17:09:19 INFO  LoginFilter:56 - username- prateekm@aicofindia.com

2021-12-30 17:09:19 INFO  LoginFilter:56 - username- prateekm@aicofindia.com

2021-12-30 17:09:19 INFO  LoginFilter:56 - username- prateekm@aicofindia.com

2021-12-30 17:09:19 INFO  LoginFilter:56 - username- prateekm@aicofindia.com

2021-12-30 17:09:19 INFO  LoginFilter:56 - username- prateekm@aicofindia.com

2021-12-30 17:09:19 INFO  LoginFilter:56 - username- prateekm@aicofindia.com

2021-12-30 17:09:19 INFO  LoginFilter:56 - username- prateekm@aicofindia.com

2021-12-30 17:09:19 INFO  LoginFilter:56 - username- prateekm@aicofindia.com

2021-12-30 17:09:19 INFO  LoginFilter:56 - username- prateekm@aicofindia.com

2021-12-30 17:09:19 INFO  LoginFilter:56 - username- prateekm@aicofindia.com

2021-12-30 17:09:19 INFO  LoginFilter:56 - username- prateekm@aicofindia.com

2021-12-30 17:09:19 INFO  LoginFilter:56 - username- prateekm@aicofindia.com

2021-12-30 17:09:19 INFO  LoginFilter:56 - username- prateekm@aicofindia.com

2021-12-30 17:09:19 INFO  LoginFilter:56 - username- prateekm@aicofindia.com

2021-12-30 17:09:19 INFO  LoginFilter:56 - username- prateekm@aicofindia.com

2021-12-30 17:09:19 INFO  LoginFilter:56 - username- prateekm@aicofindia.com

2021-12-30 17:09:19 INFO  LoginFilter:56 - username- prateekm@aicofindia.com

2021-12-30 17:09:19 INFO  LoginFilter:56 - username- prateekm@aicofindia.com

2021-12-30 17:09:19 INFO  LoginFilter:56 - username- prateekm@aicofindia.com

2021-12-30 17:09:19 INFO  LoginFilter:56 - username- prateekm@aicofindia.com

2021-12-30 17:09:19 INFO  LoginFilter:56 - username- prateekm@aicofindia.com

2021-12-30 17:09:19 INFO  LoginFilter:56 - username- prateekm@aicofindia.com

2021-12-30 17:09:19 INFO  LoginFilter:56 - username- prateekm@aicofindia.com

2021-12-30 17:09:19 INFO  LoginFilter:56 - username- prateekm@aicofindia.com

2021-12-30 17:09:19 INFO  LoginFilter:56 - username- prateekm@aicofindia.com

2021-12-30 17:09:19 INFO  LoginFilter:56 - username- prateekm@aicofindia.com

2021-12-30 17:09:19 INFO  LoginFilter:56 - username- prateekm@aicofindia.com

2021-12-30 17:09:19 INFO  LoginFilter:56 - username- prateekm@aicofindia.com

2021-12-30 17:09:19 INFO  LoginFilter:56 - username- prateekm@aicofindia.com

2021-12-30 17:09:19 INFO  LoginFilter:56 - username- prateekm@aicofindia.com

2021-12-30 17:09:19 INFO  LoginFilter:56 - username- prateekm@aicofindia.com

2021-12-30 17:09:19 INFO  LoginFilter:56 - username- prateekm@aicofindia.com

2021-12-30 17:09:19 INFO  LoginFilter:56 - username- prateekm@aicofindia.com

2021-12-30 17:09:19 INFO  LoginFilter:56 - username- prateekm@aicofindia.com

2021-12-30 17:09:19 INFO  LoginFilter:56 - username- prateekm@aicofindia.com

2021-12-30 17:09:19 INFO  LoginFilter:56 - username- prateekm@aicofindia.com

2021-12-30 17:09:19 INFO  LoginFilter:56 - username- prateekm@aicofindia.com

2021-12-30 17:09:19 INFO  LoginFilter:56 - username- prateekm@aicofindia.com

2021-12-30 17:09:19 INFO  LoginFilter:56 - username- prateekm@aicofindia.com

2021-12-30 17:09:19 INFO  LoginFilter:56 - username- prateekm@aicofindia.com

2021-12-30 17:09:19 INFO  LoginFilter:56 - username- prateekm@aicofindia.com

2021-12-30 17:09:19 INFO  LoginFilter:56 - username- prateekm@aicofindia.com

2021-12-30 17:09:19 INFO  LoginFilter:56 - username- prateekm@aicofindia.com

2021-12-30 17:09:39 INFO  LoginFilter:56 - username- prateekm@aicofindia.com

2021-12-30 17:09:39 INFO  LoginFilter:56 - username- prateekm@aicofindia.com

2021-12-30 17:09:39 INFO  LoginFilter:56 - username- prateekm@aicofindia.com

2021-12-30 17:09:39 INFO  LoginFilter:56 - username- prateekm@aicofindia.com

2021-12-30 17:09:39 INFO  LoginFilter:56 - username- prateekm@aicofindia.com

2021-12-30 17:09:39 INFO  LoginFilter:56 - username- prateekm@aicofindia.com

2021-12-30 17:09:39 INFO  LoginFilter:56 - username- prateekm@aicofindia.com

2021-12-30 17:09:39 INFO  LoginFilter:56 - username- prateekm@aicofindia.com

2021-12-30 17:09:39 INFO  LoginFilter:56 - username- prateekm@aicofindia.com

2021-12-30 17:09:39 INFO  LoginFilter:56 - username- prateekm@aicofindia.com

2021-12-30 17:09:39 INFO  LoginFilter:56 - username- prateekm@aicofindia.com

2021-12-30 17:09:39 INFO  LoginFilter:56 - username- prateekm@aicofindia.com

2021-12-30 17:09:39 INFO  LoginFilter:56 - username- prateekm@aicofindia.com

2021-12-30 17:09:39 INFO  LoginFilter:56 - username- prateekm@aicofindia.com

2021-12-30 17:09:39 INFO  LoginFilter:56 - username- prateekm@aicofindia.com

2021-12-30 17:09:39 INFO  LoginFilter:56 - username- prateekm@aicofindia.com

2021-12-30 17:09:39 INFO  LoginFilter:56 - username- prateekm@aicofindia.com

2021-12-30 17:09:39 INFO  LoginFilter:56 - username- prateekm@aicofindia.com

2021-12-30 17:09:39 INFO  LoginFilter:56 - username- prateekm@aicofindia.com

2021-12-30 17:09:39 INFO  LoginFilter:56 - username- prateekm@aicofindia.com

2021-12-30 17:09:39 INFO  LoginFilter:56 - username- prateekm@aicofindia.com

2021-12-30 17:09:39 INFO  LoginFilter:56 - username- prateekm@aicofindia.com

2021-12-30 17:09:39 INFO  LoginFilter:56 - username- prateekm@aicofindia.com

2021-12-30 17:09:39 INFO  LoginFilter:56 - username- prateekm@aicofindia.com

2021-12-30 17:09:39 INFO  LoginFilter:56 - username- prateekm@aicofindia.com

2021-12-30 17:09:39 INFO  LoginFilter:56 - username- prateekm@aicofindia.com

2021-12-30 17:09:39 INFO  LoginFilter:56 - username- prateekm@aicofindia.com

2021-12-30 17:09:39 INFO  LoginFilter:56 - username- prateekm@aicofindia.com

2021-12-30 17:09:39 INFO  LoginFilter:56 - username- prateekm@aicofindia.com

2021-12-30 17:09:39 INFO  LoginFilter:56 - username- prateekm@aicofindia.com

2021-12-30 17:09:39 INFO  LoginFilter:56 - username- prateekm@aicofindia.com

2021-12-30 17:09:39 INFO  LoginFilter:56 - username- prateekm@aicofindia.com

2021-12-30 17:09:39 INFO  LoginFilter:56 - username- prateekm@aicofindia.com

2021-12-30 17:09:39 INFO  LoginFilter:56 - username- prateekm@aicofindia.com

2021-12-30 17:09:39 INFO  LoginFilter:56 - username- prateekm@aicofindia.com

2021-12-30 17:09:39 INFO  LoginFilter:56 - username- prateekm@aicofindia.com

2021-12-30 17:09:39 INFO  LoginFilter:56 - username- prateekm@aicofindia.com

2021-12-30 17:09:39 INFO  LoginFilter:56 - username- prateekm@aicofindia.com

2021-12-30 17:09:39 INFO  LoginFilter:56 - username- prateekm@aicofindia.com

2021-12-30 17:09:39 INFO  LoginFilter:56 - username- prateekm@aicofindia.com

2021-12-30 17:09:39 INFO  LoginFilter:56 - username- prateekm@aicofindia.com

2021-12-30 17:09:39 INFO  LoginFilter:56 - username- prateekm@aicofindia.com

2021-12-30 17:09:39 INFO  LoginFilter:56 - username- prateekm@aicofindia.com

2021-12-30 17:09:39 INFO  LoginFilter:56 - username- prateekm@aicofindia.com

2021-12-30 17:09:39 INFO  LoginFilter:56 - username- prateekm@aicofindia.com

2021-12-30 17:09:39 INFO  LoginFilter:56 - username- prateekm@aicofindia.com

