2021-08-10 21:04:27 INFO  UserDao:170 - User Validation successfull- prateekm@aicofindia.com

2021-08-10 21:04:27 INFO  LoginController:83 - Login successfull- prateekm@aicofindia.com

2021-08-10 21:04:27 INFO  LoginFilter:56 - username- prateekm@aicofindia.com

2021-08-10 21:04:27 INFO  LoginFilter:56 - username- prateekm@aicofindia.com

2021-08-10 21:04:27 INFO  LoginFilter:56 - username- prateekm@aicofindia.com

2021-08-10 21:04:27 INFO  LoginFilter:56 - username- prateekm@aicofindia.com

2021-08-10 21:04:27 INFO  LoginFilter:56 - username- prateekm@aicofindia.com

2021-08-10 21:04:27 INFO  LoginFilter:56 - username- prateekm@aicofindia.com

2021-08-10 21:04:27 INFO  LoginFilter:56 - username- prateekm@aicofindia.com

2021-08-10 21:04:27 INFO  LoginFilter:56 - username- prateekm@aicofindia.com

2021-08-10 21:04:27 INFO  LoginFilter:56 - username- prateekm@aicofindia.com

2021-08-10 21:04:27 INFO  LoginFilter:56 - username- prateekm@aicofindia.com

2021-08-10 21:04:27 INFO  LoginFilter:56 - username- prateekm@aicofindia.com

2021-08-10 21:04:27 INFO  LoginFilter:56 - username- prateekm@aicofindia.com

2021-08-10 21:04:27 INFO  LoginFilter:56 - username- prateekm@aicofindia.com

2021-08-10 21:04:27 INFO  LoginFilter:56 - username- prateekm@aicofindia.com

2021-08-10 21:04:27 INFO  LoginFilter:56 - username- prateekm@aicofindia.com

2021-08-10 21:04:27 INFO  LoginFilter:56 - username- prateekm@aicofindia.com

2021-08-10 21:04:27 INFO  LoginFilter:56 - username- prateekm@aicofindia.com

2021-08-10 21:04:27 INFO  LoginFilter:56 - username- prateekm@aicofindia.com

2021-08-10 21:04:27 INFO  LoginFilter:56 - username- prateekm@aicofindia.com

2021-08-10 21:04:27 INFO  LoginFilter:56 - username- prateekm@aicofindia.com

2021-08-10 21:04:27 INFO  LoginFilter:56 - username- prateekm@aicofindia.com

2021-08-10 21:04:27 INFO  LoginFilter:56 - username- prateekm@aicofindia.com

2021-08-10 21:04:27 INFO  LoginFilter:56 - username- prateekm@aicofindia.com

2021-08-10 21:04:27 INFO  LoginFilter:56 - username- prateekm@aicofindia.com

2021-08-10 21:04:27 INFO  LoginFilter:56 - username- prateekm@aicofindia.com

2021-08-10 21:04:27 INFO  LoginFilter:56 - username- prateekm@aicofindia.com

2021-08-10 21:04:27 INFO  LoginFilter:56 - username- prateekm@aicofindia.com

2021-08-10 21:04:27 INFO  LoginFilter:56 - username- prateekm@aicofindia.com

2021-08-10 21:04:27 INFO  LoginFilter:56 - username- prateekm@aicofindia.com

2021-08-10 21:04:27 INFO  LoginFilter:56 - username- prateekm@aicofindia.com

2021-08-10 21:04:27 INFO  LoginFilter:56 - username- prateekm@aicofindia.com

2021-08-10 21:04:27 INFO  LoginFilter:56 - username- prateekm@aicofindia.com

2021-08-10 21:04:27 INFO  LoginFilter:56 - username- prateekm@aicofindia.com

2021-08-10 21:04:27 INFO  LoginFilter:56 - username- prateekm@aicofindia.com

2021-08-10 21:04:27 INFO  LoginFilter:56 - username- prateekm@aicofindia.com

2021-08-10 21:04:27 INFO  LoginFilter:56 - username- prateekm@aicofindia.com

2021-08-10 21:04:27 INFO  LoginFilter:56 - username- prateekm@aicofindia.com

2021-08-10 21:04:27 INFO  LoginFilter:56 - username- prateekm@aicofindia.com

2021-08-10 21:04:27 INFO  LoginFilter:56 - username- prateekm@aicofindia.com

2021-08-10 21:04:27 INFO  LoginFilter:56 - username- prateekm@aicofindia.com

2021-08-10 21:04:27 INFO  LoginFilter:56 - username- prateekm@aicofindia.com

2021-08-10 21:04:27 INFO  LoginFilter:56 - username- prateekm@aicofindia.com

2021-08-10 21:04:27 INFO  LoginFilter:56 - username- prateekm@aicofindia.com

2021-08-10 21:04:27 INFO  LoginFilter:56 - username- prateekm@aicofindia.com

2021-08-10 21:04:34 INFO  LoginFilter:56 - username- prateekm@aicofindia.com

2021-08-10 21:04:34 INFO  LoginFilter:56 - username- prateekm@aicofindia.com

2021-08-10 21:04:34 INFO  LoginFilter:56 - username- prateekm@aicofindia.com

2021-08-10 21:04:57 INFO  LoginFilter:56 - username- prateekm@aicofindia.com

2021-08-10 21:04:57 INFO  LoginFilter:56 - username- prateekm@aicofindia.com

2021-08-10 21:05:11 INFO  LoginFilter:56 - username- prateekm@aicofindia.com

2021-08-10 21:05:11 INFO  LoginFilter:56 - username- prateekm@aicofindia.com

2021-08-10 21:05:11 INFO  LoginFilter:56 - username- prateekm@aicofindia.com

2021-08-10 21:09:04 INFO  LoginFilter:56 - username- prateekm@aicofindia.com

2021-08-10 21:09:06 INFO  LoginFilter:56 - username- prateekm@aicofindia.com

2021-08-10 21:09:06 INFO  LoginFilter:56 - username- prateekm@aicofindia.com

2021-08-10 21:18:59 INFO  UserDao:170 - User Validation successfull- prateekm@aicofindia.com

2021-08-10 21:18:59 INFO  LoginController:83 - Login successfull- prateekm@aicofindia.com

2021-08-10 21:18:59 INFO  LoginFilter:56 - username- prateekm@aicofindia.com

2021-08-10 21:18:59 INFO  LoginFilter:56 - username- prateekm@aicofindia.com

2021-08-10 21:19:00 INFO  LoginFilter:56 - username- prateekm@aicofindia.com

2021-08-10 21:19:00 INFO  LoginFilter:56 - username- prateekm@aicofindia.com

2021-08-10 21:19:00 INFO  LoginFilter:56 - username- prateekm@aicofindia.com

2021-08-10 21:19:00 INFO  LoginFilter:56 - username- prateekm@aicofindia.com

2021-08-10 21:19:00 INFO  LoginFilter:56 - username- prateekm@aicofindia.com

2021-08-10 21:19:00 INFO  LoginFilter:56 - username- prateekm@aicofindia.com

2021-08-10 21:19:00 INFO  LoginFilter:56 - username- prateekm@aicofindia.com

2021-08-10 21:19:00 INFO  LoginFilter:56 - username- prateekm@aicofindia.com

2021-08-10 21:19:00 INFO  LoginFilter:56 - username- prateekm@aicofindia.com

2021-08-10 21:19:00 INFO  LoginFilter:56 - username- prateekm@aicofindia.com

2021-08-10 21:19:00 INFO  LoginFilter:56 - username- prateekm@aicofindia.com

2021-08-10 21:19:00 INFO  LoginFilter:56 - username- prateekm@aicofindia.com

2021-08-10 21:19:00 INFO  LoginFilter:56 - username- prateekm@aicofindia.com

2021-08-10 21:19:00 INFO  LoginFilter:56 - username- prateekm@aicofindia.com

2021-08-10 21:19:00 INFO  LoginFilter:56 - username- prateekm@aicofindia.com

2021-08-10 21:19:00 INFO  LoginFilter:56 - username- prateekm@aicofindia.com

2021-08-10 21:19:00 INFO  LoginFilter:56 - username- prateekm@aicofindia.com

2021-08-10 21:19:00 INFO  LoginFilter:56 - username- prateekm@aicofindia.com

2021-08-10 21:19:00 INFO  LoginFilter:56 - username- prateekm@aicofindia.com

2021-08-10 21:19:00 INFO  LoginFilter:56 - username- prateekm@aicofindia.com

2021-08-10 21:19:00 INFO  LoginFilter:56 - username- prateekm@aicofindia.com

2021-08-10 21:19:00 INFO  LoginFilter:56 - username- prateekm@aicofindia.com

2021-08-10 21:19:00 INFO  LoginFilter:56 - username- prateekm@aicofindia.com

2021-08-10 21:19:00 INFO  LoginFilter:56 - username- prateekm@aicofindia.com

2021-08-10 21:19:00 INFO  LoginFilter:56 - username- prateekm@aicofindia.com

2021-08-10 21:19:00 INFO  LoginFilter:56 - username- prateekm@aicofindia.com

2021-08-10 21:19:00 INFO  LoginFilter:56 - username- prateekm@aicofindia.com

2021-08-10 21:19:00 INFO  LoginFilter:56 - username- prateekm@aicofindia.com

2021-08-10 21:19:00 INFO  LoginFilter:56 - username- prateekm@aicofindia.com

2021-08-10 21:19:00 INFO  LoginFilter:56 - username- prateekm@aicofindia.com

2021-08-10 21:19:00 INFO  LoginFilter:56 - username- prateekm@aicofindia.com

2021-08-10 21:19:00 INFO  LoginFilter:56 - username- prateekm@aicofindia.com

2021-08-10 21:19:00 INFO  LoginFilter:56 - username- prateekm@aicofindia.com

2021-08-10 21:19:00 INFO  LoginFilter:56 - username- prateekm@aicofindia.com

2021-08-10 21:19:00 INFO  LoginFilter:56 - username- prateekm@aicofindia.com

2021-08-10 21:19:00 INFO  LoginFilter:56 - username- prateekm@aicofindia.com

2021-08-10 21:19:00 INFO  LoginFilter:56 - username- prateekm@aicofindia.com

2021-08-10 21:19:00 INFO  LoginFilter:56 - username- prateekm@aicofindia.com

2021-08-10 21:19:00 INFO  LoginFilter:56 - username- prateekm@aicofindia.com

2021-08-10 21:19:00 INFO  LoginFilter:56 - username- prateekm@aicofindia.com

2021-08-10 21:19:00 INFO  LoginFilter:56 - username- prateekm@aicofindia.com

2021-08-10 21:19:00 INFO  LoginFilter:56 - username- prateekm@aicofindia.com

2021-08-10 21:19:03 INFO  LoginFilter:56 - username- prateekm@aicofindia.com

2021-08-10 21:19:03 INFO  LoginFilter:56 - username- prateekm@aicofindia.com

2021-08-10 21:19:03 INFO  LoginFilter:56 - username- prateekm@aicofindia.com

2021-08-10 21:19:26 INFO  LoginFilter:56 - username- prateekm@aicofindia.com

2021-08-10 21:19:26 INFO  LoginFilter:56 - username- prateekm@aicofindia.com

2021-08-10 21:19:40 ERROR EditDao:109 - java.sql.SQLSyntaxErrorException: Table 'wfms.user_details' doesn't exist

java.lang.Thread.getStackTrace(Thread.java:1552)
com.model.dao.EditDao.listIntermediary(EditDao.java:106)
com.controllers.servlet.editController.doGet(editController.java:45)
javax.servlet.http.HttpServlet.service(HttpServlet.java:626)
javax.servlet.http.HttpServlet.service(HttpServlet.java:733)
org.apache.catalina.core.ApplicationFilterChain.internalDoFilter(ApplicationFilterChain.java:227)
org.apache.catalina.core.ApplicationFilterChain.doFilter(ApplicationFilterChain.java:162)
org.apache.tomcat.websocket.server.WsFilter.doFilter(WsFilter.java:53)
org.apache.catalina.core.ApplicationFilterChain.internalDoFilter(ApplicationFilterChain.java:189)
org.apache.catalina.core.ApplicationFilterChain.doFilter(ApplicationFilterChain.java:162)
org.apache.catalina.core.StandardWrapperValve.invoke(StandardWrapperValve.java:202)
org.apache.catalina.core.StandardContextValve.invoke(StandardContextValve.java:97)
org.apache.catalina.authenticator.AuthenticatorBase.invoke(AuthenticatorBase.java:542)
org.apache.catalina.core.StandardHostValve.invoke(StandardHostValve.java:143)
org.apache.catalina.valves.ErrorReportValve.invoke(ErrorReportValve.java:92)
org.apache.catalina.valves.AbstractAccessLogValve.invoke(AbstractAccessLogValve.java:687)
org.apache.catalina.core.StandardEngineValve.invoke(StandardEngineValve.java:78)
org.apache.catalina.connector.CoyoteAdapter.service(CoyoteAdapter.java:346)
org.apache.coyote.http11.Http11Processor.service(Http11Processor.java:374)
org.apache.coyote.AbstractProcessorLight.process(AbstractProcessorLight.java:65)
org.apache.coyote.AbstractProtocol$ConnectionHandler.process(AbstractProtocol.java:887)
org.apache.tomcat.util.net.NioEndpoint$SocketProcessor.doRun(NioEndpoint.java:1684)
org.apache.tomcat.util.net.SocketProcessorBase.run(SocketProcessorBase.java:49)
java.util.concurrent.ThreadPoolExecutor.runWorker(ThreadPoolExecutor.java:1142)
java.util.concurrent.ThreadPoolExecutor$Worker.run(ThreadPoolExecutor.java:617)
org.apache.tomcat.util.threads.TaskThread$WrappingRunnable.run(TaskThread.java:61)
java.lang.Thread.run(Thread.java:745)

2021-08-10 21:19:40 INFO  LoginFilter:56 - username- prateekm@aicofindia.com

2021-08-10 21:19:44 INFO  LoginFilter:56 - username- prateekm@aicofindia.com

2021-08-10 21:19:44 INFO  LoginFilter:56 - username- prateekm@aicofindia.com

2021-08-10 21:22:04 ERROR EditDao:109 - java.sql.SQLSyntaxErrorException: Table 'wfms.user_details' doesn't exist

java.lang.Thread.getStackTrace(Thread.java:1552)
com.model.dao.EditDao.listIntermediary(EditDao.java:106)
com.controllers.servlet.editController.doGet(editController.java:45)
javax.servlet.http.HttpServlet.service(HttpServlet.java:626)
javax.servlet.http.HttpServlet.service(HttpServlet.java:733)
org.apache.catalina.core.ApplicationFilterChain.internalDoFilter(ApplicationFilterChain.java:227)
org.apache.catalina.core.ApplicationFilterChain.doFilter(ApplicationFilterChain.java:162)
org.apache.tomcat.websocket.server.WsFilter.doFilter(WsFilter.java:53)
org.apache.catalina.core.ApplicationFilterChain.internalDoFilter(ApplicationFilterChain.java:189)
org.apache.catalina.core.ApplicationFilterChain.doFilter(ApplicationFilterChain.java:162)
org.apache.catalina.core.StandardWrapperValve.invoke(StandardWrapperValve.java:202)
org.apache.catalina.core.StandardContextValve.invoke(StandardContextValve.java:97)
org.apache.catalina.authenticator.AuthenticatorBase.invoke(AuthenticatorBase.java:542)
org.apache.catalina.core.StandardHostValve.invoke(StandardHostValve.java:143)
org.apache.catalina.valves.ErrorReportValve.invoke(ErrorReportValve.java:92)
org.apache.catalina.valves.AbstractAccessLogValve.invoke(AbstractAccessLogValve.java:687)
org.apache.catalina.core.StandardEngineValve.invoke(StandardEngineValve.java:78)
org.apache.catalina.connector.CoyoteAdapter.service(CoyoteAdapter.java:346)
org.apache.coyote.http11.Http11Processor.service(Http11Processor.java:374)
org.apache.coyote.AbstractProcessorLight.process(AbstractProcessorLight.java:65)
org.apache.coyote.AbstractProtocol$ConnectionHandler.process(AbstractProtocol.java:887)
org.apache.tomcat.util.net.NioEndpoint$SocketProcessor.doRun(NioEndpoint.java:1684)
org.apache.tomcat.util.net.SocketProcessorBase.run(SocketProcessorBase.java:49)
java.util.concurrent.ThreadPoolExecutor.runWorker(ThreadPoolExecutor.java:1142)
java.util.concurrent.ThreadPoolExecutor$Worker.run(ThreadPoolExecutor.java:617)
org.apache.tomcat.util.threads.TaskThread$WrappingRunnable.run(TaskThread.java:61)
java.lang.Thread.run(Thread.java:745)

2021-08-10 21:22:04 INFO  LoginFilter:56 - username- prateekm@aicofindia.com

2021-08-10 21:22:05 INFO  LoginFilter:56 - username- prateekm@aicofindia.com

2021-08-10 21:22:05 INFO  LoginFilter:56 - username- prateekm@aicofindia.com

2021-08-10 21:23:59 INFO  LoginFilter:56 - username- prateekm@aicofindia.com

2021-08-10 21:23:59 INFO  LoginFilter:56 - username- prateekm@aicofindia.com

2021-08-10 21:23:59 INFO  LoginFilter:56 - username- prateekm@aicofindia.com

2021-08-10 21:37:16 INFO  UserDao:170 - User Validation successfull- prateekm@aicofindia.com

2021-08-10 21:37:16 INFO  LoginController:83 - Login successfull- prateekm@aicofindia.com

2021-08-10 21:37:16 INFO  LoginFilter:56 - username- prateekm@aicofindia.com

2021-08-10 21:37:16 INFO  LoginFilter:56 - username- prateekm@aicofindia.com

2021-08-10 21:37:17 INFO  LoginFilter:56 - username- prateekm@aicofindia.com

2021-08-10 21:37:17 INFO  LoginFilter:56 - username- prateekm@aicofindia.com

2021-08-10 21:37:17 INFO  LoginFilter:56 - username- prateekm@aicofindia.com

2021-08-10 21:37:17 INFO  LoginFilter:56 - username- prateekm@aicofindia.com

2021-08-10 21:37:17 INFO  LoginFilter:56 - username- prateekm@aicofindia.com

2021-08-10 21:37:17 INFO  LoginFilter:56 - username- prateekm@aicofindia.com

2021-08-10 21:37:17 INFO  LoginFilter:56 - username- prateekm@aicofindia.com

2021-08-10 21:37:17 INFO  LoginFilter:56 - username- prateekm@aicofindia.com

2021-08-10 21:37:17 INFO  LoginFilter:56 - username- prateekm@aicofindia.com

2021-08-10 21:37:17 INFO  LoginFilter:56 - username- prateekm@aicofindia.com

2021-08-10 21:37:17 INFO  LoginFilter:56 - username- prateekm@aicofindia.com

2021-08-10 21:37:17 INFO  LoginFilter:56 - username- prateekm@aicofindia.com

2021-08-10 21:37:17 INFO  LoginFilter:56 - username- prateekm@aicofindia.com

2021-08-10 21:37:17 INFO  LoginFilter:56 - username- prateekm@aicofindia.com

2021-08-10 21:37:17 INFO  LoginFilter:56 - username- prateekm@aicofindia.com

2021-08-10 21:37:17 INFO  LoginFilter:56 - username- prateekm@aicofindia.com

2021-08-10 21:37:17 INFO  LoginFilter:56 - username- prateekm@aicofindia.com

2021-08-10 21:37:17 INFO  LoginFilter:56 - username- prateekm@aicofindia.com

2021-08-10 21:37:17 INFO  LoginFilter:56 - username- prateekm@aicofindia.com

2021-08-10 21:37:17 INFO  LoginFilter:56 - username- prateekm@aicofindia.com

2021-08-10 21:37:17 INFO  LoginFilter:56 - username- prateekm@aicofindia.com

2021-08-10 21:37:17 INFO  LoginFilter:56 - username- prateekm@aicofindia.com

2021-08-10 21:37:17 INFO  LoginFilter:56 - username- prateekm@aicofindia.com

2021-08-10 21:37:17 INFO  LoginFilter:56 - username- prateekm@aicofindia.com

2021-08-10 21:37:17 INFO  LoginFilter:56 - username- prateekm@aicofindia.com

2021-08-10 21:37:17 INFO  LoginFilter:56 - username- prateekm@aicofindia.com

2021-08-10 21:37:17 INFO  LoginFilter:56 - username- prateekm@aicofindia.com

2021-08-10 21:37:17 INFO  LoginFilter:56 - username- prateekm@aicofindia.com

2021-08-10 21:37:17 INFO  LoginFilter:56 - username- prateekm@aicofindia.com

2021-08-10 21:37:17 INFO  LoginFilter:56 - username- prateekm@aicofindia.com

2021-08-10 21:37:17 INFO  LoginFilter:56 - username- prateekm@aicofindia.com

2021-08-10 21:37:17 INFO  LoginFilter:56 - username- prateekm@aicofindia.com

2021-08-10 21:37:17 INFO  LoginFilter:56 - username- prateekm@aicofindia.com

2021-08-10 21:37:17 INFO  LoginFilter:56 - username- prateekm@aicofindia.com

2021-08-10 21:37:17 INFO  LoginFilter:56 - username- prateekm@aicofindia.com

2021-08-10 21:37:17 INFO  LoginFilter:56 - username- prateekm@aicofindia.com

2021-08-10 21:37:17 INFO  LoginFilter:56 - username- prateekm@aicofindia.com

2021-08-10 21:37:17 INFO  LoginFilter:56 - username- prateekm@aicofindia.com

2021-08-10 21:37:17 INFO  LoginFilter:56 - username- prateekm@aicofindia.com

2021-08-10 21:37:17 INFO  LoginFilter:56 - username- prateekm@aicofindia.com

2021-08-10 21:37:17 INFO  LoginFilter:56 - username- prateekm@aicofindia.com

2021-08-10 21:37:17 INFO  LoginFilter:56 - username- prateekm@aicofindia.com

2021-08-10 21:37:23 INFO  LoginFilter:56 - username- prateekm@aicofindia.com

2021-08-10 21:37:23 INFO  LoginFilter:56 - username- prateekm@aicofindia.com

2021-08-10 21:37:23 INFO  LoginFilter:56 - username- prateekm@aicofindia.com

2021-08-10 21:37:45 INFO  LoginFilter:56 - username- prateekm@aicofindia.com

2021-08-10 21:37:45 INFO  LoginFilter:56 - username- prateekm@aicofindia.com

2021-08-10 21:37:57 INFO  LoginFilter:56 - username- prateekm@aicofindia.com

2021-08-10 21:37:57 INFO  LoginFilter:56 - username- prateekm@aicofindia.com

2021-08-10 21:37:57 INFO  LoginFilter:56 - username- prateekm@aicofindia.com

2021-08-10 21:46:52 INFO  LoginFilter:56 - username- prateekm@aicofindia.com

2021-08-10 21:46:54 INFO  LoginFilter:56 - username- prateekm@aicofindia.com

2021-08-10 21:46:54 INFO  LoginFilter:56 - username- prateekm@aicofindia.com

2021-08-10 21:52:03 INFO  LoginFilter:56 - username- prateekm@aicofindia.com

2021-08-10 21:52:03 INFO  LoginFilter:56 - username- prateekm@aicofindia.com

2021-08-10 21:52:03 INFO  LoginFilter:56 - username- prateekm@aicofindia.com

2021-08-10 21:52:13 INFO  LoginFilter:56 - username- prateekm@aicofindia.com

2021-08-10 21:52:13 INFO  LoginFilter:56 - username- prateekm@aicofindia.com

2021-08-10 22:00:47 INFO  LoginFilter:56 - username- prateekm@aicofindia.com

2021-08-10 22:00:48 INFO  LoginFilter:56 - username- prateekm@aicofindia.com

2021-08-10 22:00:48 INFO  LoginFilter:56 - username- prateekm@aicofindia.com

2021-08-10 22:02:02 INFO  LoginFilter:56 - username- prateekm@aicofindia.com

2021-08-10 22:02:02 INFO  LoginFilter:56 - username- prateekm@aicofindia.com

2021-08-10 22:02:02 INFO  LoginFilter:56 - username- prateekm@aicofindia.com

2021-08-10 22:08:16 INFO  LoginFilter:56 - username- prateekm@aicofindia.com

2021-08-10 22:08:16 INFO  LoginFilter:56 - username- prateekm@aicofindia.com

2021-08-10 22:08:16 INFO  LoginFilter:56 - username- prateekm@aicofindia.com

2021-08-10 22:08:33 INFO  LoginFilter:56 - username- prateekm@aicofindia.com

2021-08-10 22:08:34 INFO  LoginFilter:56 - username- prateekm@aicofindia.com

2021-08-10 22:08:34 INFO  LoginFilter:56 - username- prateekm@aicofindia.com

2021-08-10 22:09:09 INFO  LoginFilter:56 - username- prateekm@aicofindia.com

2021-08-10 22:09:09 INFO  LoginFilter:56 - username- prateekm@aicofindia.com

2021-08-10 22:20:59 INFO  UserDao:170 - User Validation successfull- prateekm@aicofindia.com

2021-08-10 22:20:59 INFO  LoginController:83 - Login successfull- prateekm@aicofindia.com

2021-08-10 22:20:59 INFO  LoginFilter:56 - username- prateekm@aicofindia.com

2021-08-10 22:20:59 INFO  LoginFilter:56 - username- prateekm@aicofindia.com

2021-08-10 22:20:59 INFO  LoginFilter:56 - username- prateekm@aicofindia.com

2021-08-10 22:20:59 INFO  LoginFilter:56 - username- prateekm@aicofindia.com

2021-08-10 22:20:59 INFO  LoginFilter:56 - username- prateekm@aicofindia.com

2021-08-10 22:20:59 INFO  LoginFilter:56 - username- prateekm@aicofindia.com

2021-08-10 22:20:59 INFO  LoginFilter:56 - username- prateekm@aicofindia.com

2021-08-10 22:20:59 INFO  LoginFilter:56 - username- prateekm@aicofindia.com

2021-08-10 22:20:59 INFO  LoginFilter:56 - username- prateekm@aicofindia.com

2021-08-10 22:20:59 INFO  LoginFilter:56 - username- prateekm@aicofindia.com

2021-08-10 22:20:59 INFO  LoginFilter:56 - username- prateekm@aicofindia.com

2021-08-10 22:20:59 INFO  LoginFilter:56 - username- prateekm@aicofindia.com

2021-08-10 22:20:59 INFO  LoginFilter:56 - username- prateekm@aicofindia.com

2021-08-10 22:20:59 INFO  LoginFilter:56 - username- prateekm@aicofindia.com

2021-08-10 22:20:59 INFO  LoginFilter:56 - username- prateekm@aicofindia.com

2021-08-10 22:20:59 INFO  LoginFilter:56 - username- prateekm@aicofindia.com

2021-08-10 22:20:59 INFO  LoginFilter:56 - username- prateekm@aicofindia.com

2021-08-10 22:20:59 INFO  LoginFilter:56 - username- prateekm@aicofindia.com

2021-08-10 22:20:59 INFO  LoginFilter:56 - username- prateekm@aicofindia.com

2021-08-10 22:20:59 INFO  LoginFilter:56 - username- prateekm@aicofindia.com

2021-08-10 22:20:59 INFO  LoginFilter:56 - username- prateekm@aicofindia.com

2021-08-10 22:20:59 INFO  LoginFilter:56 - username- prateekm@aicofindia.com

2021-08-10 22:20:59 INFO  LoginFilter:56 - username- prateekm@aicofindia.com

2021-08-10 22:20:59 INFO  LoginFilter:56 - username- prateekm@aicofindia.com

2021-08-10 22:20:59 INFO  LoginFilter:56 - username- prateekm@aicofindia.com

2021-08-10 22:20:59 INFO  LoginFilter:56 - username- prateekm@aicofindia.com

2021-08-10 22:20:59 INFO  LoginFilter:56 - username- prateekm@aicofindia.com

2021-08-10 22:20:59 INFO  LoginFilter:56 - username- prateekm@aicofindia.com

2021-08-10 22:20:59 INFO  LoginFilter:56 - username- prateekm@aicofindia.com

2021-08-10 22:20:59 INFO  LoginFilter:56 - username- prateekm@aicofindia.com

2021-08-10 22:20:59 INFO  LoginFilter:56 - username- prateekm@aicofindia.com

2021-08-10 22:20:59 INFO  LoginFilter:56 - username- prateekm@aicofindia.com

2021-08-10 22:20:59 INFO  LoginFilter:56 - username- prateekm@aicofindia.com

2021-08-10 22:20:59 INFO  LoginFilter:56 - username- prateekm@aicofindia.com

2021-08-10 22:20:59 INFO  LoginFilter:56 - username- prateekm@aicofindia.com

2021-08-10 22:20:59 INFO  LoginFilter:56 - username- prateekm@aicofindia.com

2021-08-10 22:20:59 INFO  LoginFilter:56 - username- prateekm@aicofindia.com

2021-08-10 22:20:59 INFO  LoginFilter:56 - username- prateekm@aicofindia.com

2021-08-10 22:20:59 INFO  LoginFilter:56 - username- prateekm@aicofindia.com

2021-08-10 22:20:59 INFO  LoginFilter:56 - username- prateekm@aicofindia.com

2021-08-10 22:20:59 INFO  LoginFilter:56 - username- prateekm@aicofindia.com

2021-08-10 22:20:59 INFO  LoginFilter:56 - username- prateekm@aicofindia.com

2021-08-10 22:22:41 INFO  LoginFilter:56 - username- prateekm@aicofindia.com

2021-08-10 22:22:41 INFO  LoginFilter:56 - username- prateekm@aicofindia.com

2021-08-10 22:22:41 INFO  LoginFilter:56 - username- prateekm@aicofindia.com

2021-08-10 22:23:04 INFO  LoginFilter:56 - username- prateekm@aicofindia.com

2021-08-10 22:23:04 INFO  LoginFilter:56 - username- prateekm@aicofindia.com

2021-08-10 22:24:39 INFO  LoginFilter:56 - username- prateekm@aicofindia.com

2021-08-10 22:24:39 INFO  LoginFilter:56 - username- prateekm@aicofindia.com

2021-08-10 22:24:39 INFO  LoginFilter:56 - username- prateekm@aicofindia.com

2021-08-10 22:25:57 ERROR EditDao:178 - java.sql.SQLException: No value specified for parameter 29

java.lang.Thread.getStackTrace(Thread.java:1552)
com.model.dao.EditDao.updateUser(EditDao.java:175)
com.controllers.servlet.editController.doPost(editController.java:133)
javax.servlet.http.HttpServlet.service(HttpServlet.java:652)
javax.servlet.http.HttpServlet.service(HttpServlet.java:733)
org.apache.catalina.core.ApplicationFilterChain.internalDoFilter(ApplicationFilterChain.java:227)
org.apache.catalina.core.ApplicationFilterChain.doFilter(ApplicationFilterChain.java:162)
org.apache.tomcat.websocket.server.WsFilter.doFilter(WsFilter.java:53)
org.apache.catalina.core.ApplicationFilterChain.internalDoFilter(ApplicationFilterChain.java:189)
org.apache.catalina.core.ApplicationFilterChain.doFilter(ApplicationFilterChain.java:162)
org.apache.catalina.core.StandardWrapperValve.invoke(StandardWrapperValve.java:202)
org.apache.catalina.core.StandardContextValve.invoke(StandardContextValve.java:97)
org.apache.catalina.authenticator.AuthenticatorBase.invoke(AuthenticatorBase.java:542)
org.apache.catalina.core.StandardHostValve.invoke(StandardHostValve.java:143)
org.apache.catalina.valves.ErrorReportValve.invoke(ErrorReportValve.java:92)
org.apache.catalina.valves.AbstractAccessLogValve.invoke(AbstractAccessLogValve.java:687)
org.apache.catalina.core.StandardEngineValve.invoke(StandardEngineValve.java:78)
org.apache.catalina.connector.CoyoteAdapter.service(CoyoteAdapter.java:346)
org.apache.coyote.http11.Http11Processor.service(Http11Processor.java:374)
org.apache.coyote.AbstractProcessorLight.process(AbstractProcessorLight.java:65)
org.apache.coyote.AbstractProtocol$ConnectionHandler.process(AbstractProtocol.java:887)
org.apache.tomcat.util.net.NioEndpoint$SocketProcessor.doRun(NioEndpoint.java:1684)
org.apache.tomcat.util.net.SocketProcessorBase.run(SocketProcessorBase.java:49)
java.util.concurrent.ThreadPoolExecutor.runWorker(ThreadPoolExecutor.java:1142)
java.util.concurrent.ThreadPoolExecutor$Worker.run(ThreadPoolExecutor.java:617)
org.apache.tomcat.util.threads.TaskThread$WrappingRunnable.run(TaskThread.java:61)
java.lang.Thread.run(Thread.java:745)

2021-08-10 22:25:57 INFO  LoginFilter:56 - username- prateekm@aicofindia.com

2021-08-10 22:25:57 INFO  LoginFilter:56 - username- prateekm@aicofindia.com

2021-08-10 22:25:57 INFO  LoginFilter:56 - username- prateekm@aicofindia.com

2021-08-10 22:25:57 INFO  LoginFilter:56 - username- prateekm@aicofindia.com

2021-08-10 22:25:57 INFO  LoginFilter:56 - username- prateekm@aicofindia.com

2021-08-10 22:25:57 INFO  LoginFilter:56 - username- prateekm@aicofindia.com

2021-08-10 22:25:57 INFO  LoginFilter:56 - username- prateekm@aicofindia.com

2021-08-10 22:25:57 INFO  LoginFilter:56 - username- prateekm@aicofindia.com

2021-08-10 22:25:57 INFO  LoginFilter:56 - username- prateekm@aicofindia.com

2021-08-10 22:25:57 INFO  LoginFilter:56 - username- prateekm@aicofindia.com

2021-08-10 22:25:57 INFO  LoginFilter:56 - username- prateekm@aicofindia.com

2021-08-10 22:25:57 INFO  LoginFilter:56 - username- prateekm@aicofindia.com

2021-08-10 22:25:57 INFO  LoginFilter:56 - username- prateekm@aicofindia.com

2021-08-10 22:25:57 INFO  LoginFilter:56 - username- prateekm@aicofindia.com

2021-08-10 22:25:57 INFO  LoginFilter:56 - username- prateekm@aicofindia.com

2021-08-10 22:25:57 INFO  LoginFilter:56 - username- prateekm@aicofindia.com

2021-08-10 22:25:57 INFO  LoginFilter:56 - username- prateekm@aicofindia.com

2021-08-10 22:25:57 INFO  LoginFilter:56 - username- prateekm@aicofindia.com

2021-08-10 22:25:57 INFO  LoginFilter:56 - username- prateekm@aicofindia.com

2021-08-10 22:25:57 INFO  LoginFilter:56 - username- prateekm@aicofindia.com

2021-08-10 22:25:57 INFO  LoginFilter:56 - username- prateekm@aicofindia.com

2021-08-10 22:25:57 INFO  LoginFilter:56 - username- prateekm@aicofindia.com

2021-08-10 22:25:57 INFO  LoginFilter:56 - username- prateekm@aicofindia.com

2021-08-10 22:25:57 INFO  LoginFilter:56 - username- prateekm@aicofindia.com

2021-08-10 22:25:57 INFO  LoginFilter:56 - username- prateekm@aicofindia.com

2021-08-10 22:25:57 INFO  LoginFilter:56 - username- prateekm@aicofindia.com

2021-08-10 22:25:57 INFO  LoginFilter:56 - username- prateekm@aicofindia.com

2021-08-10 22:25:57 INFO  LoginFilter:56 - username- prateekm@aicofindia.com

2021-08-10 22:25:57 INFO  LoginFilter:56 - username- prateekm@aicofindia.com

2021-08-10 22:25:57 INFO  LoginFilter:56 - username- prateekm@aicofindia.com

2021-08-10 22:25:57 INFO  LoginFilter:56 - username- prateekm@aicofindia.com

2021-08-10 22:25:57 INFO  LoginFilter:56 - username- prateekm@aicofindia.com

2021-08-10 22:25:57 INFO  LoginFilter:56 - username- prateekm@aicofindia.com

2021-08-10 22:25:57 INFO  LoginFilter:56 - username- prateekm@aicofindia.com

2021-08-10 22:25:57 INFO  LoginFilter:56 - username- prateekm@aicofindia.com

2021-08-10 22:25:57 INFO  LoginFilter:56 - username- prateekm@aicofindia.com

2021-08-10 22:25:57 INFO  LoginFilter:56 - username- prateekm@aicofindia.com

2021-08-10 22:25:57 INFO  LoginFilter:56 - username- prateekm@aicofindia.com

2021-08-10 22:25:57 INFO  LoginFilter:56 - username- prateekm@aicofindia.com

2021-08-10 22:25:57 INFO  LoginFilter:56 - username- prateekm@aicofindia.com

2021-08-10 22:25:58 INFO  LoginFilter:56 - username- prateekm@aicofindia.com

2021-08-10 22:25:58 INFO  LoginFilter:56 - username- prateekm@aicofindia.com

2021-08-10 22:26:11 INFO  LoginFilter:56 - username- prateekm@aicofindia.com

2021-08-10 22:26:11 INFO  LoginFilter:56 - username- prateekm@aicofindia.com

2021-08-10 22:26:11 INFO  LoginFilter:56 - username- prateekm@aicofindia.com

2021-08-10 22:31:15 INFO  UserDao:170 - User Validation successfull- prateekm@aicofindia.com

2021-08-10 22:31:16 INFO  LoginController:83 - Login successfull- prateekm@aicofindia.com

2021-08-10 22:31:16 INFO  LoginFilter:56 - username- prateekm@aicofindia.com

2021-08-10 22:31:16 INFO  LoginFilter:56 - username- prateekm@aicofindia.com

2021-08-10 22:31:16 INFO  LoginFilter:56 - username- prateekm@aicofindia.com

2021-08-10 22:31:16 INFO  LoginFilter:56 - username- prateekm@aicofindia.com

2021-08-10 22:31:16 INFO  LoginFilter:56 - username- prateekm@aicofindia.com

2021-08-10 22:31:16 INFO  LoginFilter:56 - username- prateekm@aicofindia.com

2021-08-10 22:31:16 INFO  LoginFilter:56 - username- prateekm@aicofindia.com

2021-08-10 22:31:16 INFO  LoginFilter:56 - username- prateekm@aicofindia.com

2021-08-10 22:31:16 INFO  LoginFilter:56 - username- prateekm@aicofindia.com

2021-08-10 22:31:16 INFO  LoginFilter:56 - username- prateekm@aicofindia.com

2021-08-10 22:31:16 INFO  LoginFilter:56 - username- prateekm@aicofindia.com

2021-08-10 22:31:16 INFO  LoginFilter:56 - username- prateekm@aicofindia.com

2021-08-10 22:31:16 INFO  LoginFilter:56 - username- prateekm@aicofindia.com

2021-08-10 22:31:16 INFO  LoginFilter:56 - username- prateekm@aicofindia.com

2021-08-10 22:31:16 INFO  LoginFilter:56 - username- prateekm@aicofindia.com

2021-08-10 22:31:16 INFO  LoginFilter:56 - username- prateekm@aicofindia.com

2021-08-10 22:31:16 INFO  LoginFilter:56 - username- prateekm@aicofindia.com

2021-08-10 22:31:16 INFO  LoginFilter:56 - username- prateekm@aicofindia.com

2021-08-10 22:31:16 INFO  LoginFilter:56 - username- prateekm@aicofindia.com

2021-08-10 22:31:16 INFO  LoginFilter:56 - username- prateekm@aicofindia.com

2021-08-10 22:31:16 INFO  LoginFilter:56 - username- prateekm@aicofindia.com

2021-08-10 22:31:16 INFO  LoginFilter:56 - username- prateekm@aicofindia.com

2021-08-10 22:31:16 INFO  LoginFilter:56 - username- prateekm@aicofindia.com

2021-08-10 22:31:16 INFO  LoginFilter:56 - username- prateekm@aicofindia.com

2021-08-10 22:31:16 INFO  LoginFilter:56 - username- prateekm@aicofindia.com

2021-08-10 22:31:16 INFO  LoginFilter:56 - username- prateekm@aicofindia.com

2021-08-10 22:31:16 INFO  LoginFilter:56 - username- prateekm@aicofindia.com

2021-08-10 22:31:16 INFO  LoginFilter:56 - username- prateekm@aicofindia.com

2021-08-10 22:31:16 INFO  LoginFilter:56 - username- prateekm@aicofindia.com

2021-08-10 22:31:16 INFO  LoginFilter:56 - username- prateekm@aicofindia.com

2021-08-10 22:31:16 INFO  LoginFilter:56 - username- prateekm@aicofindia.com

2021-08-10 22:31:16 INFO  LoginFilter:56 - username- prateekm@aicofindia.com

2021-08-10 22:31:16 INFO  LoginFilter:56 - username- prateekm@aicofindia.com

2021-08-10 22:31:16 INFO  LoginFilter:56 - username- prateekm@aicofindia.com

2021-08-10 22:31:16 INFO  LoginFilter:56 - username- prateekm@aicofindia.com

2021-08-10 22:31:16 INFO  LoginFilter:56 - username- prateekm@aicofindia.com

2021-08-10 22:31:16 INFO  LoginFilter:56 - username- prateekm@aicofindia.com

2021-08-10 22:31:16 INFO  LoginFilter:56 - username- prateekm@aicofindia.com

2021-08-10 22:31:16 INFO  LoginFilter:56 - username- prateekm@aicofindia.com

2021-08-10 22:31:16 INFO  LoginFilter:56 - username- prateekm@aicofindia.com

2021-08-10 22:31:16 INFO  LoginFilter:56 - username- prateekm@aicofindia.com

2021-08-10 22:31:16 INFO  LoginFilter:56 - username- prateekm@aicofindia.com

2021-08-10 22:31:16 INFO  LoginFilter:56 - username- prateekm@aicofindia.com

2021-08-10 22:31:16 INFO  LoginFilter:56 - username- prateekm@aicofindia.com

2021-08-10 22:31:20 INFO  LoginFilter:56 - username- prateekm@aicofindia.com

2021-08-10 22:31:20 INFO  LoginFilter:56 - username- prateekm@aicofindia.com

2021-08-10 22:31:20 INFO  LoginFilter:56 - username- prateekm@aicofindia.com

2021-08-10 22:31:43 INFO  LoginFilter:56 - username- prateekm@aicofindia.com

2021-08-10 22:31:43 INFO  LoginFilter:56 - username- prateekm@aicofindia.com

2021-08-10 22:32:01 INFO  LoginFilter:56 - username- prateekm@aicofindia.com

2021-08-10 22:32:02 INFO  LoginFilter:56 - username- prateekm@aicofindia.com

2021-08-10 22:32:02 INFO  LoginFilter:56 - username- prateekm@aicofindia.com

2021-08-10 22:33:41 ERROR EditDao:178 - java.sql.SQLException: No value specified for parameter 30

java.lang.Thread.getStackTrace(Thread.java:1552)
com.model.dao.EditDao.updateUser(EditDao.java:175)
com.controllers.servlet.editController.doPost(editController.java:133)
javax.servlet.http.HttpServlet.service(HttpServlet.java:652)
javax.servlet.http.HttpServlet.service(HttpServlet.java:733)
org.apache.catalina.core.ApplicationFilterChain.internalDoFilter(ApplicationFilterChain.java:227)
org.apache.catalina.core.ApplicationFilterChain.doFilter(ApplicationFilterChain.java:162)
org.apache.tomcat.websocket.server.WsFilter.doFilter(WsFilter.java:53)
org.apache.catalina.core.ApplicationFilterChain.internalDoFilter(ApplicationFilterChain.java:189)
org.apache.catalina.core.ApplicationFilterChain.doFilter(ApplicationFilterChain.java:162)
org.apache.catalina.core.StandardWrapperValve.invoke(StandardWrapperValve.java:202)
org.apache.catalina.core.StandardContextValve.invoke(StandardContextValve.java:97)
org.apache.catalina.authenticator.AuthenticatorBase.invoke(AuthenticatorBase.java:542)
org.apache.catalina.core.StandardHostValve.invoke(StandardHostValve.java:143)
org.apache.catalina.valves.ErrorReportValve.invoke(ErrorReportValve.java:92)
org.apache.catalina.valves.AbstractAccessLogValve.invoke(AbstractAccessLogValve.java:687)
org.apache.catalina.core.StandardEngineValve.invoke(StandardEngineValve.java:78)
org.apache.catalina.connector.CoyoteAdapter.service(CoyoteAdapter.java:346)
org.apache.coyote.http11.Http11Processor.service(Http11Processor.java:374)
org.apache.coyote.AbstractProcessorLight.process(AbstractProcessorLight.java:65)
org.apache.coyote.AbstractProtocol$ConnectionHandler.process(AbstractProtocol.java:887)
org.apache.tomcat.util.net.NioEndpoint$SocketProcessor.doRun(NioEndpoint.java:1684)
org.apache.tomcat.util.net.SocketProcessorBase.run(SocketProcessorBase.java:49)
java.util.concurrent.ThreadPoolExecutor.runWorker(ThreadPoolExecutor.java:1142)
java.util.concurrent.ThreadPoolExecutor$Worker.run(ThreadPoolExecutor.java:617)
org.apache.tomcat.util.threads.TaskThread$WrappingRunnable.run(TaskThread.java:61)
java.lang.Thread.run(Thread.java:745)

2021-08-10 22:33:41 INFO  LoginFilter:56 - username- prateekm@aicofindia.com

2021-08-10 22:33:41 INFO  LoginFilter:56 - username- prateekm@aicofindia.com

2021-08-10 22:33:41 INFO  LoginFilter:56 - username- prateekm@aicofindia.com

2021-08-10 22:33:41 INFO  LoginFilter:56 - username- prateekm@aicofindia.com

2021-08-10 22:33:41 INFO  LoginFilter:56 - username- prateekm@aicofindia.com

2021-08-10 22:33:41 INFO  LoginFilter:56 - username- prateekm@aicofindia.com

2021-08-10 22:33:41 INFO  LoginFilter:56 - username- prateekm@aicofindia.com

2021-08-10 22:33:41 INFO  LoginFilter:56 - username- prateekm@aicofindia.com

2021-08-10 22:33:41 INFO  LoginFilter:56 - username- prateekm@aicofindia.com

2021-08-10 22:33:41 INFO  LoginFilter:56 - username- prateekm@aicofindia.com

2021-08-10 22:33:42 INFO  LoginFilter:56 - username- prateekm@aicofindia.com

2021-08-10 22:33:41 INFO  LoginFilter:56 - username- prateekm@aicofindia.com

2021-08-10 22:33:42 INFO  LoginFilter:56 - username- prateekm@aicofindia.com

2021-08-10 22:33:42 INFO  LoginFilter:56 - username- prateekm@aicofindia.com

2021-08-10 22:33:42 INFO  LoginFilter:56 - username- prateekm@aicofindia.com

2021-08-10 22:33:42 INFO  LoginFilter:56 - username- prateekm@aicofindia.com

2021-08-10 22:33:42 INFO  LoginFilter:56 - username- prateekm@aicofindia.com

2021-08-10 22:33:42 INFO  LoginFilter:56 - username- prateekm@aicofindia.com

2021-08-10 22:33:42 INFO  LoginFilter:56 - username- prateekm@aicofindia.com

2021-08-10 22:33:42 INFO  LoginFilter:56 - username- prateekm@aicofindia.com

2021-08-10 22:33:42 INFO  LoginFilter:56 - username- prateekm@aicofindia.com

2021-08-10 22:33:42 INFO  LoginFilter:56 - username- prateekm@aicofindia.com

2021-08-10 22:33:42 INFO  LoginFilter:56 - username- prateekm@aicofindia.com

2021-08-10 22:33:42 INFO  LoginFilter:56 - username- prateekm@aicofindia.com

2021-08-10 22:33:42 INFO  LoginFilter:56 - username- prateekm@aicofindia.com

2021-08-10 22:33:42 INFO  LoginFilter:56 - username- prateekm@aicofindia.com

2021-08-10 22:33:42 INFO  LoginFilter:56 - username- prateekm@aicofindia.com

2021-08-10 22:33:42 INFO  LoginFilter:56 - username- prateekm@aicofindia.com

2021-08-10 22:33:42 INFO  LoginFilter:56 - username- prateekm@aicofindia.com

2021-08-10 22:33:42 INFO  LoginFilter:56 - username- prateekm@aicofindia.com

2021-08-10 22:33:42 INFO  LoginFilter:56 - username- prateekm@aicofindia.com

2021-08-10 22:33:42 INFO  LoginFilter:56 - username- prateekm@aicofindia.com

2021-08-10 22:33:42 INFO  LoginFilter:56 - username- prateekm@aicofindia.com

2021-08-10 22:33:42 INFO  LoginFilter:56 - username- prateekm@aicofindia.com

2021-08-10 22:33:42 INFO  LoginFilter:56 - username- prateekm@aicofindia.com

2021-08-10 22:33:42 INFO  LoginFilter:56 - username- prateekm@aicofindia.com

2021-08-10 22:33:42 INFO  LoginFilter:56 - username- prateekm@aicofindia.com

2021-08-10 22:33:42 INFO  LoginFilter:56 - username- prateekm@aicofindia.com

2021-08-10 22:33:42 INFO  LoginFilter:56 - username- prateekm@aicofindia.com

2021-08-10 22:33:42 INFO  LoginFilter:56 - username- prateekm@aicofindia.com

2021-08-10 22:33:42 INFO  LoginFilter:56 - username- prateekm@aicofindia.com

2021-08-10 22:33:42 INFO  LoginFilter:56 - username- prateekm@aicofindia.com

2021-08-10 22:33:44 INFO  LoginFilter:56 - username- prateekm@aicofindia.com

2021-08-10 22:33:44 INFO  LoginFilter:56 - username- prateekm@aicofindia.com

2021-08-10 22:33:44 INFO  LoginFilter:56 - username- prateekm@aicofindia.com

2021-08-10 22:46:14 INFO  LoginFilter:56 - username- prateekm@aicofindia.com

2021-08-10 22:46:14 INFO  LoginFilter:56 - username- prateekm@aicofindia.com

2021-08-10 22:46:14 INFO  LoginFilter:56 - username- prateekm@aicofindia.com

2021-08-10 22:46:32 INFO  LoginFilter:56 - username- prateekm@aicofindia.com

2021-08-10 22:46:32 INFO  LoginFilter:56 - username- prateekm@aicofindia.com

